[0.008s] Invoking command in '/home/aravind/mp_ws/build/mp_controller': CMAKE_PREFIX_PATH=/opt/ros/humble /usr/bin/cmake --build /home/aravind/mp_ws/build/mp_controller -- -j12 -l12
[0.028s] -- Found ament_cmake: 1.3.11 (/opt/ros/humble/share/ament_cmake/cmake)
[0.139s] -- Found ament_lint_auto: 0.12.11 (/opt/ros/humble/share/ament_lint_auto/cmake)
[0.181s] -- Added test 'lint_cmake' to check CMake code style
[0.181s] -- Added test 'xmllint' to check XML markup files
[0.181s] -- Configuring done
[0.183s] -- Generating done
[0.184s] -- Build files have been written to: /home/aravind/mp_ws/build/mp_controller
[0.205s] Invoked command in '/home/aravind/mp_ws/build/mp_controller' returned '0': CMAKE_PREFIX_PATH=/opt/ros/humble /usr/bin/cmake --build /home/aravind/mp_ws/build/mp_controller -- -j12 -l12
[0.208s] Invoking command in '/home/aravind/mp_ws/build/mp_controller': CMAKE_PREFIX_PATH=/opt/ros/humble /usr/bin/cmake --install /home/aravind/mp_ws/build/mp_controller
[0.215s] -- Install configuration: ""
[0.215s] -- Installing: /home/aravind/mp_ws/install/mp_controller/share/mp_controller/config
[0.216s] -- Installing: /home/aravind/mp_ws/install/mp_controller/share/mp_controller/config/mp_controllers.yaml
[0.216s] -- Up-to-date: /home/aravind/mp_ws/install/mp_controller/share/ament_index/resource_index/package_run_dependencies/mp_controller
[0.216s] -- Up-to-date: /home/aravind/mp_ws/install/mp_controller/share/ament_index/resource_index/parent_prefix_path/mp_controller
[0.216s] -- Up-to-date: /home/aravind/mp_ws/install/mp_controller/share/mp_controller/environment/ament_prefix_path.sh
[0.216s] -- Installing: /home/aravind/mp_ws/install/mp_controller/share/mp_controller/environment/ament_prefix_path.dsv
[0.216s] -- Up-to-date: /home/aravind/mp_ws/install/mp_controller/share/mp_controller/environment/path.sh
[0.216s] -- Installing: /home/aravind/mp_ws/install/mp_controller/share/mp_controller/environment/path.dsv
[0.216s] -- Up-to-date: /home/aravind/mp_ws/install/mp_controller/share/mp_controller/local_setup.bash
[0.216s] -- Up-to-date: /home/aravind/mp_ws/install/mp_controller/share/mp_controller/local_setup.sh
[0.216s] -- Up-to-date: /home/aravind/mp_ws/install/mp_controller/share/mp_controller/local_setup.zsh
[0.217s] -- Installing: /home/aravind/mp_ws/install/mp_controller/share/mp_controller/local_setup.dsv
[0.217s] -- Installing: /home/aravind/mp_ws/install/mp_controller/share/mp_controller/package.dsv
[0.218s] -- Up-to-date: /home/aravind/mp_ws/install/mp_controller/share/ament_index/resource_index/packages/mp_controller
[0.218s] -- Up-to-date: /home/aravind/mp_ws/install/mp_controller/share/mp_controller/cmake/mp_controllerConfig.cmake
[0.218s] -- Up-to-date: /home/aravind/mp_ws/install/mp_controller/share/mp_controller/cmake/mp_controllerConfig-version.cmake
[0.218s] -- Up-to-date: /home/aravind/mp_ws/install/mp_controller/share/mp_controller/package.xml
[0.219s] Invoked command in '/home/aravind/mp_ws/build/mp_controller' returned '0': CMAKE_PREFIX_PATH=/opt/ros/humble /usr/bin/cmake --install /home/aravind/mp_ws/build/mp_controller
