[0.006s] Invoking command in '/home/aravind/mp_ws/build/mp_description': CMAKE_PREFIX_PATH=/opt/ros/humble /usr/bin/cmake /home/aravind/mp_ws/src/mp_description -DCMAKE_INSTALL_PREFIX=/home/aravind/mp_ws/install/mp_description
[0.115s] -- The C compiler identification is GNU 11.4.0
[0.211s] -- The CXX compiler identification is GNU 11.4.0
[0.220s] -- Detecting C compiler ABI info
[0.302s] -- Detecting C compiler ABI info - done
[0.307s] -- Check for working C compiler: /usr/bin/cc - skipped
[0.308s] -- Detecting C compile features
[0.308s] -- Detecting C compile features - done
[0.310s] -- Detecting CXX compiler ABI info
[0.393s] -- Detecting CXX compiler ABI info - done
[0.401s] -- Check for working CXX compiler: /usr/bin/c++ - skipped
[0.401s] -- Detecting CXX compile features
[0.402s] -- Detecting CXX compile features - done
[0.406s] -- Found ament_cmake: 1.3.11 (/opt/ros/humble/share/ament_cmake/cmake)
[0.540s] -- Found Python3: /usr/bin/python3 (found version "3.10.12") found components: Interpreter 
[0.631s] -- Found ament_lint_auto: 0.12.11 (/opt/ros/humble/share/ament_lint_auto/cmake)
[0.700s] -- Added test 'lint_cmake' to check CMake code style
[0.701s] -- Added test 'xmllint' to check XML markup files
[0.702s] -- Configuring done
[0.703s] -- Generating done
[0.704s] -- Build files have been written to: /home/aravind/mp_ws/build/mp_description
[0.707s] Invoked command in '/home/aravind/mp_ws/build/mp_description' returned '0': CMAKE_PREFIX_PATH=/opt/ros/humble /usr/bin/cmake /home/aravind/mp_ws/src/mp_description -DCMAKE_INSTALL_PREFIX=/home/aravind/mp_ws/install/mp_description
[0.708s] Invoking command in '/home/aravind/mp_ws/build/mp_description': CMAKE_PREFIX_PATH=/opt/ros/humble /usr/bin/cmake --build /home/aravind/mp_ws/build/mp_description -- -j12 -l12
[0.744s] Invoked command in '/home/aravind/mp_ws/build/mp_description' returned '0': CMAKE_PREFIX_PATH=/opt/ros/humble /usr/bin/cmake --build /home/aravind/mp_ws/build/mp_description -- -j12 -l12
[0.752s] Invoking command in '/home/aravind/mp_ws/build/mp_description': CMAKE_PREFIX_PATH=/opt/ros/humble /usr/bin/cmake --install /home/aravind/mp_ws/build/mp_description
[0.765s] -- Install configuration: ""
[0.765s] -- Installing: /home/aravind/mp_ws/install/mp_description/share/ament_index/resource_index/package_run_dependencies/mp_description
[0.765s] -- Installing: /home/aravind/mp_ws/install/mp_description/share/ament_index/resource_index/parent_prefix_path/mp_description
[0.765s] -- Installing: /home/aravind/mp_ws/install/mp_description/share/mp_description/environment/ament_prefix_path.sh
[0.765s] -- Installing: /home/aravind/mp_ws/install/mp_description/share/mp_description/environment/ament_prefix_path.dsv
[0.765s] -- Installing: /home/aravind/mp_ws/install/mp_description/share/mp_description/environment/path.sh
[0.765s] -- Installing: /home/aravind/mp_ws/install/mp_description/share/mp_description/environment/path.dsv
[0.765s] -- Installing: /home/aravind/mp_ws/install/mp_description/share/mp_description/local_setup.bash
[0.765s] -- Installing: /home/aravind/mp_ws/install/mp_description/share/mp_description/local_setup.sh
[0.765s] -- Installing: /home/aravind/mp_ws/install/mp_description/share/mp_description/local_setup.zsh
[0.766s] -- Installing: /home/aravind/mp_ws/install/mp_description/share/mp_description/local_setup.dsv
[0.766s] -- Installing: /home/aravind/mp_ws/install/mp_description/share/mp_description/package.dsv
[0.766s] -- Installing: /home/aravind/mp_ws/install/mp_description/share/ament_index/resource_index/packages/mp_description
[0.766s] -- Installing: /home/aravind/mp_ws/install/mp_description/share/mp_description/cmake/mp_descriptionConfig.cmake
[0.766s] -- Installing: /home/aravind/mp_ws/install/mp_description/share/mp_description/cmake/mp_descriptionConfig-version.cmake
[0.766s] -- Installing: /home/aravind/mp_ws/install/mp_description/share/mp_description/package.xml
[0.768s] Invoked command in '/home/aravind/mp_ws/build/mp_description' returned '0': CMAKE_PREFIX_PATH=/opt/ros/humble /usr/bin/cmake --install /home/aravind/mp_ws/build/mp_description
