[0.059s] DEBUG:colcon:Command line arguments: ['/usr/bin/colcon', 'build']
[0.059s] DEBUG:colcon:Parsed command line arguments: Namespace(log_base=None, log_level=None, verb_name='build', build_base='build', install_base='install', merge_install=False, symlink_install=False, test_result_base=None, continue_on_error=False, executor='parallel', parallel_workers=12, event_handlers=None, ignore_user_meta=False, metas=['./colcon.meta'], base_paths=['.'], packages_ignore=None, packages_ignore_regex=None, paths=None, packages_up_to=None, packages_up_to_regex=None, packages_above=None, packages_above_and_dependencies=None, packages_above_depth=None, packages_select_by_dep=None, packages_skip_by_dep=None, packages_skip_up_to=None, packages_select_build_failed=False, packages_skip_build_finished=False, packages_select_test_failures=False, packages_skip_test_passed=False, packages_select=None, packages_skip=None, packages_select_regex=None, packages_skip_regex=None, packages_start=None, packages_end=None, allow_overriding=[], cmake_args=None, cmake_target=None, cmake_target_skip_unavailable=False, cmake_clean_cache=False, cmake_clean_first=False, cmake_force_configure=False, ament_cmake_args=None, catkin_cmake_args=None, catkin_skip_building_tests=False, mixin_files=None, mixin=None, verb_parser=<colcon_mixin.mixin.mixin_argument.MixinArgumentDecorator object at 0x7b00f5d557e0>, verb_extension=<colcon_core.verb.build.BuildVerb object at 0x7b00f5e42710>, main=<bound method BuildVerb.main of <colcon_core.verb.build.BuildVerb object at 0x7b00f5e42710>>, mixin_verb=('build',))
[0.164s] Level 1:colcon.colcon_core.package_discovery:discover_packages(colcon_meta) check parameters
[0.165s] Level 1:colcon.colcon_core.package_discovery:discover_packages(recursive) check parameters
[0.165s] Level 1:colcon.colcon_core.package_discovery:discover_packages(ignore) check parameters
[0.165s] Level 1:colcon.colcon_core.package_discovery:discover_packages(path) check parameters
[0.165s] Level 1:colcon.colcon_core.package_discovery:discover_packages(colcon_meta) discover
[0.165s] Level 1:colcon.colcon_core.package_discovery:discover_packages(recursive) discover
[0.165s] INFO:colcon.colcon_core.package_discovery:Crawling recursively for packages in '/home/aravind/mp_ws'
[0.165s] Level 1:colcon.colcon_core.package_identification:_identify(.) by extensions ['ignore', 'ignore_ament_install']
[0.165s] Level 1:colcon.colcon_core.package_identification:_identify(.) by extension 'ignore'
[0.165s] Level 1:colcon.colcon_core.package_identification:_identify(.) by extension 'ignore_ament_install'
[0.165s] Level 1:colcon.colcon_core.package_identification:_identify(.) by extensions ['colcon_pkg']
[0.165s] Level 1:colcon.colcon_core.package_identification:_identify(.) by extension 'colcon_pkg'
[0.165s] Level 1:colcon.colcon_core.package_identification:_identify(.) by extensions ['colcon_meta']
[0.165s] Level 1:colcon.colcon_core.package_identification:_identify(.) by extension 'colcon_meta'
[0.165s] Level 1:colcon.colcon_core.package_identification:_identify(.) by extensions ['ros']
[0.165s] Level 1:colcon.colcon_core.package_identification:_identify(.) by extension 'ros'
[0.171s] Level 1:colcon.colcon_core.package_identification:_identify(.) by extensions ['cmake', 'python']
[0.171s] Level 1:colcon.colcon_core.package_identification:_identify(.) by extension 'cmake'
[0.171s] Level 1:colcon.colcon_core.package_identification:_identify(.) by extension 'python'
[0.171s] Level 1:colcon.colcon_core.package_identification:_identify(.) by extensions ['python_setup_py']
[0.171s] Level 1:colcon.colcon_core.package_identification:_identify(.) by extension 'python_setup_py'
[0.171s] Level 1:colcon.colcon_core.package_identification:_identify(build) by extensions ['ignore', 'ignore_ament_install']
[0.171s] Level 1:colcon.colcon_core.package_identification:_identify(build) by extension 'ignore'
[0.172s] Level 1:colcon.colcon_core.package_identification:_identify(build) ignored
[0.172s] Level 1:colcon.colcon_core.package_identification:_identify(install) by extensions ['ignore', 'ignore_ament_install']
[0.172s] Level 1:colcon.colcon_core.package_identification:_identify(install) by extension 'ignore'
[0.172s] Level 1:colcon.colcon_core.package_identification:_identify(install) ignored
[0.172s] Level 1:colcon.colcon_core.package_identification:_identify(log) by extensions ['ignore', 'ignore_ament_install']
[0.172s] Level 1:colcon.colcon_core.package_identification:_identify(log) by extension 'ignore'
[0.172s] Level 1:colcon.colcon_core.package_identification:_identify(log) ignored
[0.172s] Level 1:colcon.colcon_core.package_identification:_identify(src) by extensions ['ignore', 'ignore_ament_install']
[0.172s] Level 1:colcon.colcon_core.package_identification:_identify(src) by extension 'ignore'
[0.172s] Level 1:colcon.colcon_core.package_identification:_identify(src) by extension 'ignore_ament_install'
[0.172s] Level 1:colcon.colcon_core.package_identification:_identify(src) by extensions ['colcon_pkg']
[0.172s] Level 1:colcon.colcon_core.package_identification:_identify(src) by extension 'colcon_pkg'
[0.172s] Level 1:colcon.colcon_core.package_identification:_identify(src) by extensions ['colcon_meta']
[0.172s] Level 1:colcon.colcon_core.package_identification:_identify(src) by extension 'colcon_meta'
[0.172s] Level 1:colcon.colcon_core.package_identification:_identify(src) by extensions ['ros']
[0.172s] Level 1:colcon.colcon_core.package_identification:_identify(src) by extension 'ros'
[0.172s] Level 1:colcon.colcon_core.package_identification:_identify(src) by extensions ['cmake', 'python']
[0.172s] Level 1:colcon.colcon_core.package_identification:_identify(src) by extension 'cmake'
[0.172s] Level 1:colcon.colcon_core.package_identification:_identify(src) by extension 'python'
[0.172s] Level 1:colcon.colcon_core.package_identification:_identify(src) by extensions ['python_setup_py']
[0.172s] Level 1:colcon.colcon_core.package_identification:_identify(src) by extension 'python_setup_py'
[0.172s] Level 1:colcon.colcon_core.package_identification:_identify(src/mp_controller) by extensions ['ignore', 'ignore_ament_install']
[0.172s] Level 1:colcon.colcon_core.package_identification:_identify(src/mp_controller) by extension 'ignore'
[0.172s] Level 1:colcon.colcon_core.package_identification:_identify(src/mp_controller) by extension 'ignore_ament_install'
[0.172s] Level 1:colcon.colcon_core.package_identification:_identify(src/mp_controller) by extensions ['colcon_pkg']
[0.172s] Level 1:colcon.colcon_core.package_identification:_identify(src/mp_controller) by extension 'colcon_pkg'
[0.172s] Level 1:colcon.colcon_core.package_identification:_identify(src/mp_controller) by extensions ['colcon_meta']
[0.172s] Level 1:colcon.colcon_core.package_identification:_identify(src/mp_controller) by extension 'colcon_meta'
[0.172s] Level 1:colcon.colcon_core.package_identification:_identify(src/mp_controller) by extensions ['ros']
[0.172s] Level 1:colcon.colcon_core.package_identification:_identify(src/mp_controller) by extension 'ros'
[0.174s] DEBUG:colcon.colcon_core.package_identification:Package 'src/mp_controller' with type 'ros.ament_cmake' and name 'mp_controller'
[0.174s] Level 1:colcon.colcon_core.package_identification:_identify(src/mp_description) by extensions ['ignore', 'ignore_ament_install']
[0.174s] Level 1:colcon.colcon_core.package_identification:_identify(src/mp_description) by extension 'ignore'
[0.174s] Level 1:colcon.colcon_core.package_identification:_identify(src/mp_description) by extension 'ignore_ament_install'
[0.174s] Level 1:colcon.colcon_core.package_identification:_identify(src/mp_description) by extensions ['colcon_pkg']
[0.174s] Level 1:colcon.colcon_core.package_identification:_identify(src/mp_description) by extension 'colcon_pkg'
[0.174s] Level 1:colcon.colcon_core.package_identification:_identify(src/mp_description) by extensions ['colcon_meta']
[0.174s] Level 1:colcon.colcon_core.package_identification:_identify(src/mp_description) by extension 'colcon_meta'
[0.174s] Level 1:colcon.colcon_core.package_identification:_identify(src/mp_description) by extensions ['ros']
[0.174s] Level 1:colcon.colcon_core.package_identification:_identify(src/mp_description) by extension 'ros'
[0.174s] DEBUG:colcon.colcon_core.package_identification:Package 'src/mp_description' with type 'ros.ament_cmake' and name 'mp_description'
[0.174s] Level 1:colcon.colcon_core.package_identification:_identify(src/mp_moveit) by extensions ['ignore', 'ignore_ament_install']
[0.174s] Level 1:colcon.colcon_core.package_identification:_identify(src/mp_moveit) by extension 'ignore'
[0.175s] Level 1:colcon.colcon_core.package_identification:_identify(src/mp_moveit) by extension 'ignore_ament_install'
[0.175s] Level 1:colcon.colcon_core.package_identification:_identify(src/mp_moveit) by extensions ['colcon_pkg']
[0.175s] Level 1:colcon.colcon_core.package_identification:_identify(src/mp_moveit) by extension 'colcon_pkg'
[0.175s] Level 1:colcon.colcon_core.package_identification:_identify(src/mp_moveit) by extensions ['colcon_meta']
[0.175s] Level 1:colcon.colcon_core.package_identification:_identify(src/mp_moveit) by extension 'colcon_meta'
[0.175s] Level 1:colcon.colcon_core.package_identification:_identify(src/mp_moveit) by extensions ['ros']
[0.175s] Level 1:colcon.colcon_core.package_identification:_identify(src/mp_moveit) by extension 'ros'
[0.175s] DEBUG:colcon.colcon_core.package_identification:Package 'src/mp_moveit' with type 'ros.ament_cmake' and name 'mp_moveit'
[0.175s] Level 1:colcon.colcon_core.package_identification:_identify(src/mp_msgs) by extensions ['ignore', 'ignore_ament_install']
[0.175s] Level 1:colcon.colcon_core.package_identification:_identify(src/mp_msgs) by extension 'ignore'
[0.175s] Level 1:colcon.colcon_core.package_identification:_identify(src/mp_msgs) by extension 'ignore_ament_install'
[0.175s] Level 1:colcon.colcon_core.package_identification:_identify(src/mp_msgs) by extensions ['colcon_pkg']
[0.175s] Level 1:colcon.colcon_core.package_identification:_identify(src/mp_msgs) by extension 'colcon_pkg'
[0.175s] Level 1:colcon.colcon_core.package_identification:_identify(src/mp_msgs) by extensions ['colcon_meta']
[0.175s] Level 1:colcon.colcon_core.package_identification:_identify(src/mp_msgs) by extension 'colcon_meta'
[0.175s] Level 1:colcon.colcon_core.package_identification:_identify(src/mp_msgs) by extensions ['ros']
[0.175s] Level 1:colcon.colcon_core.package_identification:_identify(src/mp_msgs) by extension 'ros'
[0.175s] DEBUG:colcon.colcon_core.package_identification:Package 'src/mp_msgs' with type 'ros.ament_cmake' and name 'mp_msgs'
[0.175s] Level 1:colcon.colcon_core.package_identification:_identify(src/mp_utils) by extensions ['ignore', 'ignore_ament_install']
[0.176s] Level 1:colcon.colcon_core.package_identification:_identify(src/mp_utils) by extension 'ignore'
[0.176s] Level 1:colcon.colcon_core.package_identification:_identify(src/mp_utils) by extension 'ignore_ament_install'
[0.176s] Level 1:colcon.colcon_core.package_identification:_identify(src/mp_utils) by extensions ['colcon_pkg']
[0.176s] Level 1:colcon.colcon_core.package_identification:_identify(src/mp_utils) by extension 'colcon_pkg'
[0.176s] Level 1:colcon.colcon_core.package_identification:_identify(src/mp_utils) by extensions ['colcon_meta']
[0.176s] Level 1:colcon.colcon_core.package_identification:_identify(src/mp_utils) by extension 'colcon_meta'
[0.176s] Level 1:colcon.colcon_core.package_identification:_identify(src/mp_utils) by extensions ['ros']
[0.176s] Level 1:colcon.colcon_core.package_identification:_identify(src/mp_utils) by extension 'ros'
[0.176s] DEBUG:colcon.colcon_core.package_identification:Package 'src/mp_utils' with type 'ros.ament_cmake' and name 'mp_utils'
[0.176s] Level 1:colcon.colcon_core.package_discovery:discover_packages(recursive) using defaults
[0.176s] Level 1:colcon.colcon_core.package_discovery:discover_packages(ignore) discover
[0.176s] Level 1:colcon.colcon_core.package_discovery:discover_packages(ignore) using defaults
[0.176s] Level 1:colcon.colcon_core.package_discovery:discover_packages(path) discover
[0.176s] Level 1:colcon.colcon_core.package_discovery:discover_packages(path) using defaults
[0.197s] Level 1:colcon.colcon_core.package_discovery:discover_packages(prefix_path) check parameters
[0.197s] Level 1:colcon.colcon_core.package_discovery:discover_packages(prefix_path) discover
[0.198s] DEBUG:colcon.colcon_installed_package_information.package_discovery:Found 433 installed packages in /opt/ros/humble
[0.199s] Level 1:colcon.colcon_core.package_discovery:discover_packages(prefix_path) using defaults
[0.225s] Level 5:colcon.colcon_core.verb:set package 'mp_controller' build argument 'cmake_args' from command line to 'None'
[0.225s] Level 5:colcon.colcon_core.verb:set package 'mp_controller' build argument 'cmake_target' from command line to 'None'
[0.225s] Level 5:colcon.colcon_core.verb:set package 'mp_controller' build argument 'cmake_target_skip_unavailable' from command line to 'False'
[0.225s] Level 5:colcon.colcon_core.verb:set package 'mp_controller' build argument 'cmake_clean_cache' from command line to 'False'
[0.225s] Level 5:colcon.colcon_core.verb:set package 'mp_controller' build argument 'cmake_clean_first' from command line to 'False'
[0.225s] Level 5:colcon.colcon_core.verb:set package 'mp_controller' build argument 'cmake_force_configure' from command line to 'False'
[0.225s] Level 5:colcon.colcon_core.verb:set package 'mp_controller' build argument 'ament_cmake_args' from command line to 'None'
[0.225s] Level 5:colcon.colcon_core.verb:set package 'mp_controller' build argument 'catkin_cmake_args' from command line to 'None'
[0.225s] Level 5:colcon.colcon_core.verb:set package 'mp_controller' build argument 'catkin_skip_building_tests' from command line to 'False'
[0.225s] DEBUG:colcon.colcon_core.verb:Building package 'mp_controller' with the following arguments: {'ament_cmake_args': None, 'build_base': '/home/aravind/mp_ws/build/mp_controller', 'catkin_cmake_args': None, 'catkin_skip_building_tests': False, 'cmake_args': None, 'cmake_clean_cache': False, 'cmake_clean_first': False, 'cmake_force_configure': False, 'cmake_target': None, 'cmake_target_skip_unavailable': False, 'install_base': '/home/aravind/mp_ws/install/mp_controller', 'merge_install': False, 'path': '/home/aravind/mp_ws/src/mp_controller', 'symlink_install': False, 'test_result_base': None}
[0.225s] Level 5:colcon.colcon_core.verb:set package 'mp_description' build argument 'cmake_args' from command line to 'None'
[0.225s] Level 5:colcon.colcon_core.verb:set package 'mp_description' build argument 'cmake_target' from command line to 'None'
[0.225s] Level 5:colcon.colcon_core.verb:set package 'mp_description' build argument 'cmake_target_skip_unavailable' from command line to 'False'
[0.225s] Level 5:colcon.colcon_core.verb:set package 'mp_description' build argument 'cmake_clean_cache' from command line to 'False'
[0.225s] Level 5:colcon.colcon_core.verb:set package 'mp_description' build argument 'cmake_clean_first' from command line to 'False'
[0.225s] Level 5:colcon.colcon_core.verb:set package 'mp_description' build argument 'cmake_force_configure' from command line to 'False'
[0.225s] Level 5:colcon.colcon_core.verb:set package 'mp_description' build argument 'ament_cmake_args' from command line to 'None'
[0.225s] Level 5:colcon.colcon_core.verb:set package 'mp_description' build argument 'catkin_cmake_args' from command line to 'None'
[0.225s] Level 5:colcon.colcon_core.verb:set package 'mp_description' build argument 'catkin_skip_building_tests' from command line to 'False'
[0.225s] DEBUG:colcon.colcon_core.verb:Building package 'mp_description' with the following arguments: {'ament_cmake_args': None, 'build_base': '/home/aravind/mp_ws/build/mp_description', 'catkin_cmake_args': None, 'catkin_skip_building_tests': False, 'cmake_args': None, 'cmake_clean_cache': False, 'cmake_clean_first': False, 'cmake_force_configure': False, 'cmake_target': None, 'cmake_target_skip_unavailable': False, 'install_base': '/home/aravind/mp_ws/install/mp_description', 'merge_install': False, 'path': '/home/aravind/mp_ws/src/mp_description', 'symlink_install': False, 'test_result_base': None}
[0.225s] Level 5:colcon.colcon_core.verb:set package 'mp_moveit' build argument 'cmake_args' from command line to 'None'
[0.225s] Level 5:colcon.colcon_core.verb:set package 'mp_moveit' build argument 'cmake_target' from command line to 'None'
[0.225s] Level 5:colcon.colcon_core.verb:set package 'mp_moveit' build argument 'cmake_target_skip_unavailable' from command line to 'False'
[0.225s] Level 5:colcon.colcon_core.verb:set package 'mp_moveit' build argument 'cmake_clean_cache' from command line to 'False'
[0.225s] Level 5:colcon.colcon_core.verb:set package 'mp_moveit' build argument 'cmake_clean_first' from command line to 'False'
[0.225s] Level 5:colcon.colcon_core.verb:set package 'mp_moveit' build argument 'cmake_force_configure' from command line to 'False'
[0.225s] Level 5:colcon.colcon_core.verb:set package 'mp_moveit' build argument 'ament_cmake_args' from command line to 'None'
[0.225s] Level 5:colcon.colcon_core.verb:set package 'mp_moveit' build argument 'catkin_cmake_args' from command line to 'None'
[0.225s] Level 5:colcon.colcon_core.verb:set package 'mp_moveit' build argument 'catkin_skip_building_tests' from command line to 'False'
[0.226s] DEBUG:colcon.colcon_core.verb:Building package 'mp_moveit' with the following arguments: {'ament_cmake_args': None, 'build_base': '/home/aravind/mp_ws/build/mp_moveit', 'catkin_cmake_args': None, 'catkin_skip_building_tests': False, 'cmake_args': None, 'cmake_clean_cache': False, 'cmake_clean_first': False, 'cmake_force_configure': False, 'cmake_target': None, 'cmake_target_skip_unavailable': False, 'install_base': '/home/aravind/mp_ws/install/mp_moveit', 'merge_install': False, 'path': '/home/aravind/mp_ws/src/mp_moveit', 'symlink_install': False, 'test_result_base': None}
[0.226s] Level 5:colcon.colcon_core.verb:set package 'mp_msgs' build argument 'cmake_args' from command line to 'None'
[0.226s] Level 5:colcon.colcon_core.verb:set package 'mp_msgs' build argument 'cmake_target' from command line to 'None'
[0.226s] Level 5:colcon.colcon_core.verb:set package 'mp_msgs' build argument 'cmake_target_skip_unavailable' from command line to 'False'
[0.226s] Level 5:colcon.colcon_core.verb:set package 'mp_msgs' build argument 'cmake_clean_cache' from command line to 'False'
[0.226s] Level 5:colcon.colcon_core.verb:set package 'mp_msgs' build argument 'cmake_clean_first' from command line to 'False'
[0.226s] Level 5:colcon.colcon_core.verb:set package 'mp_msgs' build argument 'cmake_force_configure' from command line to 'False'
[0.226s] Level 5:colcon.colcon_core.verb:set package 'mp_msgs' build argument 'ament_cmake_args' from command line to 'None'
[0.226s] Level 5:colcon.colcon_core.verb:set package 'mp_msgs' build argument 'catkin_cmake_args' from command line to 'None'
[0.226s] Level 5:colcon.colcon_core.verb:set package 'mp_msgs' build argument 'catkin_skip_building_tests' from command line to 'False'
[0.226s] DEBUG:colcon.colcon_core.verb:Building package 'mp_msgs' with the following arguments: {'ament_cmake_args': None, 'build_base': '/home/aravind/mp_ws/build/mp_msgs', 'catkin_cmake_args': None, 'catkin_skip_building_tests': False, 'cmake_args': None, 'cmake_clean_cache': False, 'cmake_clean_first': False, 'cmake_force_configure': False, 'cmake_target': None, 'cmake_target_skip_unavailable': False, 'install_base': '/home/aravind/mp_ws/install/mp_msgs', 'merge_install': False, 'path': '/home/aravind/mp_ws/src/mp_msgs', 'symlink_install': False, 'test_result_base': None}
[0.226s] Level 5:colcon.colcon_core.verb:set package 'mp_utils' build argument 'cmake_args' from command line to 'None'
[0.226s] Level 5:colcon.colcon_core.verb:set package 'mp_utils' build argument 'cmake_target' from command line to 'None'
[0.226s] Level 5:colcon.colcon_core.verb:set package 'mp_utils' build argument 'cmake_target_skip_unavailable' from command line to 'False'
[0.226s] Level 5:colcon.colcon_core.verb:set package 'mp_utils' build argument 'cmake_clean_cache' from command line to 'False'
[0.226s] Level 5:colcon.colcon_core.verb:set package 'mp_utils' build argument 'cmake_clean_first' from command line to 'False'
[0.226s] Level 5:colcon.colcon_core.verb:set package 'mp_utils' build argument 'cmake_force_configure' from command line to 'False'
[0.226s] Level 5:colcon.colcon_core.verb:set package 'mp_utils' build argument 'ament_cmake_args' from command line to 'None'
[0.226s] Level 5:colcon.colcon_core.verb:set package 'mp_utils' build argument 'catkin_cmake_args' from command line to 'None'
[0.226s] Level 5:colcon.colcon_core.verb:set package 'mp_utils' build argument 'catkin_skip_building_tests' from command line to 'False'
[0.226s] DEBUG:colcon.colcon_core.verb:Building package 'mp_utils' with the following arguments: {'ament_cmake_args': None, 'build_base': '/home/aravind/mp_ws/build/mp_utils', 'catkin_cmake_args': None, 'catkin_skip_building_tests': False, 'cmake_args': None, 'cmake_clean_cache': False, 'cmake_clean_first': False, 'cmake_force_configure': False, 'cmake_target': None, 'cmake_target_skip_unavailable': False, 'install_base': '/home/aravind/mp_ws/install/mp_utils', 'merge_install': False, 'path': '/home/aravind/mp_ws/src/mp_utils', 'symlink_install': False, 'test_result_base': None}
[0.226s] INFO:colcon.colcon_core.executor:Executing jobs using 'parallel' executor
[0.227s] DEBUG:colcon.colcon_parallel_executor.executor.parallel:run_until_complete
[0.227s] INFO:colcon.colcon_ros.task.ament_cmake.build:Building ROS package in '/home/aravind/mp_ws/src/mp_msgs' with build type 'ament_cmake'
[0.227s] INFO:colcon.colcon_cmake.task.cmake.build:Building CMake package in '/home/aravind/mp_ws/src/mp_msgs'
[0.228s] INFO:colcon.colcon_core.plugin_system:Skipping extension 'colcon_core.shell.bat': Not used on non-Windows systems
[0.228s] INFO:colcon.colcon_core.shell:Skip shell extension 'powershell' for command environment: Not usable outside of PowerShell
[0.228s] DEBUG:colcon.colcon_core.shell:Skip shell extension 'dsv' for command environment
[0.231s] INFO:colcon.colcon_ros.task.ament_cmake.build:Building ROS package in '/home/aravind/mp_ws/src/mp_controller' with build type 'ament_cmake'
[0.231s] INFO:colcon.colcon_cmake.task.cmake.build:Building CMake package in '/home/aravind/mp_ws/src/mp_controller'
[0.231s] INFO:colcon.colcon_core.shell:Skip shell extension 'powershell' for command environment: Not usable outside of PowerShell
[0.231s] DEBUG:colcon.colcon_core.shell:Skip shell extension 'dsv' for command environment
[0.233s] INFO:colcon.colcon_ros.task.ament_cmake.build:Building ROS package in '/home/aravind/mp_ws/src/mp_description' with build type 'ament_cmake'
[0.233s] INFO:colcon.colcon_cmake.task.cmake.build:Building CMake package in '/home/aravind/mp_ws/src/mp_description'
[0.233s] INFO:colcon.colcon_core.shell:Skip shell extension 'powershell' for command environment: Not usable outside of PowerShell
[0.233s] DEBUG:colcon.colcon_core.shell:Skip shell extension 'dsv' for command environment
[0.234s] INFO:colcon.colcon_ros.task.ament_cmake.build:Building ROS package in '/home/aravind/mp_ws/src/mp_moveit' with build type 'ament_cmake'
[0.235s] INFO:colcon.colcon_cmake.task.cmake.build:Building CMake package in '/home/aravind/mp_ws/src/mp_moveit'
[0.235s] INFO:colcon.colcon_core.shell:Skip shell extension 'powershell' for command environment: Not usable outside of PowerShell
[0.235s] DEBUG:colcon.colcon_core.shell:Skip shell extension 'dsv' for command environment
[0.240s] DEBUG:colcon.colcon_core.event_handler.log_command:Invoking command in '/home/aravind/mp_ws/build/mp_msgs': CMAKE_PREFIX_PATH=/opt/ros/humble /usr/bin/cmake --build /home/aravind/mp_ws/build/mp_msgs -- -j12 -l12
[0.242s] DEBUG:colcon.colcon_core.event_handler.log_command:Invoking command in '/home/aravind/mp_ws/build/mp_controller': CMAKE_PREFIX_PATH=/opt/ros/humble /usr/bin/cmake --build /home/aravind/mp_ws/build/mp_controller -- -j12 -l12
[0.246s] DEBUG:colcon.colcon_core.event_handler.log_command:Invoking command in '/home/aravind/mp_ws/build/mp_description': CMAKE_PREFIX_PATH=/opt/ros/humble /usr/bin/cmake --build /home/aravind/mp_ws/build/mp_description -- -j12 -l12
[0.249s] DEBUG:colcon.colcon_core.event_handler.log_command:Invoking command in '/home/aravind/mp_ws/build/mp_moveit': CMAKE_PREFIX_PATH=/opt/ros/humble /usr/bin/cmake --build /home/aravind/mp_ws/build/mp_moveit -- -j12 -l12
[0.276s] DEBUG:colcon.colcon_core.event_handler.log_command:Invoked command in '/home/aravind/mp_ws/build/mp_controller' returned '0': CMAKE_PREFIX_PATH=/opt/ros/humble /usr/bin/cmake --build /home/aravind/mp_ws/build/mp_controller -- -j12 -l12
[0.287s] DEBUG:colcon.colcon_core.event_handler.log_command:Invoking command in '/home/aravind/mp_ws/build/mp_controller': CMAKE_PREFIX_PATH=/opt/ros/humble /usr/bin/cmake --install /home/aravind/mp_ws/build/mp_controller
[0.289s] DEBUG:colcon.colcon_core.event_handler.log_command:Invoked command in '/home/aravind/mp_ws/build/mp_description' returned '0': CMAKE_PREFIX_PATH=/opt/ros/humble /usr/bin/cmake --build /home/aravind/mp_ws/build/mp_description -- -j12 -l12
[0.292s] DEBUG:colcon.colcon_core.event_handler.log_command:Invoking command in '/home/aravind/mp_ws/build/mp_description': CMAKE_PREFIX_PATH=/opt/ros/humble /usr/bin/cmake --install /home/aravind/mp_ws/build/mp_description
[0.293s] DEBUG:colcon.colcon_core.event_handler.log_command:Invoked command in '/home/aravind/mp_ws/build/mp_moveit' returned '0': CMAKE_PREFIX_PATH=/opt/ros/humble /usr/bin/cmake --build /home/aravind/mp_ws/build/mp_moveit -- -j12 -l12
[0.296s] DEBUG:colcon.colcon_core.event_handler.log_command:Invoking command in '/home/aravind/mp_ws/build/mp_moveit': CMAKE_PREFIX_PATH=/opt/ros/humble /usr/bin/cmake --install /home/aravind/mp_ws/build/mp_moveit
[0.306s] Level 1:colcon.colcon_core.environment:create_environment_scripts_only(mp_controller)
[0.313s] DEBUG:colcon.colcon_core.event_handler.log_command:Invoked command in '/home/aravind/mp_ws/build/mp_controller' returned '0': CMAKE_PREFIX_PATH=/opt/ros/humble /usr/bin/cmake --install /home/aravind/mp_ws/build/mp_controller
[0.318s] Level 1:colcon.colcon_core.environment:checking '/home/aravind/mp_ws/install/mp_controller' for CMake module files
[0.319s] Level 1:colcon.colcon_core.environment:checking '/home/aravind/mp_ws/install/mp_controller' for CMake config files
[0.321s] Level 1:colcon.colcon_core.shell:create_environment_hook('mp_controller', 'cmake_prefix_path')
[0.321s] INFO:colcon.colcon_core.shell:Creating environment hook '/home/aravind/mp_ws/install/mp_controller/share/mp_controller/hook/cmake_prefix_path.ps1'
[0.322s] INFO:colcon.colcon_core.shell:Creating environment descriptor '/home/aravind/mp_ws/install/mp_controller/share/mp_controller/hook/cmake_prefix_path.dsv'
[0.323s] INFO:colcon.colcon_core.shell:Creating environment hook '/home/aravind/mp_ws/install/mp_controller/share/mp_controller/hook/cmake_prefix_path.sh'
[0.324s] Level 1:colcon.colcon_core.environment:checking '/home/aravind/mp_ws/install/mp_controller/bin'
[0.325s] Level 1:colcon.colcon_core.environment:checking '/home/aravind/mp_ws/install/mp_controller/lib/pkgconfig/mp_controller.pc'
[0.325s] Level 1:colcon.colcon_core.environment:checking '/home/aravind/mp_ws/install/mp_controller/lib/python3.10/site-packages'
[0.325s] Level 1:colcon.colcon_core.environment:checking '/home/aravind/mp_ws/install/mp_controller/bin'
[0.326s] INFO:colcon.colcon_core.shell:Creating package script '/home/aravind/mp_ws/install/mp_controller/share/mp_controller/package.ps1'
[0.328s] INFO:colcon.colcon_core.shell:Creating package descriptor '/home/aravind/mp_ws/install/mp_controller/share/mp_controller/package.dsv'
[0.330s] INFO:colcon.colcon_core.shell:Creating package script '/home/aravind/mp_ws/install/mp_controller/share/mp_controller/package.sh'
[0.331s] INFO:colcon.colcon_core.shell:Creating package script '/home/aravind/mp_ws/install/mp_controller/share/mp_controller/package.bash'
[0.332s] INFO:colcon.colcon_core.shell:Creating package script '/home/aravind/mp_ws/install/mp_controller/share/mp_controller/package.zsh'
[0.333s] Level 1:colcon.colcon_core.environment:create_file_with_runtime_dependencies(/home/aravind/mp_ws/install/mp_controller/share/colcon-core/packages/mp_controller)
[0.334s] Level 1:colcon.colcon_core.environment:create_environment_scripts_only(mp_controller)
[0.334s] Level 1:colcon.colcon_core.environment:checking '/home/aravind/mp_ws/install/mp_controller' for CMake module files
[0.334s] Level 1:colcon.colcon_core.environment:checking '/home/aravind/mp_ws/install/mp_controller' for CMake config files
[0.335s] Level 1:colcon.colcon_core.shell:create_environment_hook('mp_controller', 'cmake_prefix_path')
[0.335s] INFO:colcon.colcon_core.shell:Creating environment hook '/home/aravind/mp_ws/install/mp_controller/share/mp_controller/hook/cmake_prefix_path.ps1'
[0.336s] INFO:colcon.colcon_core.shell:Creating environment descriptor '/home/aravind/mp_ws/install/mp_controller/share/mp_controller/hook/cmake_prefix_path.dsv'
[0.336s] INFO:colcon.colcon_core.shell:Creating environment hook '/home/aravind/mp_ws/install/mp_controller/share/mp_controller/hook/cmake_prefix_path.sh'
[0.337s] Level 1:colcon.colcon_core.environment:checking '/home/aravind/mp_ws/install/mp_controller/bin'
[0.337s] Level 1:colcon.colcon_core.environment:checking '/home/aravind/mp_ws/install/mp_controller/lib/pkgconfig/mp_controller.pc'
[0.337s] Level 1:colcon.colcon_core.environment:checking '/home/aravind/mp_ws/install/mp_controller/lib/python3.10/site-packages'
[0.337s] Level 1:colcon.colcon_core.environment:checking '/home/aravind/mp_ws/install/mp_controller/bin'
[0.338s] INFO:colcon.colcon_core.shell:Creating package script '/home/aravind/mp_ws/install/mp_controller/share/mp_controller/package.ps1'
[0.338s] INFO:colcon.colcon_core.shell:Creating package descriptor '/home/aravind/mp_ws/install/mp_controller/share/mp_controller/package.dsv'
[0.339s] INFO:colcon.colcon_core.shell:Creating package script '/home/aravind/mp_ws/install/mp_controller/share/mp_controller/package.sh'
[0.339s] INFO:colcon.colcon_core.shell:Creating package script '/home/aravind/mp_ws/install/mp_controller/share/mp_controller/package.bash'
[0.340s] INFO:colcon.colcon_core.shell:Creating package script '/home/aravind/mp_ws/install/mp_controller/share/mp_controller/package.zsh'
[0.340s] Level 1:colcon.colcon_core.environment:create_file_with_runtime_dependencies(/home/aravind/mp_ws/install/mp_controller/share/colcon-core/packages/mp_controller)
[0.342s] Level 1:colcon.colcon_core.environment:create_environment_scripts_only(mp_description)
[0.342s] Level 1:colcon.colcon_core.environment:checking '/home/aravind/mp_ws/install/mp_description' for CMake module files
[0.343s] DEBUG:colcon.colcon_core.event_handler.log_command:Invoked command in '/home/aravind/mp_ws/build/mp_description' returned '0': CMAKE_PREFIX_PATH=/opt/ros/humble /usr/bin/cmake --install /home/aravind/mp_ws/build/mp_description
[0.343s] Level 1:colcon.colcon_core.environment:checking '/home/aravind/mp_ws/install/mp_description' for CMake config files
[0.344s] Level 1:colcon.colcon_core.shell:create_environment_hook('mp_description', 'cmake_prefix_path')
[0.344s] INFO:colcon.colcon_core.shell:Creating environment hook '/home/aravind/mp_ws/install/mp_description/share/mp_description/hook/cmake_prefix_path.ps1'
[0.345s] INFO:colcon.colcon_core.shell:Creating environment descriptor '/home/aravind/mp_ws/install/mp_description/share/mp_description/hook/cmake_prefix_path.dsv'
[0.345s] INFO:colcon.colcon_core.shell:Creating environment hook '/home/aravind/mp_ws/install/mp_description/share/mp_description/hook/cmake_prefix_path.sh'
[0.346s] Level 1:colcon.colcon_core.environment:checking '/home/aravind/mp_ws/install/mp_description/bin'
[0.346s] Level 1:colcon.colcon_core.environment:checking '/home/aravind/mp_ws/install/mp_description/lib/pkgconfig/mp_description.pc'
[0.346s] Level 1:colcon.colcon_core.environment:checking '/home/aravind/mp_ws/install/mp_description/lib/python3.10/site-packages'
[0.346s] Level 1:colcon.colcon_core.environment:checking '/home/aravind/mp_ws/install/mp_description/bin'
[0.347s] INFO:colcon.colcon_core.shell:Creating package script '/home/aravind/mp_ws/install/mp_description/share/mp_description/package.ps1'
[0.347s] INFO:colcon.colcon_core.shell:Creating package descriptor '/home/aravind/mp_ws/install/mp_description/share/mp_description/package.dsv'
[0.348s] INFO:colcon.colcon_core.shell:Creating package script '/home/aravind/mp_ws/install/mp_description/share/mp_description/package.sh'
[0.348s] INFO:colcon.colcon_core.shell:Creating package script '/home/aravind/mp_ws/install/mp_description/share/mp_description/package.bash'
[0.348s] INFO:colcon.colcon_core.shell:Creating package script '/home/aravind/mp_ws/install/mp_description/share/mp_description/package.zsh'
[0.349s] Level 1:colcon.colcon_core.environment:create_file_with_runtime_dependencies(/home/aravind/mp_ws/install/mp_description/share/colcon-core/packages/mp_description)
[0.349s] Level 1:colcon.colcon_core.environment:create_environment_scripts_only(mp_description)
[0.350s] Level 1:colcon.colcon_core.environment:checking '/home/aravind/mp_ws/install/mp_description' for CMake module files
[0.350s] Level 1:colcon.colcon_core.environment:checking '/home/aravind/mp_ws/install/mp_description' for CMake config files
[0.350s] Level 1:colcon.colcon_core.shell:create_environment_hook('mp_description', 'cmake_prefix_path')
[0.351s] INFO:colcon.colcon_core.shell:Creating environment hook '/home/aravind/mp_ws/install/mp_description/share/mp_description/hook/cmake_prefix_path.ps1'
[0.351s] INFO:colcon.colcon_core.shell:Creating environment descriptor '/home/aravind/mp_ws/install/mp_description/share/mp_description/hook/cmake_prefix_path.dsv'
[0.351s] INFO:colcon.colcon_core.shell:Creating environment hook '/home/aravind/mp_ws/install/mp_description/share/mp_description/hook/cmake_prefix_path.sh'
[0.352s] Level 1:colcon.colcon_core.environment:checking '/home/aravind/mp_ws/install/mp_description/bin'
[0.352s] Level 1:colcon.colcon_core.environment:checking '/home/aravind/mp_ws/install/mp_description/lib/pkgconfig/mp_description.pc'
[0.352s] Level 1:colcon.colcon_core.environment:checking '/home/aravind/mp_ws/install/mp_description/lib/python3.10/site-packages'
[0.353s] Level 1:colcon.colcon_core.environment:checking '/home/aravind/mp_ws/install/mp_description/bin'
[0.353s] INFO:colcon.colcon_core.shell:Creating package script '/home/aravind/mp_ws/install/mp_description/share/mp_description/package.ps1'
[0.354s] INFO:colcon.colcon_core.shell:Creating package descriptor '/home/aravind/mp_ws/install/mp_description/share/mp_description/package.dsv'
[0.354s] INFO:colcon.colcon_core.shell:Creating package script '/home/aravind/mp_ws/install/mp_description/share/mp_description/package.sh'
[0.355s] INFO:colcon.colcon_core.shell:Creating package script '/home/aravind/mp_ws/install/mp_description/share/mp_description/package.bash'
[0.355s] INFO:colcon.colcon_core.shell:Creating package script '/home/aravind/mp_ws/install/mp_description/share/mp_description/package.zsh'
[0.356s] Level 1:colcon.colcon_core.environment:create_file_with_runtime_dependencies(/home/aravind/mp_ws/install/mp_description/share/colcon-core/packages/mp_description)
[0.356s] Level 1:colcon.colcon_core.environment:create_environment_scripts_only(mp_moveit)
[0.356s] Level 1:colcon.colcon_core.environment:checking '/home/aravind/mp_ws/install/mp_moveit' for CMake module files
[0.358s] DEBUG:colcon.colcon_core.event_handler.log_command:Invoked command in '/home/aravind/mp_ws/build/mp_moveit' returned '0': CMAKE_PREFIX_PATH=/opt/ros/humble /usr/bin/cmake --install /home/aravind/mp_ws/build/mp_moveit
[0.358s] Level 1:colcon.colcon_core.environment:checking '/home/aravind/mp_ws/install/mp_moveit' for CMake config files
[0.359s] Level 1:colcon.colcon_core.shell:create_environment_hook('mp_moveit', 'cmake_prefix_path')
[0.359s] INFO:colcon.colcon_core.shell:Creating environment hook '/home/aravind/mp_ws/install/mp_moveit/share/mp_moveit/hook/cmake_prefix_path.ps1'
[0.359s] INFO:colcon.colcon_core.shell:Creating environment descriptor '/home/aravind/mp_ws/install/mp_moveit/share/mp_moveit/hook/cmake_prefix_path.dsv'
[0.360s] INFO:colcon.colcon_core.shell:Creating environment hook '/home/aravind/mp_ws/install/mp_moveit/share/mp_moveit/hook/cmake_prefix_path.sh'
[0.360s] Level 1:colcon.colcon_core.environment:checking '/home/aravind/mp_ws/install/mp_moveit/bin'
[0.360s] Level 1:colcon.colcon_core.environment:checking '/home/aravind/mp_ws/install/mp_moveit/lib/pkgconfig/mp_moveit.pc'
[0.361s] Level 1:colcon.colcon_core.environment:checking '/home/aravind/mp_ws/install/mp_moveit/lib/python3.10/site-packages'
[0.361s] Level 1:colcon.colcon_core.environment:checking '/home/aravind/mp_ws/install/mp_moveit/bin'
[0.361s] INFO:colcon.colcon_core.shell:Creating package script '/home/aravind/mp_ws/install/mp_moveit/share/mp_moveit/package.ps1'
[0.362s] INFO:colcon.colcon_core.shell:Creating package descriptor '/home/aravind/mp_ws/install/mp_moveit/share/mp_moveit/package.dsv'
[0.362s] INFO:colcon.colcon_core.shell:Creating package script '/home/aravind/mp_ws/install/mp_moveit/share/mp_moveit/package.sh'
[0.362s] INFO:colcon.colcon_core.shell:Creating package script '/home/aravind/mp_ws/install/mp_moveit/share/mp_moveit/package.bash'
[0.363s] INFO:colcon.colcon_core.shell:Creating package script '/home/aravind/mp_ws/install/mp_moveit/share/mp_moveit/package.zsh'
[0.363s] Level 1:colcon.colcon_core.environment:create_file_with_runtime_dependencies(/home/aravind/mp_ws/install/mp_moveit/share/colcon-core/packages/mp_moveit)
[0.364s] Level 1:colcon.colcon_core.environment:create_environment_scripts_only(mp_moveit)
[0.364s] Level 1:colcon.colcon_core.environment:checking '/home/aravind/mp_ws/install/mp_moveit' for CMake module files
[0.364s] Level 1:colcon.colcon_core.environment:checking '/home/aravind/mp_ws/install/mp_moveit' for CMake config files
[0.365s] Level 1:colcon.colcon_core.shell:create_environment_hook('mp_moveit', 'cmake_prefix_path')
[0.365s] INFO:colcon.colcon_core.shell:Creating environment hook '/home/aravind/mp_ws/install/mp_moveit/share/mp_moveit/hook/cmake_prefix_path.ps1'
[0.365s] INFO:colcon.colcon_core.shell:Creating environment descriptor '/home/aravind/mp_ws/install/mp_moveit/share/mp_moveit/hook/cmake_prefix_path.dsv'
[0.366s] INFO:colcon.colcon_core.shell:Creating environment hook '/home/aravind/mp_ws/install/mp_moveit/share/mp_moveit/hook/cmake_prefix_path.sh'
[0.366s] Level 1:colcon.colcon_core.environment:checking '/home/aravind/mp_ws/install/mp_moveit/bin'
[0.366s] Level 1:colcon.colcon_core.environment:checking '/home/aravind/mp_ws/install/mp_moveit/lib/pkgconfig/mp_moveit.pc'
[0.367s] Level 1:colcon.colcon_core.environment:checking '/home/aravind/mp_ws/install/mp_moveit/lib/python3.10/site-packages'
[0.367s] Level 1:colcon.colcon_core.environment:checking '/home/aravind/mp_ws/install/mp_moveit/bin'
[0.367s] INFO:colcon.colcon_core.shell:Creating package script '/home/aravind/mp_ws/install/mp_moveit/share/mp_moveit/package.ps1'
[0.367s] INFO:colcon.colcon_core.shell:Creating package descriptor '/home/aravind/mp_ws/install/mp_moveit/share/mp_moveit/package.dsv'
[0.368s] INFO:colcon.colcon_core.shell:Creating package script '/home/aravind/mp_ws/install/mp_moveit/share/mp_moveit/package.sh'
[0.368s] INFO:colcon.colcon_core.shell:Creating package script '/home/aravind/mp_ws/install/mp_moveit/share/mp_moveit/package.bash'
[0.369s] INFO:colcon.colcon_core.shell:Creating package script '/home/aravind/mp_ws/install/mp_moveit/share/mp_moveit/package.zsh'
[0.369s] Level 1:colcon.colcon_core.environment:create_file_with_runtime_dependencies(/home/aravind/mp_ws/install/mp_moveit/share/colcon-core/packages/mp_moveit)
[0.529s] DEBUG:colcon.colcon_core.event_handler.log_command:Invoked command in '/home/aravind/mp_ws/build/mp_msgs' returned '0': CMAKE_PREFIX_PATH=/opt/ros/humble /usr/bin/cmake --build /home/aravind/mp_ws/build/mp_msgs -- -j12 -l12
[0.530s] DEBUG:colcon.colcon_core.event_handler.log_command:Invoking command in '/home/aravind/mp_ws/build/mp_msgs': CMAKE_PREFIX_PATH=/opt/ros/humble /usr/bin/cmake --install /home/aravind/mp_ws/build/mp_msgs
[0.577s] Level 1:colcon.colcon_core.environment:create_environment_scripts_only(mp_msgs)
[0.578s] Level 1:colcon.colcon_core.environment:checking '/home/aravind/mp_ws/install/mp_msgs' for CMake module files
[0.578s] DEBUG:colcon.colcon_core.event_handler.log_command:Invoked command in '/home/aravind/mp_ws/build/mp_msgs' returned '0': CMAKE_PREFIX_PATH=/opt/ros/humble /usr/bin/cmake --install /home/aravind/mp_ws/build/mp_msgs
[0.578s] Level 1:colcon.colcon_core.environment:checking '/home/aravind/mp_ws/install/mp_msgs' for CMake config files
[0.579s] Level 1:colcon.colcon_core.shell:create_environment_hook('mp_msgs', 'cmake_prefix_path')
[0.579s] INFO:colcon.colcon_core.shell:Creating environment hook '/home/aravind/mp_ws/install/mp_msgs/share/mp_msgs/hook/cmake_prefix_path.ps1'
[0.579s] INFO:colcon.colcon_core.shell:Creating environment descriptor '/home/aravind/mp_ws/install/mp_msgs/share/mp_msgs/hook/cmake_prefix_path.dsv'
[0.580s] INFO:colcon.colcon_core.shell:Creating environment hook '/home/aravind/mp_ws/install/mp_msgs/share/mp_msgs/hook/cmake_prefix_path.sh'
[0.580s] Level 1:colcon.colcon_core.environment:checking '/home/aravind/mp_ws/install/mp_msgs/lib'
[0.580s] Level 1:colcon.colcon_core.shell:create_environment_hook('mp_msgs', 'ld_library_path_lib')
[0.580s] INFO:colcon.colcon_core.shell:Creating environment hook '/home/aravind/mp_ws/install/mp_msgs/share/mp_msgs/hook/ld_library_path_lib.ps1'
[0.581s] INFO:colcon.colcon_core.shell:Creating environment descriptor '/home/aravind/mp_ws/install/mp_msgs/share/mp_msgs/hook/ld_library_path_lib.dsv'
[0.581s] INFO:colcon.colcon_core.shell:Creating environment hook '/home/aravind/mp_ws/install/mp_msgs/share/mp_msgs/hook/ld_library_path_lib.sh'
[0.581s] Level 1:colcon.colcon_core.environment:checking '/home/aravind/mp_ws/install/mp_msgs/bin'
[0.581s] Level 1:colcon.colcon_core.environment:checking '/home/aravind/mp_ws/install/mp_msgs/lib/pkgconfig/mp_msgs.pc'
[0.581s] Level 1:colcon.colcon_core.environment:checking '/home/aravind/mp_ws/install/mp_msgs/lib/python3.10/site-packages'
[0.581s] Level 1:colcon.colcon_core.environment:checking '/home/aravind/mp_ws/install/mp_msgs/bin'
[0.582s] INFO:colcon.colcon_core.shell:Creating package script '/home/aravind/mp_ws/install/mp_msgs/share/mp_msgs/package.ps1'
[0.582s] INFO:colcon.colcon_core.shell:Creating package descriptor '/home/aravind/mp_ws/install/mp_msgs/share/mp_msgs/package.dsv'
[0.582s] INFO:colcon.colcon_core.shell:Creating package script '/home/aravind/mp_ws/install/mp_msgs/share/mp_msgs/package.sh'
[0.582s] INFO:colcon.colcon_core.shell:Creating package script '/home/aravind/mp_ws/install/mp_msgs/share/mp_msgs/package.bash'
[0.583s] INFO:colcon.colcon_core.shell:Creating package script '/home/aravind/mp_ws/install/mp_msgs/share/mp_msgs/package.zsh'
[0.583s] Level 1:colcon.colcon_core.environment:create_file_with_runtime_dependencies(/home/aravind/mp_ws/install/mp_msgs/share/colcon-core/packages/mp_msgs)
[0.583s] Level 1:colcon.colcon_core.environment:create_environment_scripts_only(mp_msgs)
[0.583s] Level 1:colcon.colcon_core.environment:checking '/home/aravind/mp_ws/install/mp_msgs' for CMake module files
[0.583s] Level 1:colcon.colcon_core.environment:checking '/home/aravind/mp_ws/install/mp_msgs' for CMake config files
[0.584s] Level 1:colcon.colcon_core.shell:create_environment_hook('mp_msgs', 'cmake_prefix_path')
[0.584s] INFO:colcon.colcon_core.shell:Creating environment hook '/home/aravind/mp_ws/install/mp_msgs/share/mp_msgs/hook/cmake_prefix_path.ps1'
[0.584s] INFO:colcon.colcon_core.shell:Creating environment descriptor '/home/aravind/mp_ws/install/mp_msgs/share/mp_msgs/hook/cmake_prefix_path.dsv'
[0.584s] INFO:colcon.colcon_core.shell:Creating environment hook '/home/aravind/mp_ws/install/mp_msgs/share/mp_msgs/hook/cmake_prefix_path.sh'
[0.585s] Level 1:colcon.colcon_core.environment:checking '/home/aravind/mp_ws/install/mp_msgs/lib'
[0.585s] Level 1:colcon.colcon_core.shell:create_environment_hook('mp_msgs', 'ld_library_path_lib')
[0.585s] INFO:colcon.colcon_core.shell:Creating environment hook '/home/aravind/mp_ws/install/mp_msgs/share/mp_msgs/hook/ld_library_path_lib.ps1'
[0.585s] INFO:colcon.colcon_core.shell:Creating environment descriptor '/home/aravind/mp_ws/install/mp_msgs/share/mp_msgs/hook/ld_library_path_lib.dsv'
[0.585s] INFO:colcon.colcon_core.shell:Creating environment hook '/home/aravind/mp_ws/install/mp_msgs/share/mp_msgs/hook/ld_library_path_lib.sh'
[0.585s] Level 1:colcon.colcon_core.environment:checking '/home/aravind/mp_ws/install/mp_msgs/bin'
[0.585s] Level 1:colcon.colcon_core.environment:checking '/home/aravind/mp_ws/install/mp_msgs/lib/pkgconfig/mp_msgs.pc'
[0.586s] Level 1:colcon.colcon_core.environment:checking '/home/aravind/mp_ws/install/mp_msgs/lib/python3.10/site-packages'
[0.586s] Level 1:colcon.colcon_core.environment:checking '/home/aravind/mp_ws/install/mp_msgs/bin'
[0.586s] INFO:colcon.colcon_core.shell:Creating package script '/home/aravind/mp_ws/install/mp_msgs/share/mp_msgs/package.ps1'
[0.586s] INFO:colcon.colcon_core.shell:Creating package descriptor '/home/aravind/mp_ws/install/mp_msgs/share/mp_msgs/package.dsv'
[0.586s] INFO:colcon.colcon_core.shell:Creating package script '/home/aravind/mp_ws/install/mp_msgs/share/mp_msgs/package.sh'
[0.587s] INFO:colcon.colcon_core.shell:Creating package script '/home/aravind/mp_ws/install/mp_msgs/share/mp_msgs/package.bash'
[0.587s] INFO:colcon.colcon_core.shell:Creating package script '/home/aravind/mp_ws/install/mp_msgs/share/mp_msgs/package.zsh'
[0.587s] Level 1:colcon.colcon_core.environment:create_file_with_runtime_dependencies(/home/aravind/mp_ws/install/mp_msgs/share/colcon-core/packages/mp_msgs)
[0.587s] INFO:colcon.colcon_ros.task.ament_cmake.build:Building ROS package in '/home/aravind/mp_ws/src/mp_utils' with build type 'ament_cmake'
[0.587s] INFO:colcon.colcon_cmake.task.cmake.build:Building CMake package in '/home/aravind/mp_ws/src/mp_utils'
[0.587s] INFO:colcon.colcon_core.shell:Skip shell extension 'powershell' for command environment: Not usable outside of PowerShell
[0.587s] DEBUG:colcon.colcon_core.shell:Skip shell extension 'dsv' for command environment
[0.596s] DEBUG:colcon.colcon_core.event_handler.log_command:Invoking command in '/home/aravind/mp_ws/build/mp_utils': AMENT_PREFIX_PATH=/home/aravind/mp_ws/install/mp_msgs:${AMENT_PREFIX_PATH} CMAKE_PREFIX_PATH=/home/aravind/mp_ws/install/mp_msgs:/opt/ros/humble LD_LIBRARY_PATH=/home/aravind/mp_ws/install/mp_msgs/lib:${LD_LIBRARY_PATH} PYTHONPATH=/home/aravind/mp_ws/install/mp_msgs/local/lib/python3.10/dist-packages:${PYTHONPATH} /usr/bin/cmake --build /home/aravind/mp_ws/build/mp_utils -- -j12 -l12
[0.821s] DEBUG:colcon.colcon_core.event_handler.log_command:Invoked command in '/home/aravind/mp_ws/build/mp_utils' returned '0': AMENT_PREFIX_PATH=/home/aravind/mp_ws/install/mp_msgs:${AMENT_PREFIX_PATH} CMAKE_PREFIX_PATH=/home/aravind/mp_ws/install/mp_msgs:/opt/ros/humble LD_LIBRARY_PATH=/home/aravind/mp_ws/install/mp_msgs/lib:${LD_LIBRARY_PATH} PYTHONPATH=/home/aravind/mp_ws/install/mp_msgs/local/lib/python3.10/dist-packages:${PYTHONPATH} /usr/bin/cmake --build /home/aravind/mp_ws/build/mp_utils -- -j12 -l12
[0.822s] DEBUG:colcon.colcon_core.event_handler.log_command:Invoking command in '/home/aravind/mp_ws/build/mp_utils': AMENT_PREFIX_PATH=/home/aravind/mp_ws/install/mp_msgs:${AMENT_PREFIX_PATH} CMAKE_PREFIX_PATH=/home/aravind/mp_ws/install/mp_msgs:/opt/ros/humble LD_LIBRARY_PATH=/home/aravind/mp_ws/install/mp_msgs/lib:${LD_LIBRARY_PATH} PYTHONPATH=/home/aravind/mp_ws/install/mp_msgs/local/lib/python3.10/dist-packages:${PYTHONPATH} /usr/bin/cmake --install /home/aravind/mp_ws/build/mp_utils
[0.860s] Level 1:colcon.colcon_core.environment:create_environment_scripts_only(mp_utils)
[0.860s] DEBUG:colcon.colcon_core.event_handler.log_command:Invoked command in '/home/aravind/mp_ws/build/mp_utils' returned '0': AMENT_PREFIX_PATH=/home/aravind/mp_ws/install/mp_msgs:${AMENT_PREFIX_PATH} CMAKE_PREFIX_PATH=/home/aravind/mp_ws/install/mp_msgs:/opt/ros/humble LD_LIBRARY_PATH=/home/aravind/mp_ws/install/mp_msgs/lib:${LD_LIBRARY_PATH} PYTHONPATH=/home/aravind/mp_ws/install/mp_msgs/local/lib/python3.10/dist-packages:${PYTHONPATH} /usr/bin/cmake --install /home/aravind/mp_ws/build/mp_utils
[0.860s] Level 1:colcon.colcon_core.environment:checking '/home/aravind/mp_ws/install/mp_utils' for CMake module files
[0.861s] Level 1:colcon.colcon_core.environment:checking '/home/aravind/mp_ws/install/mp_utils' for CMake config files
[0.861s] Level 1:colcon.colcon_core.shell:create_environment_hook('mp_utils', 'cmake_prefix_path')
[0.862s] INFO:colcon.colcon_core.shell:Creating environment hook '/home/aravind/mp_ws/install/mp_utils/share/mp_utils/hook/cmake_prefix_path.ps1'
[0.862s] INFO:colcon.colcon_core.shell:Creating environment descriptor '/home/aravind/mp_ws/install/mp_utils/share/mp_utils/hook/cmake_prefix_path.dsv'
[0.862s] INFO:colcon.colcon_core.shell:Creating environment hook '/home/aravind/mp_ws/install/mp_utils/share/mp_utils/hook/cmake_prefix_path.sh'
[0.862s] Level 1:colcon.colcon_core.environment:checking '/home/aravind/mp_ws/install/mp_utils/lib'
[0.862s] Level 1:colcon.colcon_core.environment:checking '/home/aravind/mp_ws/install/mp_utils/bin'
[0.862s] Level 1:colcon.colcon_core.environment:checking '/home/aravind/mp_ws/install/mp_utils/lib/pkgconfig/mp_utils.pc'
[0.863s] Level 1:colcon.colcon_core.environment:checking '/home/aravind/mp_ws/install/mp_utils/lib/python3.10/site-packages'
[0.863s] Level 1:colcon.colcon_core.environment:checking '/home/aravind/mp_ws/install/mp_utils/bin'
[0.863s] INFO:colcon.colcon_core.shell:Creating package script '/home/aravind/mp_ws/install/mp_utils/share/mp_utils/package.ps1'
[0.863s] INFO:colcon.colcon_core.shell:Creating package descriptor '/home/aravind/mp_ws/install/mp_utils/share/mp_utils/package.dsv'
[0.863s] INFO:colcon.colcon_core.shell:Creating package script '/home/aravind/mp_ws/install/mp_utils/share/mp_utils/package.sh'
[0.864s] INFO:colcon.colcon_core.shell:Creating package script '/home/aravind/mp_ws/install/mp_utils/share/mp_utils/package.bash'
[0.864s] INFO:colcon.colcon_core.shell:Creating package script '/home/aravind/mp_ws/install/mp_utils/share/mp_utils/package.zsh'
[0.864s] Level 1:colcon.colcon_core.environment:create_file_with_runtime_dependencies(/home/aravind/mp_ws/install/mp_utils/share/colcon-core/packages/mp_utils)
[0.864s] Level 1:colcon.colcon_core.environment:create_environment_scripts_only(mp_utils)
[0.864s] Level 1:colcon.colcon_core.environment:checking '/home/aravind/mp_ws/install/mp_utils' for CMake module files
[0.865s] Level 1:colcon.colcon_core.environment:checking '/home/aravind/mp_ws/install/mp_utils' for CMake config files
[0.865s] Level 1:colcon.colcon_core.shell:create_environment_hook('mp_utils', 'cmake_prefix_path')
[0.865s] INFO:colcon.colcon_core.shell:Creating environment hook '/home/aravind/mp_ws/install/mp_utils/share/mp_utils/hook/cmake_prefix_path.ps1'
[0.865s] INFO:colcon.colcon_core.shell:Creating environment descriptor '/home/aravind/mp_ws/install/mp_utils/share/mp_utils/hook/cmake_prefix_path.dsv'
[0.865s] INFO:colcon.colcon_core.shell:Creating environment hook '/home/aravind/mp_ws/install/mp_utils/share/mp_utils/hook/cmake_prefix_path.sh'
[0.866s] Level 1:colcon.colcon_core.environment:checking '/home/aravind/mp_ws/install/mp_utils/lib'
[0.866s] Level 1:colcon.colcon_core.environment:checking '/home/aravind/mp_ws/install/mp_utils/bin'
[0.866s] Level 1:colcon.colcon_core.environment:checking '/home/aravind/mp_ws/install/mp_utils/lib/pkgconfig/mp_utils.pc'
[0.866s] Level 1:colcon.colcon_core.environment:checking '/home/aravind/mp_ws/install/mp_utils/lib/python3.10/site-packages'
[0.866s] Level 1:colcon.colcon_core.environment:checking '/home/aravind/mp_ws/install/mp_utils/bin'
[0.866s] INFO:colcon.colcon_core.shell:Creating package script '/home/aravind/mp_ws/install/mp_utils/share/mp_utils/package.ps1'
[0.866s] INFO:colcon.colcon_core.shell:Creating package descriptor '/home/aravind/mp_ws/install/mp_utils/share/mp_utils/package.dsv'
[0.867s] INFO:colcon.colcon_core.shell:Creating package script '/home/aravind/mp_ws/install/mp_utils/share/mp_utils/package.sh'
[0.867s] INFO:colcon.colcon_core.shell:Creating package script '/home/aravind/mp_ws/install/mp_utils/share/mp_utils/package.bash'
[0.867s] INFO:colcon.colcon_core.shell:Creating package script '/home/aravind/mp_ws/install/mp_utils/share/mp_utils/package.zsh'
[0.867s] Level 1:colcon.colcon_core.environment:create_file_with_runtime_dependencies(/home/aravind/mp_ws/install/mp_utils/share/colcon-core/packages/mp_utils)
[0.867s] DEBUG:colcon.colcon_parallel_executor.executor.parallel:closing loop
[0.867s] DEBUG:colcon.colcon_parallel_executor.executor.parallel:loop closed
[0.867s] DEBUG:colcon.colcon_parallel_executor.executor.parallel:run_until_complete finished with '0'
[0.868s] DEBUG:colcon.colcon_core.event_reactor:joining thread
[0.871s] INFO:colcon.colcon_core.plugin_system:Skipping extension 'colcon_notification.desktop_notification.terminal_notifier': Not used on non-Darwin systems
[0.871s] INFO:colcon.colcon_core.plugin_system:Skipping extension 'colcon_notification.desktop_notification.win32': Not used on non-Windows systems
[0.871s] INFO:colcon.colcon_notification.desktop_notification:Sending desktop notification using 'notify2'
[0.881s] DEBUG:colcon.colcon_core.event_reactor:joined thread
[0.881s] INFO:colcon.colcon_core.shell:Creating prefix script '/home/aravind/mp_ws/install/local_setup.ps1'
[0.882s] INFO:colcon.colcon_core.shell:Creating prefix util module '/home/aravind/mp_ws/install/_local_setup_util_ps1.py'
[0.882s] INFO:colcon.colcon_core.shell:Creating prefix chain script '/home/aravind/mp_ws/install/setup.ps1'
[0.883s] INFO:colcon.colcon_core.shell:Creating prefix script '/home/aravind/mp_ws/install/local_setup.sh'
[0.883s] INFO:colcon.colcon_core.shell:Creating prefix util module '/home/aravind/mp_ws/install/_local_setup_util_sh.py'
[0.884s] INFO:colcon.colcon_core.shell:Creating prefix chain script '/home/aravind/mp_ws/install/setup.sh'
[0.884s] INFO:colcon.colcon_core.shell:Creating prefix script '/home/aravind/mp_ws/install/local_setup.bash'
[0.884s] INFO:colcon.colcon_core.shell:Creating prefix chain script '/home/aravind/mp_ws/install/setup.bash'
[0.885s] INFO:colcon.colcon_core.shell:Creating prefix script '/home/aravind/mp_ws/install/local_setup.zsh'
[0.885s] INFO:colcon.colcon_core.shell:Creating prefix chain script '/home/aravind/mp_ws/install/setup.zsh'
