[0.082s] DEBUG:colcon:Command line arguments: ['/usr/bin/colcon', 'build']
[0.082s] DEBUG:colcon:Parsed command line arguments: Namespace(log_base=None, log_level=None, verb_name='build', build_base='build', install_base='install', merge_install=False, symlink_install=False, test_result_base=None, continue_on_error=False, executor='parallel', parallel_workers=12, event_handlers=None, ignore_user_meta=False, metas=['./colcon.meta'], base_paths=['.'], packages_ignore=None, packages_ignore_regex=None, paths=None, packages_up_to=None, packages_up_to_regex=None, packages_above=None, packages_above_and_dependencies=None, packages_above_depth=None, packages_select_by_dep=None, packages_skip_by_dep=None, packages_skip_up_to=None, packages_select_build_failed=False, packages_skip_build_finished=False, packages_select_test_failures=False, packages_skip_test_passed=False, packages_select=None, packages_skip=None, packages_select_regex=None, packages_skip_regex=None, packages_start=None, packages_end=None, allow_overriding=[], cmake_args=None, cmake_target=None, cmake_target_skip_unavailable=False, cmake_clean_cache=False, cmake_clean_first=False, cmake_force_configure=False, ament_cmake_args=None, catkin_cmake_args=None, catkin_skip_building_tests=False, mixin_files=None, mixin=None, verb_parser=<colcon_mixin.mixin.mixin_argument.MixinArgumentDecorator object at 0x723f8bf557e0>, verb_extension=<colcon_core.verb.build.BuildVerb object at 0x723f8c042710>, main=<bound method BuildVerb.main of <colcon_core.verb.build.BuildVerb object at 0x723f8c042710>>, mixin_verb=('build',))
[0.195s] Level 1:colcon.colcon_core.package_discovery:discover_packages(colcon_meta) check parameters
[0.195s] Level 1:colcon.colcon_core.package_discovery:discover_packages(recursive) check parameters
[0.195s] Level 1:colcon.colcon_core.package_discovery:discover_packages(ignore) check parameters
[0.195s] Level 1:colcon.colcon_core.package_discovery:discover_packages(path) check parameters
[0.195s] Level 1:colcon.colcon_core.package_discovery:discover_packages(colcon_meta) discover
[0.195s] Level 1:colcon.colcon_core.package_discovery:discover_packages(recursive) discover
[0.195s] INFO:colcon.colcon_core.package_discovery:Crawling recursively for packages in '/home/aravind/mp_ws'
[0.195s] Level 1:colcon.colcon_core.package_identification:_identify(.) by extensions ['ignore', 'ignore_ament_install']
[0.195s] Level 1:colcon.colcon_core.package_identification:_identify(.) by extension 'ignore'
[0.195s] Level 1:colcon.colcon_core.package_identification:_identify(.) by extension 'ignore_ament_install'
[0.195s] Level 1:colcon.colcon_core.package_identification:_identify(.) by extensions ['colcon_pkg']
[0.195s] Level 1:colcon.colcon_core.package_identification:_identify(.) by extension 'colcon_pkg'
[0.195s] Level 1:colcon.colcon_core.package_identification:_identify(.) by extensions ['colcon_meta']
[0.195s] Level 1:colcon.colcon_core.package_identification:_identify(.) by extension 'colcon_meta'
[0.195s] Level 1:colcon.colcon_core.package_identification:_identify(.) by extensions ['ros']
[0.195s] Level 1:colcon.colcon_core.package_identification:_identify(.) by extension 'ros'
[0.203s] Level 1:colcon.colcon_core.package_identification:_identify(.) by extensions ['cmake', 'python']
[0.203s] Level 1:colcon.colcon_core.package_identification:_identify(.) by extension 'cmake'
[0.203s] Level 1:colcon.colcon_core.package_identification:_identify(.) by extension 'python'
[0.203s] Level 1:colcon.colcon_core.package_identification:_identify(.) by extensions ['python_setup_py']
[0.203s] Level 1:colcon.colcon_core.package_identification:_identify(.) by extension 'python_setup_py'
[0.204s] Level 1:colcon.colcon_core.package_identification:_identify(build) by extensions ['ignore', 'ignore_ament_install']
[0.204s] Level 1:colcon.colcon_core.package_identification:_identify(build) by extension 'ignore'
[0.204s] Level 1:colcon.colcon_core.package_identification:_identify(build) ignored
[0.204s] Level 1:colcon.colcon_core.package_identification:_identify(install) by extensions ['ignore', 'ignore_ament_install']
[0.204s] Level 1:colcon.colcon_core.package_identification:_identify(install) by extension 'ignore'
[0.204s] Level 1:colcon.colcon_core.package_identification:_identify(install) ignored
[0.204s] Level 1:colcon.colcon_core.package_identification:_identify(log) by extensions ['ignore', 'ignore_ament_install']
[0.204s] Level 1:colcon.colcon_core.package_identification:_identify(log) by extension 'ignore'
[0.204s] Level 1:colcon.colcon_core.package_identification:_identify(log) ignored
[0.204s] Level 1:colcon.colcon_core.package_identification:_identify(src) by extensions ['ignore', 'ignore_ament_install']
[0.204s] Level 1:colcon.colcon_core.package_identification:_identify(src) by extension 'ignore'
[0.204s] Level 1:colcon.colcon_core.package_identification:_identify(src) by extension 'ignore_ament_install'
[0.204s] Level 1:colcon.colcon_core.package_identification:_identify(src) by extensions ['colcon_pkg']
[0.204s] Level 1:colcon.colcon_core.package_identification:_identify(src) by extension 'colcon_pkg'
[0.204s] Level 1:colcon.colcon_core.package_identification:_identify(src) by extensions ['colcon_meta']
[0.204s] Level 1:colcon.colcon_core.package_identification:_identify(src) by extension 'colcon_meta'
[0.204s] Level 1:colcon.colcon_core.package_identification:_identify(src) by extensions ['ros']
[0.204s] Level 1:colcon.colcon_core.package_identification:_identify(src) by extension 'ros'
[0.204s] Level 1:colcon.colcon_core.package_identification:_identify(src) by extensions ['cmake', 'python']
[0.204s] Level 1:colcon.colcon_core.package_identification:_identify(src) by extension 'cmake'
[0.204s] Level 1:colcon.colcon_core.package_identification:_identify(src) by extension 'python'
[0.204s] Level 1:colcon.colcon_core.package_identification:_identify(src) by extensions ['python_setup_py']
[0.204s] Level 1:colcon.colcon_core.package_identification:_identify(src) by extension 'python_setup_py'
[0.204s] Level 1:colcon.colcon_core.package_identification:_identify(src/mp_controller) by extensions ['ignore', 'ignore_ament_install']
[0.205s] Level 1:colcon.colcon_core.package_identification:_identify(src/mp_controller) by extension 'ignore'
[0.205s] Level 1:colcon.colcon_core.package_identification:_identify(src/mp_controller) by extension 'ignore_ament_install'
[0.205s] Level 1:colcon.colcon_core.package_identification:_identify(src/mp_controller) by extensions ['colcon_pkg']
[0.205s] Level 1:colcon.colcon_core.package_identification:_identify(src/mp_controller) by extension 'colcon_pkg'
[0.205s] Level 1:colcon.colcon_core.package_identification:_identify(src/mp_controller) by extensions ['colcon_meta']
[0.205s] Level 1:colcon.colcon_core.package_identification:_identify(src/mp_controller) by extension 'colcon_meta'
[0.205s] Level 1:colcon.colcon_core.package_identification:_identify(src/mp_controller) by extensions ['ros']
[0.205s] Level 1:colcon.colcon_core.package_identification:_identify(src/mp_controller) by extension 'ros'
[0.206s] DEBUG:colcon.colcon_core.package_identification:Package 'src/mp_controller' with type 'ros.ament_cmake' and name 'mp_controller'
[0.207s] Level 1:colcon.colcon_core.package_identification:_identify(src/mp_description) by extensions ['ignore', 'ignore_ament_install']
[0.207s] Level 1:colcon.colcon_core.package_identification:_identify(src/mp_description) by extension 'ignore'
[0.207s] Level 1:colcon.colcon_core.package_identification:_identify(src/mp_description) by extension 'ignore_ament_install'
[0.207s] Level 1:colcon.colcon_core.package_identification:_identify(src/mp_description) by extensions ['colcon_pkg']
[0.207s] Level 1:colcon.colcon_core.package_identification:_identify(src/mp_description) by extension 'colcon_pkg'
[0.207s] Level 1:colcon.colcon_core.package_identification:_identify(src/mp_description) by extensions ['colcon_meta']
[0.207s] Level 1:colcon.colcon_core.package_identification:_identify(src/mp_description) by extension 'colcon_meta'
[0.207s] Level 1:colcon.colcon_core.package_identification:_identify(src/mp_description) by extensions ['ros']
[0.207s] Level 1:colcon.colcon_core.package_identification:_identify(src/mp_description) by extension 'ros'
[0.207s] DEBUG:colcon.colcon_core.package_identification:Package 'src/mp_description' with type 'ros.ament_cmake' and name 'mp_description'
[0.207s] Level 1:colcon.colcon_core.package_identification:_identify(src/mp_moveit) by extensions ['ignore', 'ignore_ament_install']
[0.207s] Level 1:colcon.colcon_core.package_identification:_identify(src/mp_moveit) by extension 'ignore'
[0.207s] Level 1:colcon.colcon_core.package_identification:_identify(src/mp_moveit) by extension 'ignore_ament_install'
[0.208s] Level 1:colcon.colcon_core.package_identification:_identify(src/mp_moveit) by extensions ['colcon_pkg']
[0.208s] Level 1:colcon.colcon_core.package_identification:_identify(src/mp_moveit) by extension 'colcon_pkg'
[0.208s] Level 1:colcon.colcon_core.package_identification:_identify(src/mp_moveit) by extensions ['colcon_meta']
[0.208s] Level 1:colcon.colcon_core.package_identification:_identify(src/mp_moveit) by extension 'colcon_meta'
[0.208s] Level 1:colcon.colcon_core.package_identification:_identify(src/mp_moveit) by extensions ['ros']
[0.208s] Level 1:colcon.colcon_core.package_identification:_identify(src/mp_moveit) by extension 'ros'
[0.208s] DEBUG:colcon.colcon_core.package_identification:Package 'src/mp_moveit' with type 'ros.ament_cmake' and name 'mp_moveit'
[0.208s] Level 1:colcon.colcon_core.package_identification:_identify(src/mp_msgs) by extensions ['ignore', 'ignore_ament_install']
[0.208s] Level 1:colcon.colcon_core.package_identification:_identify(src/mp_msgs) by extension 'ignore'
[0.208s] Level 1:colcon.colcon_core.package_identification:_identify(src/mp_msgs) by extension 'ignore_ament_install'
[0.208s] Level 1:colcon.colcon_core.package_identification:_identify(src/mp_msgs) by extensions ['colcon_pkg']
[0.208s] Level 1:colcon.colcon_core.package_identification:_identify(src/mp_msgs) by extension 'colcon_pkg'
[0.208s] Level 1:colcon.colcon_core.package_identification:_identify(src/mp_msgs) by extensions ['colcon_meta']
[0.208s] Level 1:colcon.colcon_core.package_identification:_identify(src/mp_msgs) by extension 'colcon_meta'
[0.208s] Level 1:colcon.colcon_core.package_identification:_identify(src/mp_msgs) by extensions ['ros']
[0.208s] Level 1:colcon.colcon_core.package_identification:_identify(src/mp_msgs) by extension 'ros'
[0.209s] DEBUG:colcon.colcon_core.package_identification:Package 'src/mp_msgs' with type 'ros.ament_cmake' and name 'mp_msgs'
[0.209s] Level 1:colcon.colcon_core.package_identification:_identify(src/mp_utils) by extensions ['ignore', 'ignore_ament_install']
[0.209s] Level 1:colcon.colcon_core.package_identification:_identify(src/mp_utils) by extension 'ignore'
[0.209s] Level 1:colcon.colcon_core.package_identification:_identify(src/mp_utils) by extension 'ignore_ament_install'
[0.209s] Level 1:colcon.colcon_core.package_identification:_identify(src/mp_utils) by extensions ['colcon_pkg']
[0.209s] Level 1:colcon.colcon_core.package_identification:_identify(src/mp_utils) by extension 'colcon_pkg'
[0.209s] Level 1:colcon.colcon_core.package_identification:_identify(src/mp_utils) by extensions ['colcon_meta']
[0.209s] Level 1:colcon.colcon_core.package_identification:_identify(src/mp_utils) by extension 'colcon_meta'
[0.209s] Level 1:colcon.colcon_core.package_identification:_identify(src/mp_utils) by extensions ['ros']
[0.209s] Level 1:colcon.colcon_core.package_identification:_identify(src/mp_utils) by extension 'ros'
[0.209s] DEBUG:colcon.colcon_core.package_identification:Package 'src/mp_utils' with type 'ros.ament_cmake' and name 'mp_utils'
[0.210s] Level 1:colcon.colcon_core.package_discovery:discover_packages(recursive) using defaults
[0.210s] Level 1:colcon.colcon_core.package_discovery:discover_packages(ignore) discover
[0.210s] Level 1:colcon.colcon_core.package_discovery:discover_packages(ignore) using defaults
[0.210s] Level 1:colcon.colcon_core.package_discovery:discover_packages(path) discover
[0.210s] Level 1:colcon.colcon_core.package_discovery:discover_packages(path) using defaults
[0.234s] Level 1:colcon.colcon_core.package_discovery:discover_packages(prefix_path) check parameters
[0.235s] Level 1:colcon.colcon_core.package_discovery:discover_packages(prefix_path) discover
[0.238s] DEBUG:colcon.colcon_installed_package_information.package_discovery:Found 433 installed packages in /opt/ros/humble
[0.239s] Level 1:colcon.colcon_core.package_discovery:discover_packages(prefix_path) using defaults
[0.295s] Level 5:colcon.colcon_core.verb:set package 'mp_controller' build argument 'cmake_args' from command line to 'None'
[0.295s] Level 5:colcon.colcon_core.verb:set package 'mp_controller' build argument 'cmake_target' from command line to 'None'
[0.295s] Level 5:colcon.colcon_core.verb:set package 'mp_controller' build argument 'cmake_target_skip_unavailable' from command line to 'False'
[0.295s] Level 5:colcon.colcon_core.verb:set package 'mp_controller' build argument 'cmake_clean_cache' from command line to 'False'
[0.295s] Level 5:colcon.colcon_core.verb:set package 'mp_controller' build argument 'cmake_clean_first' from command line to 'False'
[0.295s] Level 5:colcon.colcon_core.verb:set package 'mp_controller' build argument 'cmake_force_configure' from command line to 'False'
[0.295s] Level 5:colcon.colcon_core.verb:set package 'mp_controller' build argument 'ament_cmake_args' from command line to 'None'
[0.295s] Level 5:colcon.colcon_core.verb:set package 'mp_controller' build argument 'catkin_cmake_args' from command line to 'None'
[0.295s] Level 5:colcon.colcon_core.verb:set package 'mp_controller' build argument 'catkin_skip_building_tests' from command line to 'False'
[0.295s] DEBUG:colcon.colcon_core.verb:Building package 'mp_controller' with the following arguments: {'ament_cmake_args': None, 'build_base': '/home/aravind/mp_ws/build/mp_controller', 'catkin_cmake_args': None, 'catkin_skip_building_tests': False, 'cmake_args': None, 'cmake_clean_cache': False, 'cmake_clean_first': False, 'cmake_force_configure': False, 'cmake_target': None, 'cmake_target_skip_unavailable': False, 'install_base': '/home/aravind/mp_ws/install/mp_controller', 'merge_install': False, 'path': '/home/aravind/mp_ws/src/mp_controller', 'symlink_install': False, 'test_result_base': None}
[0.295s] Level 5:colcon.colcon_core.verb:set package 'mp_description' build argument 'cmake_args' from command line to 'None'
[0.295s] Level 5:colcon.colcon_core.verb:set package 'mp_description' build argument 'cmake_target' from command line to 'None'
[0.295s] Level 5:colcon.colcon_core.verb:set package 'mp_description' build argument 'cmake_target_skip_unavailable' from command line to 'False'
[0.295s] Level 5:colcon.colcon_core.verb:set package 'mp_description' build argument 'cmake_clean_cache' from command line to 'False'
[0.295s] Level 5:colcon.colcon_core.verb:set package 'mp_description' build argument 'cmake_clean_first' from command line to 'False'
[0.295s] Level 5:colcon.colcon_core.verb:set package 'mp_description' build argument 'cmake_force_configure' from command line to 'False'
[0.295s] Level 5:colcon.colcon_core.verb:set package 'mp_description' build argument 'ament_cmake_args' from command line to 'None'
[0.296s] Level 5:colcon.colcon_core.verb:set package 'mp_description' build argument 'catkin_cmake_args' from command line to 'None'
[0.296s] Level 5:colcon.colcon_core.verb:set package 'mp_description' build argument 'catkin_skip_building_tests' from command line to 'False'
[0.296s] DEBUG:colcon.colcon_core.verb:Building package 'mp_description' with the following arguments: {'ament_cmake_args': None, 'build_base': '/home/aravind/mp_ws/build/mp_description', 'catkin_cmake_args': None, 'catkin_skip_building_tests': False, 'cmake_args': None, 'cmake_clean_cache': False, 'cmake_clean_first': False, 'cmake_force_configure': False, 'cmake_target': None, 'cmake_target_skip_unavailable': False, 'install_base': '/home/aravind/mp_ws/install/mp_description', 'merge_install': False, 'path': '/home/aravind/mp_ws/src/mp_description', 'symlink_install': False, 'test_result_base': None}
[0.296s] Level 5:colcon.colcon_core.verb:set package 'mp_moveit' build argument 'cmake_args' from command line to 'None'
[0.296s] Level 5:colcon.colcon_core.verb:set package 'mp_moveit' build argument 'cmake_target' from command line to 'None'
[0.296s] Level 5:colcon.colcon_core.verb:set package 'mp_moveit' build argument 'cmake_target_skip_unavailable' from command line to 'False'
[0.296s] Level 5:colcon.colcon_core.verb:set package 'mp_moveit' build argument 'cmake_clean_cache' from command line to 'False'
[0.296s] Level 5:colcon.colcon_core.verb:set package 'mp_moveit' build argument 'cmake_clean_first' from command line to 'False'
[0.296s] Level 5:colcon.colcon_core.verb:set package 'mp_moveit' build argument 'cmake_force_configure' from command line to 'False'
[0.296s] Level 5:colcon.colcon_core.verb:set package 'mp_moveit' build argument 'ament_cmake_args' from command line to 'None'
[0.296s] Level 5:colcon.colcon_core.verb:set package 'mp_moveit' build argument 'catkin_cmake_args' from command line to 'None'
[0.296s] Level 5:colcon.colcon_core.verb:set package 'mp_moveit' build argument 'catkin_skip_building_tests' from command line to 'False'
[0.296s] DEBUG:colcon.colcon_core.verb:Building package 'mp_moveit' with the following arguments: {'ament_cmake_args': None, 'build_base': '/home/aravind/mp_ws/build/mp_moveit', 'catkin_cmake_args': None, 'catkin_skip_building_tests': False, 'cmake_args': None, 'cmake_clean_cache': False, 'cmake_clean_first': False, 'cmake_force_configure': False, 'cmake_target': None, 'cmake_target_skip_unavailable': False, 'install_base': '/home/aravind/mp_ws/install/mp_moveit', 'merge_install': False, 'path': '/home/aravind/mp_ws/src/mp_moveit', 'symlink_install': False, 'test_result_base': None}
[0.296s] Level 5:colcon.colcon_core.verb:set package 'mp_msgs' build argument 'cmake_args' from command line to 'None'
[0.296s] Level 5:colcon.colcon_core.verb:set package 'mp_msgs' build argument 'cmake_target' from command line to 'None'
[0.296s] Level 5:colcon.colcon_core.verb:set package 'mp_msgs' build argument 'cmake_target_skip_unavailable' from command line to 'False'
[0.296s] Level 5:colcon.colcon_core.verb:set package 'mp_msgs' build argument 'cmake_clean_cache' from command line to 'False'
[0.296s] Level 5:colcon.colcon_core.verb:set package 'mp_msgs' build argument 'cmake_clean_first' from command line to 'False'
[0.296s] Level 5:colcon.colcon_core.verb:set package 'mp_msgs' build argument 'cmake_force_configure' from command line to 'False'
[0.296s] Level 5:colcon.colcon_core.verb:set package 'mp_msgs' build argument 'ament_cmake_args' from command line to 'None'
[0.296s] Level 5:colcon.colcon_core.verb:set package 'mp_msgs' build argument 'catkin_cmake_args' from command line to 'None'
[0.296s] Level 5:colcon.colcon_core.verb:set package 'mp_msgs' build argument 'catkin_skip_building_tests' from command line to 'False'
[0.296s] DEBUG:colcon.colcon_core.verb:Building package 'mp_msgs' with the following arguments: {'ament_cmake_args': None, 'build_base': '/home/aravind/mp_ws/build/mp_msgs', 'catkin_cmake_args': None, 'catkin_skip_building_tests': False, 'cmake_args': None, 'cmake_clean_cache': False, 'cmake_clean_first': False, 'cmake_force_configure': False, 'cmake_target': None, 'cmake_target_skip_unavailable': False, 'install_base': '/home/aravind/mp_ws/install/mp_msgs', 'merge_install': False, 'path': '/home/aravind/mp_ws/src/mp_msgs', 'symlink_install': False, 'test_result_base': None}
[0.297s] Level 5:colcon.colcon_core.verb:set package 'mp_utils' build argument 'cmake_args' from command line to 'None'
[0.297s] Level 5:colcon.colcon_core.verb:set package 'mp_utils' build argument 'cmake_target' from command line to 'None'
[0.297s] Level 5:colcon.colcon_core.verb:set package 'mp_utils' build argument 'cmake_target_skip_unavailable' from command line to 'False'
[0.297s] Level 5:colcon.colcon_core.verb:set package 'mp_utils' build argument 'cmake_clean_cache' from command line to 'False'
[0.297s] Level 5:colcon.colcon_core.verb:set package 'mp_utils' build argument 'cmake_clean_first' from command line to 'False'
[0.297s] Level 5:colcon.colcon_core.verb:set package 'mp_utils' build argument 'cmake_force_configure' from command line to 'False'
[0.297s] Level 5:colcon.colcon_core.verb:set package 'mp_utils' build argument 'ament_cmake_args' from command line to 'None'
[0.297s] Level 5:colcon.colcon_core.verb:set package 'mp_utils' build argument 'catkin_cmake_args' from command line to 'None'
[0.297s] Level 5:colcon.colcon_core.verb:set package 'mp_utils' build argument 'catkin_skip_building_tests' from command line to 'False'
[0.297s] DEBUG:colcon.colcon_core.verb:Building package 'mp_utils' with the following arguments: {'ament_cmake_args': None, 'build_base': '/home/aravind/mp_ws/build/mp_utils', 'catkin_cmake_args': None, 'catkin_skip_building_tests': False, 'cmake_args': None, 'cmake_clean_cache': False, 'cmake_clean_first': False, 'cmake_force_configure': False, 'cmake_target': None, 'cmake_target_skip_unavailable': False, 'install_base': '/home/aravind/mp_ws/install/mp_utils', 'merge_install': False, 'path': '/home/aravind/mp_ws/src/mp_utils', 'symlink_install': False, 'test_result_base': None}
[0.297s] INFO:colcon.colcon_core.executor:Executing jobs using 'parallel' executor
[0.298s] DEBUG:colcon.colcon_parallel_executor.executor.parallel:run_until_complete
[0.298s] INFO:colcon.colcon_ros.task.ament_cmake.build:Building ROS package in '/home/aravind/mp_ws/src/mp_msgs' with build type 'ament_cmake'
[0.298s] INFO:colcon.colcon_cmake.task.cmake.build:Building CMake package in '/home/aravind/mp_ws/src/mp_msgs'
[0.300s] INFO:colcon.colcon_core.plugin_system:Skipping extension 'colcon_core.shell.bat': Not used on non-Windows systems
[0.300s] INFO:colcon.colcon_core.shell:Skip shell extension 'powershell' for command environment: Not usable outside of PowerShell
[0.300s] DEBUG:colcon.colcon_core.shell:Skip shell extension 'dsv' for command environment
[0.304s] INFO:colcon.colcon_ros.task.ament_cmake.build:Building ROS package in '/home/aravind/mp_ws/src/mp_controller' with build type 'ament_cmake'
[0.304s] INFO:colcon.colcon_cmake.task.cmake.build:Building CMake package in '/home/aravind/mp_ws/src/mp_controller'
[0.305s] INFO:colcon.colcon_core.shell:Skip shell extension 'powershell' for command environment: Not usable outside of PowerShell
[0.305s] DEBUG:colcon.colcon_core.shell:Skip shell extension 'dsv' for command environment
[0.307s] INFO:colcon.colcon_ros.task.ament_cmake.build:Building ROS package in '/home/aravind/mp_ws/src/mp_description' with build type 'ament_cmake'
[0.307s] INFO:colcon.colcon_cmake.task.cmake.build:Building CMake package in '/home/aravind/mp_ws/src/mp_description'
[0.308s] INFO:colcon.colcon_core.shell:Skip shell extension 'powershell' for command environment: Not usable outside of PowerShell
[0.308s] DEBUG:colcon.colcon_core.shell:Skip shell extension 'dsv' for command environment
[0.310s] INFO:colcon.colcon_ros.task.ament_cmake.build:Building ROS package in '/home/aravind/mp_ws/src/mp_moveit' with build type 'ament_cmake'
[0.310s] INFO:colcon.colcon_cmake.task.cmake.build:Building CMake package in '/home/aravind/mp_ws/src/mp_moveit'
[0.310s] INFO:colcon.colcon_core.shell:Skip shell extension 'powershell' for command environment: Not usable outside of PowerShell
[0.310s] DEBUG:colcon.colcon_core.shell:Skip shell extension 'dsv' for command environment
[0.318s] DEBUG:colcon.colcon_core.event_handler.log_command:Invoking command in '/home/aravind/mp_ws/build/mp_msgs': CMAKE_PREFIX_PATH=/opt/ros/humble /usr/bin/cmake --build /home/aravind/mp_ws/build/mp_msgs -- -j12 -l12
[0.321s] DEBUG:colcon.colcon_core.event_handler.log_command:Invoking command in '/home/aravind/mp_ws/build/mp_controller': CMAKE_PREFIX_PATH=/opt/ros/humble /usr/bin/cmake --build /home/aravind/mp_ws/build/mp_controller -- -j12 -l12
[0.326s] DEBUG:colcon.colcon_core.event_handler.log_command:Invoking command in '/home/aravind/mp_ws/build/mp_description': CMAKE_PREFIX_PATH=/opt/ros/humble /usr/bin/cmake --build /home/aravind/mp_ws/build/mp_description -- -j12 -l12
[0.334s] DEBUG:colcon.colcon_core.event_handler.log_command:Invoking command in '/home/aravind/mp_ws/build/mp_moveit': CMAKE_PREFIX_PATH=/opt/ros/humble /usr/bin/cmake --build /home/aravind/mp_ws/build/mp_moveit -- -j12 -l12
[0.362s] DEBUG:colcon.colcon_core.event_handler.log_command:Invoked command in '/home/aravind/mp_ws/build/mp_description' returned '0': CMAKE_PREFIX_PATH=/opt/ros/humble /usr/bin/cmake --build /home/aravind/mp_ws/build/mp_description -- -j12 -l12
[0.375s] DEBUG:colcon.colcon_core.event_handler.log_command:Invoking command in '/home/aravind/mp_ws/build/mp_description': CMAKE_PREFIX_PATH=/opt/ros/humble /usr/bin/cmake --install /home/aravind/mp_ws/build/mp_description
[0.377s] DEBUG:colcon.colcon_core.event_handler.log_command:Invoked command in '/home/aravind/mp_ws/build/mp_controller' returned '0': CMAKE_PREFIX_PATH=/opt/ros/humble /usr/bin/cmake --build /home/aravind/mp_ws/build/mp_controller -- -j12 -l12
[0.379s] DEBUG:colcon.colcon_core.event_handler.log_command:Invoking command in '/home/aravind/mp_ws/build/mp_controller': CMAKE_PREFIX_PATH=/opt/ros/humble /usr/bin/cmake --install /home/aravind/mp_ws/build/mp_controller
[0.381s] DEBUG:colcon.colcon_core.event_handler.log_command:Invoked command in '/home/aravind/mp_ws/build/mp_moveit' returned '0': CMAKE_PREFIX_PATH=/opt/ros/humble /usr/bin/cmake --build /home/aravind/mp_ws/build/mp_moveit -- -j12 -l12
[0.383s] DEBUG:colcon.colcon_core.event_handler.log_command:Invoking command in '/home/aravind/mp_ws/build/mp_moveit': CMAKE_PREFIX_PATH=/opt/ros/humble /usr/bin/cmake --install /home/aravind/mp_ws/build/mp_moveit
[0.395s] Level 1:colcon.colcon_core.environment:create_environment_scripts_only(mp_description)
[0.411s] Level 1:colcon.colcon_core.environment:checking '/home/aravind/mp_ws/install/mp_description' for CMake module files
[0.411s] Level 1:colcon.colcon_core.environment:checking '/home/aravind/mp_ws/install/mp_description' for CMake config files
[0.413s] DEBUG:colcon.colcon_core.event_handler.log_command:Invoked command in '/home/aravind/mp_ws/build/mp_description' returned '0': CMAKE_PREFIX_PATH=/opt/ros/humble /usr/bin/cmake --install /home/aravind/mp_ws/build/mp_description
[0.414s] Level 1:colcon.colcon_core.shell:create_environment_hook('mp_description', 'cmake_prefix_path')
[0.415s] INFO:colcon.colcon_core.shell:Creating environment hook '/home/aravind/mp_ws/install/mp_description/share/mp_description/hook/cmake_prefix_path.ps1'
[0.416s] INFO:colcon.colcon_core.shell:Creating environment descriptor '/home/aravind/mp_ws/install/mp_description/share/mp_description/hook/cmake_prefix_path.dsv'
[0.416s] INFO:colcon.colcon_core.shell:Creating environment hook '/home/aravind/mp_ws/install/mp_description/share/mp_description/hook/cmake_prefix_path.sh'
[0.417s] Level 1:colcon.colcon_core.environment:checking '/home/aravind/mp_ws/install/mp_description/bin'
[0.417s] Level 1:colcon.colcon_core.environment:checking '/home/aravind/mp_ws/install/mp_description/lib/pkgconfig/mp_description.pc'
[0.417s] Level 1:colcon.colcon_core.environment:checking '/home/aravind/mp_ws/install/mp_description/lib/python3.10/site-packages'
[0.417s] Level 1:colcon.colcon_core.environment:checking '/home/aravind/mp_ws/install/mp_description/bin'
[0.418s] INFO:colcon.colcon_core.shell:Creating package script '/home/aravind/mp_ws/install/mp_description/share/mp_description/package.ps1'
[0.418s] INFO:colcon.colcon_core.shell:Creating package descriptor '/home/aravind/mp_ws/install/mp_description/share/mp_description/package.dsv'
[0.419s] INFO:colcon.colcon_core.shell:Creating package script '/home/aravind/mp_ws/install/mp_description/share/mp_description/package.sh'
[0.419s] INFO:colcon.colcon_core.shell:Creating package script '/home/aravind/mp_ws/install/mp_description/share/mp_description/package.bash'
[0.420s] INFO:colcon.colcon_core.shell:Creating package script '/home/aravind/mp_ws/install/mp_description/share/mp_description/package.zsh'
[0.421s] Level 1:colcon.colcon_core.environment:create_file_with_runtime_dependencies(/home/aravind/mp_ws/install/mp_description/share/colcon-core/packages/mp_description)
[0.421s] Level 1:colcon.colcon_core.environment:create_environment_scripts_only(mp_description)
[0.421s] Level 1:colcon.colcon_core.environment:checking '/home/aravind/mp_ws/install/mp_description' for CMake module files
[0.422s] Level 1:colcon.colcon_core.environment:checking '/home/aravind/mp_ws/install/mp_description' for CMake config files
[0.422s] Level 1:colcon.colcon_core.shell:create_environment_hook('mp_description', 'cmake_prefix_path')
[0.422s] INFO:colcon.colcon_core.shell:Creating environment hook '/home/aravind/mp_ws/install/mp_description/share/mp_description/hook/cmake_prefix_path.ps1'
[0.422s] INFO:colcon.colcon_core.shell:Creating environment descriptor '/home/aravind/mp_ws/install/mp_description/share/mp_description/hook/cmake_prefix_path.dsv'
[0.423s] INFO:colcon.colcon_core.shell:Creating environment hook '/home/aravind/mp_ws/install/mp_description/share/mp_description/hook/cmake_prefix_path.sh'
[0.423s] Level 1:colcon.colcon_core.environment:checking '/home/aravind/mp_ws/install/mp_description/bin'
[0.423s] Level 1:colcon.colcon_core.environment:checking '/home/aravind/mp_ws/install/mp_description/lib/pkgconfig/mp_description.pc'
[0.423s] Level 1:colcon.colcon_core.environment:checking '/home/aravind/mp_ws/install/mp_description/lib/python3.10/site-packages'
[0.423s] Level 1:colcon.colcon_core.environment:checking '/home/aravind/mp_ws/install/mp_description/bin'
[0.424s] INFO:colcon.colcon_core.shell:Creating package script '/home/aravind/mp_ws/install/mp_description/share/mp_description/package.ps1'
[0.424s] INFO:colcon.colcon_core.shell:Creating package descriptor '/home/aravind/mp_ws/install/mp_description/share/mp_description/package.dsv'
[0.424s] INFO:colcon.colcon_core.shell:Creating package script '/home/aravind/mp_ws/install/mp_description/share/mp_description/package.sh'
[0.425s] INFO:colcon.colcon_core.shell:Creating package script '/home/aravind/mp_ws/install/mp_description/share/mp_description/package.bash'
[0.425s] INFO:colcon.colcon_core.shell:Creating package script '/home/aravind/mp_ws/install/mp_description/share/mp_description/package.zsh'
[0.425s] Level 1:colcon.colcon_core.environment:create_file_with_runtime_dependencies(/home/aravind/mp_ws/install/mp_description/share/colcon-core/packages/mp_description)
[0.426s] Level 1:colcon.colcon_core.environment:create_environment_scripts_only(mp_moveit)
[0.426s] Level 1:colcon.colcon_core.environment:checking '/home/aravind/mp_ws/install/mp_moveit' for CMake module files
[0.427s] DEBUG:colcon.colcon_core.event_handler.log_command:Invoked command in '/home/aravind/mp_ws/build/mp_moveit' returned '0': CMAKE_PREFIX_PATH=/opt/ros/humble /usr/bin/cmake --install /home/aravind/mp_ws/build/mp_moveit
[0.427s] Level 1:colcon.colcon_core.environment:checking '/home/aravind/mp_ws/install/mp_moveit' for CMake config files
[0.428s] Level 1:colcon.colcon_core.shell:create_environment_hook('mp_moveit', 'cmake_prefix_path')
[0.428s] INFO:colcon.colcon_core.shell:Creating environment hook '/home/aravind/mp_ws/install/mp_moveit/share/mp_moveit/hook/cmake_prefix_path.ps1'
[0.428s] INFO:colcon.colcon_core.shell:Creating environment descriptor '/home/aravind/mp_ws/install/mp_moveit/share/mp_moveit/hook/cmake_prefix_path.dsv'
[0.429s] INFO:colcon.colcon_core.shell:Creating environment hook '/home/aravind/mp_ws/install/mp_moveit/share/mp_moveit/hook/cmake_prefix_path.sh'
[0.429s] Level 1:colcon.colcon_core.environment:checking '/home/aravind/mp_ws/install/mp_moveit/bin'
[0.429s] Level 1:colcon.colcon_core.environment:checking '/home/aravind/mp_ws/install/mp_moveit/lib/pkgconfig/mp_moveit.pc'
[0.429s] Level 1:colcon.colcon_core.environment:checking '/home/aravind/mp_ws/install/mp_moveit/lib/python3.10/site-packages'
[0.430s] Level 1:colcon.colcon_core.environment:checking '/home/aravind/mp_ws/install/mp_moveit/bin'
[0.430s] INFO:colcon.colcon_core.shell:Creating package script '/home/aravind/mp_ws/install/mp_moveit/share/mp_moveit/package.ps1'
[0.430s] INFO:colcon.colcon_core.shell:Creating package descriptor '/home/aravind/mp_ws/install/mp_moveit/share/mp_moveit/package.dsv'
[0.430s] INFO:colcon.colcon_core.shell:Creating package script '/home/aravind/mp_ws/install/mp_moveit/share/mp_moveit/package.sh'
[0.431s] INFO:colcon.colcon_core.shell:Creating package script '/home/aravind/mp_ws/install/mp_moveit/share/mp_moveit/package.bash'
[0.431s] INFO:colcon.colcon_core.shell:Creating package script '/home/aravind/mp_ws/install/mp_moveit/share/mp_moveit/package.zsh'
[0.431s] Level 1:colcon.colcon_core.environment:create_file_with_runtime_dependencies(/home/aravind/mp_ws/install/mp_moveit/share/colcon-core/packages/mp_moveit)
[0.432s] Level 1:colcon.colcon_core.environment:create_environment_scripts_only(mp_moveit)
[0.432s] Level 1:colcon.colcon_core.environment:checking '/home/aravind/mp_ws/install/mp_moveit' for CMake module files
[0.432s] Level 1:colcon.colcon_core.environment:checking '/home/aravind/mp_ws/install/mp_moveit' for CMake config files
[0.433s] Level 1:colcon.colcon_core.shell:create_environment_hook('mp_moveit', 'cmake_prefix_path')
[0.433s] INFO:colcon.colcon_core.shell:Creating environment hook '/home/aravind/mp_ws/install/mp_moveit/share/mp_moveit/hook/cmake_prefix_path.ps1'
[0.433s] INFO:colcon.colcon_core.shell:Creating environment descriptor '/home/aravind/mp_ws/install/mp_moveit/share/mp_moveit/hook/cmake_prefix_path.dsv'
[0.433s] INFO:colcon.colcon_core.shell:Creating environment hook '/home/aravind/mp_ws/install/mp_moveit/share/mp_moveit/hook/cmake_prefix_path.sh'
[0.434s] Level 1:colcon.colcon_core.environment:checking '/home/aravind/mp_ws/install/mp_moveit/bin'
[0.434s] Level 1:colcon.colcon_core.environment:checking '/home/aravind/mp_ws/install/mp_moveit/lib/pkgconfig/mp_moveit.pc'
[0.434s] Level 1:colcon.colcon_core.environment:checking '/home/aravind/mp_ws/install/mp_moveit/lib/python3.10/site-packages'
[0.434s] Level 1:colcon.colcon_core.environment:checking '/home/aravind/mp_ws/install/mp_moveit/bin'
[0.434s] INFO:colcon.colcon_core.shell:Creating package script '/home/aravind/mp_ws/install/mp_moveit/share/mp_moveit/package.ps1'
[0.435s] INFO:colcon.colcon_core.shell:Creating package descriptor '/home/aravind/mp_ws/install/mp_moveit/share/mp_moveit/package.dsv'
[0.435s] INFO:colcon.colcon_core.shell:Creating package script '/home/aravind/mp_ws/install/mp_moveit/share/mp_moveit/package.sh'
[0.435s] INFO:colcon.colcon_core.shell:Creating package script '/home/aravind/mp_ws/install/mp_moveit/share/mp_moveit/package.bash'
[0.436s] INFO:colcon.colcon_core.shell:Creating package script '/home/aravind/mp_ws/install/mp_moveit/share/mp_moveit/package.zsh'
[0.436s] Level 1:colcon.colcon_core.environment:create_file_with_runtime_dependencies(/home/aravind/mp_ws/install/mp_moveit/share/colcon-core/packages/mp_moveit)
[0.436s] Level 1:colcon.colcon_core.environment:create_environment_scripts_only(mp_controller)
[0.437s] Level 1:colcon.colcon_core.environment:checking '/home/aravind/mp_ws/install/mp_controller' for CMake module files
[0.438s] DEBUG:colcon.colcon_core.event_handler.log_command:Invoked command in '/home/aravind/mp_ws/build/mp_controller' returned '0': CMAKE_PREFIX_PATH=/opt/ros/humble /usr/bin/cmake --install /home/aravind/mp_ws/build/mp_controller
[0.438s] Level 1:colcon.colcon_core.environment:checking '/home/aravind/mp_ws/install/mp_controller' for CMake config files
[0.439s] Level 1:colcon.colcon_core.shell:create_environment_hook('mp_controller', 'cmake_prefix_path')
[0.439s] INFO:colcon.colcon_core.shell:Creating environment hook '/home/aravind/mp_ws/install/mp_controller/share/mp_controller/hook/cmake_prefix_path.ps1'
[0.440s] INFO:colcon.colcon_core.shell:Creating environment descriptor '/home/aravind/mp_ws/install/mp_controller/share/mp_controller/hook/cmake_prefix_path.dsv'
[0.440s] INFO:colcon.colcon_core.shell:Creating environment hook '/home/aravind/mp_ws/install/mp_controller/share/mp_controller/hook/cmake_prefix_path.sh'
[0.441s] Level 1:colcon.colcon_core.environment:checking '/home/aravind/mp_ws/install/mp_controller/bin'
[0.441s] Level 1:colcon.colcon_core.environment:checking '/home/aravind/mp_ws/install/mp_controller/lib/pkgconfig/mp_controller.pc'
[0.441s] Level 1:colcon.colcon_core.environment:checking '/home/aravind/mp_ws/install/mp_controller/lib/python3.10/site-packages'
[0.442s] Level 1:colcon.colcon_core.environment:checking '/home/aravind/mp_ws/install/mp_controller/bin'
[0.442s] INFO:colcon.colcon_core.shell:Creating package script '/home/aravind/mp_ws/install/mp_controller/share/mp_controller/package.ps1'
[0.443s] INFO:colcon.colcon_core.shell:Creating package descriptor '/home/aravind/mp_ws/install/mp_controller/share/mp_controller/package.dsv'
[0.443s] INFO:colcon.colcon_core.shell:Creating package script '/home/aravind/mp_ws/install/mp_controller/share/mp_controller/package.sh'
[0.444s] INFO:colcon.colcon_core.shell:Creating package script '/home/aravind/mp_ws/install/mp_controller/share/mp_controller/package.bash'
[0.444s] INFO:colcon.colcon_core.shell:Creating package script '/home/aravind/mp_ws/install/mp_controller/share/mp_controller/package.zsh'
[0.444s] Level 1:colcon.colcon_core.environment:create_file_with_runtime_dependencies(/home/aravind/mp_ws/install/mp_controller/share/colcon-core/packages/mp_controller)
[0.445s] Level 1:colcon.colcon_core.environment:create_environment_scripts_only(mp_controller)
[0.445s] Level 1:colcon.colcon_core.environment:checking '/home/aravind/mp_ws/install/mp_controller' for CMake module files
[0.446s] Level 1:colcon.colcon_core.environment:checking '/home/aravind/mp_ws/install/mp_controller' for CMake config files
[0.446s] Level 1:colcon.colcon_core.shell:create_environment_hook('mp_controller', 'cmake_prefix_path')
[0.447s] INFO:colcon.colcon_core.shell:Creating environment hook '/home/aravind/mp_ws/install/mp_controller/share/mp_controller/hook/cmake_prefix_path.ps1'
[0.447s] INFO:colcon.colcon_core.shell:Creating environment descriptor '/home/aravind/mp_ws/install/mp_controller/share/mp_controller/hook/cmake_prefix_path.dsv'
[0.447s] INFO:colcon.colcon_core.shell:Creating environment hook '/home/aravind/mp_ws/install/mp_controller/share/mp_controller/hook/cmake_prefix_path.sh'
[0.448s] Level 1:colcon.colcon_core.environment:checking '/home/aravind/mp_ws/install/mp_controller/bin'
[0.448s] Level 1:colcon.colcon_core.environment:checking '/home/aravind/mp_ws/install/mp_controller/lib/pkgconfig/mp_controller.pc'
[0.448s] Level 1:colcon.colcon_core.environment:checking '/home/aravind/mp_ws/install/mp_controller/lib/python3.10/site-packages'
[0.449s] Level 1:colcon.colcon_core.environment:checking '/home/aravind/mp_ws/install/mp_controller/bin'
[0.449s] INFO:colcon.colcon_core.shell:Creating package script '/home/aravind/mp_ws/install/mp_controller/share/mp_controller/package.ps1'
[0.450s] INFO:colcon.colcon_core.shell:Creating package descriptor '/home/aravind/mp_ws/install/mp_controller/share/mp_controller/package.dsv'
[0.450s] INFO:colcon.colcon_core.shell:Creating package script '/home/aravind/mp_ws/install/mp_controller/share/mp_controller/package.sh'
[0.451s] INFO:colcon.colcon_core.shell:Creating package script '/home/aravind/mp_ws/install/mp_controller/share/mp_controller/package.bash'
[0.451s] INFO:colcon.colcon_core.shell:Creating package script '/home/aravind/mp_ws/install/mp_controller/share/mp_controller/package.zsh'
[0.452s] Level 1:colcon.colcon_core.environment:create_file_with_runtime_dependencies(/home/aravind/mp_ws/install/mp_controller/share/colcon-core/packages/mp_controller)
[0.667s] DEBUG:colcon.colcon_core.event_handler.log_command:Invoked command in '/home/aravind/mp_ws/build/mp_msgs' returned '0': CMAKE_PREFIX_PATH=/opt/ros/humble /usr/bin/cmake --build /home/aravind/mp_ws/build/mp_msgs -- -j12 -l12
[0.669s] DEBUG:colcon.colcon_core.event_handler.log_command:Invoking command in '/home/aravind/mp_ws/build/mp_msgs': CMAKE_PREFIX_PATH=/opt/ros/humble /usr/bin/cmake --install /home/aravind/mp_ws/build/mp_msgs
[0.735s] Level 1:colcon.colcon_core.environment:create_environment_scripts_only(mp_msgs)
[0.735s] Level 1:colcon.colcon_core.environment:checking '/home/aravind/mp_ws/install/mp_msgs' for CMake module files
[0.736s] DEBUG:colcon.colcon_core.event_handler.log_command:Invoked command in '/home/aravind/mp_ws/build/mp_msgs' returned '0': CMAKE_PREFIX_PATH=/opt/ros/humble /usr/bin/cmake --install /home/aravind/mp_ws/build/mp_msgs
[0.737s] Level 1:colcon.colcon_core.environment:checking '/home/aravind/mp_ws/install/mp_msgs' for CMake config files
[0.737s] Level 1:colcon.colcon_core.shell:create_environment_hook('mp_msgs', 'cmake_prefix_path')
[0.738s] INFO:colcon.colcon_core.shell:Creating environment hook '/home/aravind/mp_ws/install/mp_msgs/share/mp_msgs/hook/cmake_prefix_path.ps1'
[0.738s] INFO:colcon.colcon_core.shell:Creating environment descriptor '/home/aravind/mp_ws/install/mp_msgs/share/mp_msgs/hook/cmake_prefix_path.dsv'
[0.739s] INFO:colcon.colcon_core.shell:Creating environment hook '/home/aravind/mp_ws/install/mp_msgs/share/mp_msgs/hook/cmake_prefix_path.sh'
[0.740s] Level 1:colcon.colcon_core.environment:checking '/home/aravind/mp_ws/install/mp_msgs/lib'
[0.740s] Level 1:colcon.colcon_core.shell:create_environment_hook('mp_msgs', 'ld_library_path_lib')
[0.740s] INFO:colcon.colcon_core.shell:Creating environment hook '/home/aravind/mp_ws/install/mp_msgs/share/mp_msgs/hook/ld_library_path_lib.ps1'
[0.741s] INFO:colcon.colcon_core.shell:Creating environment descriptor '/home/aravind/mp_ws/install/mp_msgs/share/mp_msgs/hook/ld_library_path_lib.dsv'
[0.742s] INFO:colcon.colcon_core.shell:Creating environment hook '/home/aravind/mp_ws/install/mp_msgs/share/mp_msgs/hook/ld_library_path_lib.sh'
[0.742s] Level 1:colcon.colcon_core.environment:checking '/home/aravind/mp_ws/install/mp_msgs/bin'
[0.742s] Level 1:colcon.colcon_core.environment:checking '/home/aravind/mp_ws/install/mp_msgs/lib/pkgconfig/mp_msgs.pc'
[0.742s] Level 1:colcon.colcon_core.environment:checking '/home/aravind/mp_ws/install/mp_msgs/lib/python3.10/site-packages'
[0.743s] Level 1:colcon.colcon_core.environment:checking '/home/aravind/mp_ws/install/mp_msgs/bin'
[0.743s] INFO:colcon.colcon_core.shell:Creating package script '/home/aravind/mp_ws/install/mp_msgs/share/mp_msgs/package.ps1'
[0.744s] INFO:colcon.colcon_core.shell:Creating package descriptor '/home/aravind/mp_ws/install/mp_msgs/share/mp_msgs/package.dsv'
[0.744s] INFO:colcon.colcon_core.shell:Creating package script '/home/aravind/mp_ws/install/mp_msgs/share/mp_msgs/package.sh'
[0.745s] INFO:colcon.colcon_core.shell:Creating package script '/home/aravind/mp_ws/install/mp_msgs/share/mp_msgs/package.bash'
[0.745s] INFO:colcon.colcon_core.shell:Creating package script '/home/aravind/mp_ws/install/mp_msgs/share/mp_msgs/package.zsh'
[0.746s] Level 1:colcon.colcon_core.environment:create_file_with_runtime_dependencies(/home/aravind/mp_ws/install/mp_msgs/share/colcon-core/packages/mp_msgs)
[0.746s] Level 1:colcon.colcon_core.environment:create_environment_scripts_only(mp_msgs)
[0.746s] Level 1:colcon.colcon_core.environment:checking '/home/aravind/mp_ws/install/mp_msgs' for CMake module files
[0.747s] Level 1:colcon.colcon_core.environment:checking '/home/aravind/mp_ws/install/mp_msgs' for CMake config files
[0.747s] Level 1:colcon.colcon_core.shell:create_environment_hook('mp_msgs', 'cmake_prefix_path')
[0.747s] INFO:colcon.colcon_core.shell:Creating environment hook '/home/aravind/mp_ws/install/mp_msgs/share/mp_msgs/hook/cmake_prefix_path.ps1'
[0.748s] INFO:colcon.colcon_core.shell:Creating environment descriptor '/home/aravind/mp_ws/install/mp_msgs/share/mp_msgs/hook/cmake_prefix_path.dsv'
[0.748s] INFO:colcon.colcon_core.shell:Creating environment hook '/home/aravind/mp_ws/install/mp_msgs/share/mp_msgs/hook/cmake_prefix_path.sh'
[0.750s] Level 1:colcon.colcon_core.environment:checking '/home/aravind/mp_ws/install/mp_msgs/lib'
[0.750s] Level 1:colcon.colcon_core.shell:create_environment_hook('mp_msgs', 'ld_library_path_lib')
[0.750s] INFO:colcon.colcon_core.shell:Creating environment hook '/home/aravind/mp_ws/install/mp_msgs/share/mp_msgs/hook/ld_library_path_lib.ps1'
[0.750s] INFO:colcon.colcon_core.shell:Creating environment descriptor '/home/aravind/mp_ws/install/mp_msgs/share/mp_msgs/hook/ld_library_path_lib.dsv'
[0.751s] INFO:colcon.colcon_core.shell:Creating environment hook '/home/aravind/mp_ws/install/mp_msgs/share/mp_msgs/hook/ld_library_path_lib.sh'
[0.751s] Level 1:colcon.colcon_core.environment:checking '/home/aravind/mp_ws/install/mp_msgs/bin'
[0.751s] Level 1:colcon.colcon_core.environment:checking '/home/aravind/mp_ws/install/mp_msgs/lib/pkgconfig/mp_msgs.pc'
[0.751s] Level 1:colcon.colcon_core.environment:checking '/home/aravind/mp_ws/install/mp_msgs/lib/python3.10/site-packages'
[0.751s] Level 1:colcon.colcon_core.environment:checking '/home/aravind/mp_ws/install/mp_msgs/bin'
[0.752s] INFO:colcon.colcon_core.shell:Creating package script '/home/aravind/mp_ws/install/mp_msgs/share/mp_msgs/package.ps1'
[0.752s] INFO:colcon.colcon_core.shell:Creating package descriptor '/home/aravind/mp_ws/install/mp_msgs/share/mp_msgs/package.dsv'
[0.752s] INFO:colcon.colcon_core.shell:Creating package script '/home/aravind/mp_ws/install/mp_msgs/share/mp_msgs/package.sh'
[0.753s] INFO:colcon.colcon_core.shell:Creating package script '/home/aravind/mp_ws/install/mp_msgs/share/mp_msgs/package.bash'
[0.753s] INFO:colcon.colcon_core.shell:Creating package script '/home/aravind/mp_ws/install/mp_msgs/share/mp_msgs/package.zsh'
[0.754s] Level 1:colcon.colcon_core.environment:create_file_with_runtime_dependencies(/home/aravind/mp_ws/install/mp_msgs/share/colcon-core/packages/mp_msgs)
[0.754s] INFO:colcon.colcon_ros.task.ament_cmake.build:Building ROS package in '/home/aravind/mp_ws/src/mp_utils' with build type 'ament_cmake'
[0.754s] INFO:colcon.colcon_cmake.task.cmake.build:Building CMake package in '/home/aravind/mp_ws/src/mp_utils'
[0.754s] INFO:colcon.colcon_core.shell:Skip shell extension 'powershell' for command environment: Not usable outside of PowerShell
[0.754s] DEBUG:colcon.colcon_core.shell:Skip shell extension 'dsv' for command environment
[0.765s] DEBUG:colcon.colcon_core.event_handler.log_command:Invoking command in '/home/aravind/mp_ws/build/mp_utils': AMENT_PREFIX_PATH=/home/aravind/mp_ws/install/mp_msgs:${AMENT_PREFIX_PATH} CMAKE_PREFIX_PATH=/home/aravind/mp_ws/install/mp_msgs:/opt/ros/humble LD_LIBRARY_PATH=/home/aravind/mp_ws/install/mp_msgs/lib:${LD_LIBRARY_PATH} PYTHONPATH=/home/aravind/mp_ws/install/mp_msgs/local/lib/python3.10/dist-packages:${PYTHONPATH} /usr/bin/cmake --build /home/aravind/mp_ws/build/mp_utils -- -j12 -l12
[1.110s] DEBUG:colcon.colcon_core.event_handler.log_command:Invoked command in '/home/aravind/mp_ws/build/mp_utils' returned '0': AMENT_PREFIX_PATH=/home/aravind/mp_ws/install/mp_msgs:${AMENT_PREFIX_PATH} CMAKE_PREFIX_PATH=/home/aravind/mp_ws/install/mp_msgs:/opt/ros/humble LD_LIBRARY_PATH=/home/aravind/mp_ws/install/mp_msgs/lib:${LD_LIBRARY_PATH} PYTHONPATH=/home/aravind/mp_ws/install/mp_msgs/local/lib/python3.10/dist-packages:${PYTHONPATH} /usr/bin/cmake --build /home/aravind/mp_ws/build/mp_utils -- -j12 -l12
[1.111s] DEBUG:colcon.colcon_core.event_handler.log_command:Invoking command in '/home/aravind/mp_ws/build/mp_utils': AMENT_PREFIX_PATH=/home/aravind/mp_ws/install/mp_msgs:${AMENT_PREFIX_PATH} CMAKE_PREFIX_PATH=/home/aravind/mp_ws/install/mp_msgs:/opt/ros/humble LD_LIBRARY_PATH=/home/aravind/mp_ws/install/mp_msgs/lib:${LD_LIBRARY_PATH} PYTHONPATH=/home/aravind/mp_ws/install/mp_msgs/local/lib/python3.10/dist-packages:${PYTHONPATH} /usr/bin/cmake --install /home/aravind/mp_ws/build/mp_utils
[1.170s] Level 1:colcon.colcon_core.environment:create_environment_scripts_only(mp_utils)
[1.171s] Level 1:colcon.colcon_core.environment:checking '/home/aravind/mp_ws/install/mp_utils' for CMake module files
[1.171s] DEBUG:colcon.colcon_core.event_handler.log_command:Invoked command in '/home/aravind/mp_ws/build/mp_utils' returned '0': AMENT_PREFIX_PATH=/home/aravind/mp_ws/install/mp_msgs:${AMENT_PREFIX_PATH} CMAKE_PREFIX_PATH=/home/aravind/mp_ws/install/mp_msgs:/opt/ros/humble LD_LIBRARY_PATH=/home/aravind/mp_ws/install/mp_msgs/lib:${LD_LIBRARY_PATH} PYTHONPATH=/home/aravind/mp_ws/install/mp_msgs/local/lib/python3.10/dist-packages:${PYTHONPATH} /usr/bin/cmake --install /home/aravind/mp_ws/build/mp_utils
[1.172s] Level 1:colcon.colcon_core.environment:checking '/home/aravind/mp_ws/install/mp_utils' for CMake config files
[1.172s] Level 1:colcon.colcon_core.shell:create_environment_hook('mp_utils', 'cmake_prefix_path')
[1.172s] INFO:colcon.colcon_core.shell:Creating environment hook '/home/aravind/mp_ws/install/mp_utils/share/mp_utils/hook/cmake_prefix_path.ps1'
[1.173s] INFO:colcon.colcon_core.shell:Creating environment descriptor '/home/aravind/mp_ws/install/mp_utils/share/mp_utils/hook/cmake_prefix_path.dsv'
[1.174s] INFO:colcon.colcon_core.shell:Creating environment hook '/home/aravind/mp_ws/install/mp_utils/share/mp_utils/hook/cmake_prefix_path.sh'
[1.174s] Level 1:colcon.colcon_core.environment:checking '/home/aravind/mp_ws/install/mp_utils/lib'
[1.175s] Level 1:colcon.colcon_core.environment:checking '/home/aravind/mp_ws/install/mp_utils/bin'
[1.175s] Level 1:colcon.colcon_core.environment:checking '/home/aravind/mp_ws/install/mp_utils/lib/pkgconfig/mp_utils.pc'
[1.175s] Level 1:colcon.colcon_core.environment:checking '/home/aravind/mp_ws/install/mp_utils/lib/python3.10/site-packages'
[1.175s] Level 1:colcon.colcon_core.environment:checking '/home/aravind/mp_ws/install/mp_utils/bin'
[1.176s] INFO:colcon.colcon_core.shell:Creating package script '/home/aravind/mp_ws/install/mp_utils/share/mp_utils/package.ps1'
[1.177s] INFO:colcon.colcon_core.shell:Creating package descriptor '/home/aravind/mp_ws/install/mp_utils/share/mp_utils/package.dsv'
[1.177s] INFO:colcon.colcon_core.shell:Creating package script '/home/aravind/mp_ws/install/mp_utils/share/mp_utils/package.sh'
[1.178s] INFO:colcon.colcon_core.shell:Creating package script '/home/aravind/mp_ws/install/mp_utils/share/mp_utils/package.bash'
[1.179s] INFO:colcon.colcon_core.shell:Creating package script '/home/aravind/mp_ws/install/mp_utils/share/mp_utils/package.zsh'
[1.179s] Level 1:colcon.colcon_core.environment:create_file_with_runtime_dependencies(/home/aravind/mp_ws/install/mp_utils/share/colcon-core/packages/mp_utils)
[1.180s] Level 1:colcon.colcon_core.environment:create_environment_scripts_only(mp_utils)
[1.180s] Level 1:colcon.colcon_core.environment:checking '/home/aravind/mp_ws/install/mp_utils' for CMake module files
[1.181s] Level 1:colcon.colcon_core.environment:checking '/home/aravind/mp_ws/install/mp_utils' for CMake config files
[1.181s] Level 1:colcon.colcon_core.shell:create_environment_hook('mp_utils', 'cmake_prefix_path')
[1.182s] INFO:colcon.colcon_core.shell:Creating environment hook '/home/aravind/mp_ws/install/mp_utils/share/mp_utils/hook/cmake_prefix_path.ps1'
[1.182s] INFO:colcon.colcon_core.shell:Creating environment descriptor '/home/aravind/mp_ws/install/mp_utils/share/mp_utils/hook/cmake_prefix_path.dsv'
[1.183s] INFO:colcon.colcon_core.shell:Creating environment hook '/home/aravind/mp_ws/install/mp_utils/share/mp_utils/hook/cmake_prefix_path.sh'
[1.184s] Level 1:colcon.colcon_core.environment:checking '/home/aravind/mp_ws/install/mp_utils/lib'
[1.184s] Level 1:colcon.colcon_core.environment:checking '/home/aravind/mp_ws/install/mp_utils/bin'
[1.184s] Level 1:colcon.colcon_core.environment:checking '/home/aravind/mp_ws/install/mp_utils/lib/pkgconfig/mp_utils.pc'
[1.184s] Level 1:colcon.colcon_core.environment:checking '/home/aravind/mp_ws/install/mp_utils/lib/python3.10/site-packages'
[1.184s] Level 1:colcon.colcon_core.environment:checking '/home/aravind/mp_ws/install/mp_utils/bin'
[1.185s] INFO:colcon.colcon_core.shell:Creating package script '/home/aravind/mp_ws/install/mp_utils/share/mp_utils/package.ps1'
[1.186s] INFO:colcon.colcon_core.shell:Creating package descriptor '/home/aravind/mp_ws/install/mp_utils/share/mp_utils/package.dsv'
[1.186s] INFO:colcon.colcon_core.shell:Creating package script '/home/aravind/mp_ws/install/mp_utils/share/mp_utils/package.sh'
[1.187s] INFO:colcon.colcon_core.shell:Creating package script '/home/aravind/mp_ws/install/mp_utils/share/mp_utils/package.bash'
[1.187s] INFO:colcon.colcon_core.shell:Creating package script '/home/aravind/mp_ws/install/mp_utils/share/mp_utils/package.zsh'
[1.188s] Level 1:colcon.colcon_core.environment:create_file_with_runtime_dependencies(/home/aravind/mp_ws/install/mp_utils/share/colcon-core/packages/mp_utils)
[1.188s] DEBUG:colcon.colcon_parallel_executor.executor.parallel:closing loop
[1.189s] DEBUG:colcon.colcon_parallel_executor.executor.parallel:loop closed
[1.189s] DEBUG:colcon.colcon_parallel_executor.executor.parallel:run_until_complete finished with '0'
[1.189s] DEBUG:colcon.colcon_core.event_reactor:joining thread
[1.196s] INFO:colcon.colcon_core.plugin_system:Skipping extension 'colcon_notification.desktop_notification.terminal_notifier': Not used on non-Darwin systems
[1.196s] INFO:colcon.colcon_core.plugin_system:Skipping extension 'colcon_notification.desktop_notification.win32': Not used on non-Windows systems
[1.196s] INFO:colcon.colcon_notification.desktop_notification:Sending desktop notification using 'notify2'
[1.207s] DEBUG:colcon.colcon_core.event_reactor:joined thread
[1.208s] INFO:colcon.colcon_core.shell:Creating prefix script '/home/aravind/mp_ws/install/local_setup.ps1'
[1.210s] INFO:colcon.colcon_core.shell:Creating prefix util module '/home/aravind/mp_ws/install/_local_setup_util_ps1.py'
[1.212s] INFO:colcon.colcon_core.shell:Creating prefix chain script '/home/aravind/mp_ws/install/setup.ps1'
[1.213s] INFO:colcon.colcon_core.shell:Creating prefix script '/home/aravind/mp_ws/install/local_setup.sh'
[1.214s] INFO:colcon.colcon_core.shell:Creating prefix util module '/home/aravind/mp_ws/install/_local_setup_util_sh.py'
[1.215s] INFO:colcon.colcon_core.shell:Creating prefix chain script '/home/aravind/mp_ws/install/setup.sh'
[1.216s] INFO:colcon.colcon_core.shell:Creating prefix script '/home/aravind/mp_ws/install/local_setup.bash'
[1.217s] INFO:colcon.colcon_core.shell:Creating prefix chain script '/home/aravind/mp_ws/install/setup.bash'
[1.219s] INFO:colcon.colcon_core.shell:Creating prefix script '/home/aravind/mp_ws/install/local_setup.zsh'
[1.220s] INFO:colcon.colcon_core.shell:Creating prefix chain script '/home/aravind/mp_ws/install/setup.zsh'
