[0.011s] Invoking command in '/home/aravind/mp_ws/build/mp_description': CMAKE_PREFIX_PATH=/opt/ros/humble /usr/bin/cmake --build /home/aravind/mp_ws/build/mp_description -- -j12 -l12
[0.040s] -- Found ament_cmake: 1.3.11 (/opt/ros/humble/share/ament_cmake/cmake)
[0.185s] -- Found ament_lint_auto: 0.12.11 (/opt/ros/humble/share/ament_lint_auto/cmake)
[0.260s] -- Added test 'flake8' to check Python code syntax and style conventions
[0.261s] -- Added test 'lint_cmake' to check CMake code style
[0.261s] -- Added test 'pep257' to check Python code against some of the docstring style conventions in PEP 257
[0.264s] -- Added test 'xmllint' to check XML markup files
[0.266s] -- Configuring done
[0.270s] -- Generating done
[0.273s] -- Build files have been written to: /home/aravind/mp_ws/build/mp_description
[0.303s] Invoked command in '/home/aravind/mp_ws/build/mp_description' returned '0': CMAKE_PREFIX_PATH=/opt/ros/humble /usr/bin/cmake --build /home/aravind/mp_ws/build/mp_description -- -j12 -l12
[0.313s] Invoking command in '/home/aravind/mp_ws/build/mp_description': CMAKE_PREFIX_PATH=/opt/ros/humble /usr/bin/cmake --install /home/aravind/mp_ws/build/mp_description
[0.320s] -- Install configuration: ""
[0.320s] -- Up-to-date: /home/aravind/mp_ws/install/mp_description/share/mp_description/meshes
[0.321s] -- Up-to-date: /home/aravind/mp_ws/install/mp_description/share/mp_description/meshes/mp_gripperlink1.STL
[0.321s] -- Up-to-date: /home/aravind/mp_ws/install/mp_description/share/mp_description/meshes/mp_link4.STL
[0.321s] -- Up-to-date: /home/aravind/mp_ws/install/mp_description/share/mp_description/meshes/mp_gripper.STL
[0.321s] -- Up-to-date: /home/aravind/mp_ws/install/mp_description/share/mp_description/meshes/mp_link3.STL
[0.321s] -- Up-to-date: /home/aravind/mp_ws/install/mp_description/share/mp_description/meshes/mp_gripperlink2.STL
[0.321s] -- Up-to-date: /home/aravind/mp_ws/install/mp_description/share/mp_description/meshes/mp_link1.STL
[0.321s] -- Up-to-date: /home/aravind/mp_ws/install/mp_description/share/mp_description/meshes/mp_link5.STL
[0.322s] -- Up-to-date: /home/aravind/mp_ws/install/mp_description/share/mp_description/meshes/mp_link2.STL
[0.322s] -- Up-to-date: /home/aravind/mp_ws/install/mp_description/share/mp_description/meshes/mp_base.STL
[0.322s] -- Up-to-date: /home/aravind/mp_ws/install/mp_description/share/mp_description/meshes/mp_link6.STL
[0.322s] -- Up-to-date: /home/aravind/mp_ws/install/mp_description/share/mp_description/urdf
[0.322s] -- Installing: /home/aravind/mp_ws/install/mp_description/share/mp_description/urdf/mp.urdf.xacro
[0.322s] -- Installing: /home/aravind/mp_ws/install/mp_description/share/mp_description/launch
[0.322s] -- Installing: /home/aravind/mp_ws/install/mp_description/share/mp_description/launch/display.launch.py
[0.322s] -- Installing: /home/aravind/mp_ws/install/mp_description/share/mp_description/rviz
[0.323s] -- Installing: /home/aravind/mp_ws/install/mp_description/share/mp_description/rviz/display.rviz
[0.323s] -- Installing: /home/aravind/mp_ws/install/mp_description/share/ament_index/resource_index/package_run_dependencies/mp_description
[0.323s] -- Up-to-date: /home/aravind/mp_ws/install/mp_description/share/ament_index/resource_index/parent_prefix_path/mp_description
[0.323s] -- Up-to-date: /home/aravind/mp_ws/install/mp_description/share/mp_description/environment/ament_prefix_path.sh
[0.323s] -- Installing: /home/aravind/mp_ws/install/mp_description/share/mp_description/environment/ament_prefix_path.dsv
[0.323s] -- Up-to-date: /home/aravind/mp_ws/install/mp_description/share/mp_description/environment/path.sh
[0.323s] -- Installing: /home/aravind/mp_ws/install/mp_description/share/mp_description/environment/path.dsv
[0.323s] -- Up-to-date: /home/aravind/mp_ws/install/mp_description/share/mp_description/local_setup.bash
[0.323s] -- Up-to-date: /home/aravind/mp_ws/install/mp_description/share/mp_description/local_setup.sh
[0.323s] -- Up-to-date: /home/aravind/mp_ws/install/mp_description/share/mp_description/local_setup.zsh
[0.324s] -- Installing: /home/aravind/mp_ws/install/mp_description/share/mp_description/local_setup.dsv
[0.324s] -- Installing: /home/aravind/mp_ws/install/mp_description/share/mp_description/package.dsv
[0.324s] -- Up-to-date: /home/aravind/mp_ws/install/mp_description/share/ament_index/resource_index/packages/mp_description
[0.324s] -- Up-to-date: /home/aravind/mp_ws/install/mp_description/share/mp_description/cmake/mp_descriptionConfig.cmake
[0.324s] -- Up-to-date: /home/aravind/mp_ws/install/mp_description/share/mp_description/cmake/mp_descriptionConfig-version.cmake
[0.324s] -- Installing: /home/aravind/mp_ws/install/mp_description/share/mp_description/package.xml
[0.325s] Invoked command in '/home/aravind/mp_ws/build/mp_description' returned '0': CMAKE_PREFIX_PATH=/opt/ros/humble /usr/bin/cmake --install /home/aravind/mp_ws/build/mp_description
