[0.008s] Invoking command in '/home/aravind/mp_ws/build/mp_controller': CMAKE_PREFIX_PATH=/opt/ros/humble /usr/bin/cmake /home/aravind/mp_ws/src/mp_controller -DCMAKE_INSTALL_PREFIX=/home/aravind/mp_ws/install/mp_controller
[0.108s] -- The C compiler identification is GNU 11.4.0
[0.179s] -- The CXX compiler identification is GNU 11.4.0
[0.191s] -- Detecting C compiler ABI info
[0.262s] -- Detecting C compiler ABI info - done
[0.267s] -- Check for working C compiler: /usr/bin/cc - skipped
[0.268s] -- Detecting C compile features
[0.268s] -- Detecting C compile features - done
[0.270s] -- Detecting CXX compiler ABI info
[0.359s] -- Detecting CXX compiler ABI info - done
[0.366s] -- Check for working CXX compiler: /usr/bin/c++ - skipped
[0.366s] -- Detecting CXX compile features
[0.366s] -- Detecting CXX compile features - done
[0.370s] -- Found ament_cmake: 1.3.11 (/opt/ros/humble/share/ament_cmake/cmake)
[0.522s] -- Found Python3: /usr/bin/python3 (found version "3.10.12") found components: Interpreter 
[0.611s] -- Found ament_lint_auto: 0.12.11 (/opt/ros/humble/share/ament_lint_auto/cmake)
[0.675s] -- Added test 'lint_cmake' to check CMake code style
[0.676s] -- Added test 'xmllint' to check XML markup files
[0.677s] -- Configuring done
[0.678s] -- Generating done
[0.679s] -- Build files have been written to: /home/aravind/mp_ws/build/mp_controller
[0.682s] Invoked command in '/home/aravind/mp_ws/build/mp_controller' returned '0': CMAKE_PREFIX_PATH=/opt/ros/humble /usr/bin/cmake /home/aravind/mp_ws/src/mp_controller -DCMAKE_INSTALL_PREFIX=/home/aravind/mp_ws/install/mp_controller
[0.683s] Invoking command in '/home/aravind/mp_ws/build/mp_controller': CMAKE_PREFIX_PATH=/opt/ros/humble /usr/bin/cmake --build /home/aravind/mp_ws/build/mp_controller -- -j12 -l12
[0.728s] Invoked command in '/home/aravind/mp_ws/build/mp_controller' returned '0': CMAKE_PREFIX_PATH=/opt/ros/humble /usr/bin/cmake --build /home/aravind/mp_ws/build/mp_controller -- -j12 -l12
[0.730s] Invoking command in '/home/aravind/mp_ws/build/mp_controller': CMAKE_PREFIX_PATH=/opt/ros/humble /usr/bin/cmake --install /home/aravind/mp_ws/build/mp_controller
[0.739s] -- Install configuration: ""
[0.739s] -- Installing: /home/aravind/mp_ws/install/mp_controller/share/ament_index/resource_index/package_run_dependencies/mp_controller
[0.739s] -- Installing: /home/aravind/mp_ws/install/mp_controller/share/ament_index/resource_index/parent_prefix_path/mp_controller
[0.739s] -- Installing: /home/aravind/mp_ws/install/mp_controller/share/mp_controller/environment/ament_prefix_path.sh
[0.739s] -- Installing: /home/aravind/mp_ws/install/mp_controller/share/mp_controller/environment/ament_prefix_path.dsv
[0.740s] -- Installing: /home/aravind/mp_ws/install/mp_controller/share/mp_controller/environment/path.sh
[0.740s] -- Installing: /home/aravind/mp_ws/install/mp_controller/share/mp_controller/environment/path.dsv
[0.740s] -- Installing: /home/aravind/mp_ws/install/mp_controller/share/mp_controller/local_setup.bash
[0.740s] -- Installing: /home/aravind/mp_ws/install/mp_controller/share/mp_controller/local_setup.sh
[0.740s] -- Installing: /home/aravind/mp_ws/install/mp_controller/share/mp_controller/local_setup.zsh
[0.740s] -- Installing: /home/aravind/mp_ws/install/mp_controller/share/mp_controller/local_setup.dsv
[0.740s] -- Installing: /home/aravind/mp_ws/install/mp_controller/share/mp_controller/package.dsv
[0.740s] -- Installing: /home/aravind/mp_ws/install/mp_controller/share/ament_index/resource_index/packages/mp_controller
[0.740s] -- Installing: /home/aravind/mp_ws/install/mp_controller/share/mp_controller/cmake/mp_controllerConfig.cmake
[0.740s] -- Installing: /home/aravind/mp_ws/install/mp_controller/share/mp_controller/cmake/mp_controllerConfig-version.cmake
[0.740s] -- Installing: /home/aravind/mp_ws/install/mp_controller/share/mp_controller/package.xml
[0.741s] Invoked command in '/home/aravind/mp_ws/build/mp_controller' returned '0': CMAKE_PREFIX_PATH=/opt/ros/humble /usr/bin/cmake --install /home/aravind/mp_ws/build/mp_controller
