[0.013s] Invoking command in '/home/aravind/mp_ws/build/mp_utils': AMENT_PREFIX_PATH=/home/aravind/mp_ws/install/mp_msgs:${AMENT_PREFIX_PATH} CMAKE_PREFIX_PATH=/home/aravind/mp_ws/install/mp_msgs:/opt/ros/humble LD_LIBRARY_PATH=/home/aravind/mp_ws/install/mp_msgs/lib:${LD_LIBRARY_PATH} PYTHONPATH=/home/aravind/mp_ws/install/mp_msgs/local/lib/python3.10/dist-packages:${PYTHONPATH} /usr/bin/cmake --build /home/aravind/mp_ws/build/mp_utils -- -j12 -l12
[0.039s] -- Found ament_cmake: 1.3.11 (/opt/ros/humble/share/ament_cmake/cmake)
[0.175s] -- Found rclpy: 3.3.15 (/opt/ros/humble/share/rclpy/cmake)
[0.176s] -- Found mp_msgs: 0.0.0 (/home/aravind/mp_ws/install/mp_msgs/share/mp_msgs/cmake)
[0.213s] -- Found rosidl_generator_c: 3.1.6 (/opt/ros/humble/share/rosidl_generator_c/cmake)
[0.218s] -- Found rosidl_adapter: 3.1.6 (/opt/ros/humble/share/rosidl_adapter/cmake)
[0.229s] -- Found rosidl_generator_cpp: 3.1.6 (/opt/ros/humble/share/rosidl_generator_cpp/cmake)
[0.240s] -- Using all available rosidl_typesupport_c: rosidl_typesupport_fastrtps_c;rosidl_typesupport_introspection_c
[0.250s] -- Using all available rosidl_typesupport_cpp: rosidl_typesupport_fastrtps_cpp;rosidl_typesupport_introspection_cpp
[0.322s] -- Found ament_lint_auto: 0.12.11 (/opt/ros/humble/share/ament_lint_auto/cmake)
[0.365s] -- Added test 'flake8' to check Python code syntax and style conventions
[0.366s] -- Added test 'lint_cmake' to check CMake code style
[0.366s] -- Added test 'pep257' to check Python code against some of the docstring style conventions in PEP 257
[0.366s] -- Added test 'xmllint' to check XML markup files
[0.367s] -- Configuring done
[0.369s] -- Generating done
[0.371s] -- Build files have been written to: /home/aravind/mp_ws/build/mp_utils
[0.411s] Built target ament_cmake_python_copy_mp_utils
[0.571s] running egg_info
[0.572s] creating mp_utils.egg-info
[0.572s] writing mp_utils.egg-info/PKG-INFO
[0.572s] writing dependency_links to mp_utils.egg-info/dependency_links.txt
[0.572s] writing top-level names to mp_utils.egg-info/top_level.txt
[0.572s] writing manifest file 'mp_utils.egg-info/SOURCES.txt'
[0.573s] reading manifest file 'mp_utils.egg-info/SOURCES.txt'
[0.573s] writing manifest file 'mp_utils.egg-info/SOURCES.txt'
[0.594s] Built target ament_cmake_python_build_mp_utils_egg
[0.601s] Invoked command in '/home/aravind/mp_ws/build/mp_utils' returned '0': AMENT_PREFIX_PATH=/home/aravind/mp_ws/install/mp_msgs:${AMENT_PREFIX_PATH} CMAKE_PREFIX_PATH=/home/aravind/mp_ws/install/mp_msgs:/opt/ros/humble LD_LIBRARY_PATH=/home/aravind/mp_ws/install/mp_msgs/lib:${LD_LIBRARY_PATH} PYTHONPATH=/home/aravind/mp_ws/install/mp_msgs/local/lib/python3.10/dist-packages:${PYTHONPATH} /usr/bin/cmake --build /home/aravind/mp_ws/build/mp_utils -- -j12 -l12
[0.602s] Invoking command in '/home/aravind/mp_ws/build/mp_utils': AMENT_PREFIX_PATH=/home/aravind/mp_ws/install/mp_msgs:${AMENT_PREFIX_PATH} CMAKE_PREFIX_PATH=/home/aravind/mp_ws/install/mp_msgs:/opt/ros/humble LD_LIBRARY_PATH=/home/aravind/mp_ws/install/mp_msgs/lib:${LD_LIBRARY_PATH} PYTHONPATH=/home/aravind/mp_ws/install/mp_msgs/local/lib/python3.10/dist-packages:${PYTHONPATH} /usr/bin/cmake --install /home/aravind/mp_ws/build/mp_utils
[0.614s] -- Install configuration: ""
[0.614s] -- Installing: /home/aravind/mp_ws/install/mp_utils/share/mp_utils/environment/pythonpath.sh
[0.614s] -- Installing: /home/aravind/mp_ws/install/mp_utils/share/mp_utils/environment/pythonpath.dsv
[0.614s] -- Installing: /home/aravind/mp_ws/install/mp_utils/local/lib/python3.10/dist-packages/mp_utils-0.0.0-py3.10.egg-info
[0.614s] -- Installing: /home/aravind/mp_ws/install/mp_utils/local/lib/python3.10/dist-packages/mp_utils-0.0.0-py3.10.egg-info/SOURCES.txt
[0.614s] -- Installing: /home/aravind/mp_ws/install/mp_utils/local/lib/python3.10/dist-packages/mp_utils-0.0.0-py3.10.egg-info/top_level.txt
[0.614s] -- Installing: /home/aravind/mp_ws/install/mp_utils/local/lib/python3.10/dist-packages/mp_utils-0.0.0-py3.10.egg-info/dependency_links.txt
[0.614s] -- Installing: /home/aravind/mp_ws/install/mp_utils/local/lib/python3.10/dist-packages/mp_utils-0.0.0-py3.10.egg-info/PKG-INFO
[0.614s] -- Installing: /home/aravind/mp_ws/install/mp_utils/local/lib/python3.10/dist-packages/mp_utils
[0.614s] -- Installing: /home/aravind/mp_ws/install/mp_utils/local/lib/python3.10/dist-packages/mp_utils/__init__.py
[0.614s] -- Installing: /home/aravind/mp_ws/install/mp_utils/local/lib/python3.10/dist-packages/mp_utils/angle_conversion.py
[0.636s] Listing '/home/aravind/mp_ws/install/mp_utils/local/lib/python3.10/dist-packages/mp_utils'...
[0.636s] Compiling '/home/aravind/mp_ws/install/mp_utils/local/lib/python3.10/dist-packages/mp_utils/__init__.py'...
[0.636s] Compiling '/home/aravind/mp_ws/install/mp_utils/local/lib/python3.10/dist-packages/mp_utils/angle_conversion.py'...
[0.639s] -- Installing: /home/aravind/mp_ws/install/mp_utils/lib/mp_utils/angle_conversion.py
[0.639s] -- Installing: /home/aravind/mp_ws/install/mp_utils/share/ament_index/resource_index/package_run_dependencies/mp_utils
[0.639s] -- Installing: /home/aravind/mp_ws/install/mp_utils/share/ament_index/resource_index/parent_prefix_path/mp_utils
[0.640s] -- Up-to-date: /home/aravind/mp_ws/install/mp_utils/share/mp_utils/environment/ament_prefix_path.sh
[0.640s] -- Installing: /home/aravind/mp_ws/install/mp_utils/share/mp_utils/environment/ament_prefix_path.dsv
[0.640s] -- Up-to-date: /home/aravind/mp_ws/install/mp_utils/share/mp_utils/environment/path.sh
[0.640s] -- Installing: /home/aravind/mp_ws/install/mp_utils/share/mp_utils/environment/path.dsv
[0.640s] -- Up-to-date: /home/aravind/mp_ws/install/mp_utils/share/mp_utils/local_setup.bash
[0.640s] -- Installing: /home/aravind/mp_ws/install/mp_utils/share/mp_utils/local_setup.sh
[0.640s] -- Up-to-date: /home/aravind/mp_ws/install/mp_utils/share/mp_utils/local_setup.zsh
[0.640s] -- Installing: /home/aravind/mp_ws/install/mp_utils/share/mp_utils/local_setup.dsv
[0.640s] -- Installing: /home/aravind/mp_ws/install/mp_utils/share/mp_utils/package.dsv
[0.640s] -- Up-to-date: /home/aravind/mp_ws/install/mp_utils/share/ament_index/resource_index/packages/mp_utils
[0.640s] -- Up-to-date: /home/aravind/mp_ws/install/mp_utils/share/mp_utils/cmake/mp_utilsConfig.cmake
[0.640s] -- Up-to-date: /home/aravind/mp_ws/install/mp_utils/share/mp_utils/cmake/mp_utilsConfig-version.cmake
[0.640s] -- Installing: /home/aravind/mp_ws/install/mp_utils/share/mp_utils/package.xml
[0.641s] Invoked command in '/home/aravind/mp_ws/build/mp_utils' returned '0': AMENT_PREFIX_PATH=/home/aravind/mp_ws/install/mp_msgs:${AMENT_PREFIX_PATH} CMAKE_PREFIX_PATH=/home/aravind/mp_ws/install/mp_msgs:/opt/ros/humble LD_LIBRARY_PATH=/home/aravind/mp_ws/install/mp_msgs/lib:${LD_LIBRARY_PATH} PYTHONPATH=/home/aravind/mp_ws/install/mp_msgs/local/lib/python3.10/dist-packages:${PYTHONPATH} /usr/bin/cmake --install /home/aravind/mp_ws/build/mp_utils
