[0.015s] Invoking command in '/home/aravind/mp_ws/build/mp_description': CMAKE_PREFIX_PATH=/opt/ros/humble /usr/bin/cmake --build /home/aravind/mp_ws/build/mp_description -- -j12 -l12
[0.052s] Invoked command in '/home/aravind/mp_ws/build/mp_description' returned '0': CMAKE_PREFIX_PATH=/opt/ros/humble /usr/bin/cmake --build /home/aravind/mp_ws/build/mp_description -- -j12 -l12
[0.067s] Invoking command in '/home/aravind/mp_ws/build/mp_description': CMAKE_PREFIX_PATH=/opt/ros/humble /usr/bin/cmake --install /home/aravind/mp_ws/build/mp_description
[0.082s] -- Install configuration: ""
[0.085s] -- Up-to-date: /home/aravind/mp_ws/install/mp_description/share/mp_description/meshes
[0.086s] -- Up-to-date: /home/aravind/mp_ws/install/mp_description/share/mp_description/meshes/mp_gripperlink1.STL
[0.086s] -- Up-to-date: /home/aravind/mp_ws/install/mp_description/share/mp_description/meshes/mp_link4.STL
[0.086s] -- Up-to-date: /home/aravind/mp_ws/install/mp_description/share/mp_description/meshes/mp_gripper.STL
[0.087s] -- Up-to-date: /home/aravind/mp_ws/install/mp_description/share/mp_description/meshes/mp_link3.STL
[0.087s] -- Up-to-date: /home/aravind/mp_ws/install/mp_description/share/mp_description/meshes/mp_gripperlink2.STL
[0.087s] -- Up-to-date: /home/aravind/mp_ws/install/mp_description/share/mp_description/meshes/mp_link1.STL
[0.087s] -- Up-to-date: /home/aravind/mp_ws/install/mp_description/share/mp_description/meshes/mp_link5.STL
[0.087s] -- Up-to-date: /home/aravind/mp_ws/install/mp_description/share/mp_description/meshes/mp_link2.STL
[0.088s] -- Up-to-date: /home/aravind/mp_ws/install/mp_description/share/mp_description/meshes/mp_base.STL
[0.088s] -- Up-to-date: /home/aravind/mp_ws/install/mp_description/share/mp_description/meshes/mp_link6.STL
[0.089s] -- Up-to-date: /home/aravind/mp_ws/install/mp_description/share/mp_description/urdf
[0.089s] -- Up-to-date: /home/aravind/mp_ws/install/mp_description/share/mp_description/urdf/mp_gazebo.xacro
[0.089s] -- Up-to-date: /home/aravind/mp_ws/install/mp_description/share/mp_description/urdf/mp_ros2_control.xacro
[0.089s] -- Up-to-date: /home/aravind/mp_ws/install/mp_description/share/mp_description/urdf/mp.urdf.xacro
[0.089s] -- Up-to-date: /home/aravind/mp_ws/install/mp_description/share/mp_description/launch
[0.089s] -- Up-to-date: /home/aravind/mp_ws/install/mp_description/share/mp_description/launch/display.launch.py
[0.089s] -- Up-to-date: /home/aravind/mp_ws/install/mp_description/share/mp_description/launch/gazebo.launch.py
[0.089s] -- Up-to-date: /home/aravind/mp_ws/install/mp_description/share/mp_description/rviz
[0.089s] -- Up-to-date: /home/aravind/mp_ws/install/mp_description/share/mp_description/rviz/display.rviz
[0.092s] -- Up-to-date: /home/aravind/mp_ws/install/mp_description/share/ament_index/resource_index/package_run_dependencies/mp_description
[0.094s] -- Up-to-date: /home/aravind/mp_ws/install/mp_description/share/ament_index/resource_index/parent_prefix_path/mp_description
[0.095s] -- Up-to-date: /home/aravind/mp_ws/install/mp_description/share/mp_description/environment/ament_prefix_path.sh
[0.095s] -- Up-to-date: /home/aravind/mp_ws/install/mp_description/share/mp_description/environment/ament_prefix_path.dsv
[0.099s] -- Up-to-date: /home/aravind/mp_ws/install/mp_description/share/mp_description/environment/path.sh
[0.101s] -- Up-to-date: /home/aravind/mp_ws/install/mp_description/share/mp_description/environment/path.dsv
[0.102s] -- Up-to-date: /home/aravind/mp_ws/install/mp_description/share/mp_description/local_setup.bash
[0.102s] -- Up-to-date: /home/aravind/mp_ws/install/mp_description/share/mp_description/local_setup.sh
[0.102s] -- Up-to-date: /home/aravind/mp_ws/install/mp_description/share/mp_description/local_setup.zsh
[0.102s] -- Up-to-date: /home/aravind/mp_ws/install/mp_description/share/mp_description/local_setup.dsv
[0.102s] -- Installing: /home/aravind/mp_ws/install/mp_description/share/mp_description/package.dsv
[0.102s] -- Up-to-date: /home/aravind/mp_ws/install/mp_description/share/ament_index/resource_index/packages/mp_description
[0.104s] -- Up-to-date: /home/aravind/mp_ws/install/mp_description/share/mp_description/cmake/mp_descriptionConfig.cmake
[0.104s] -- Up-to-date: /home/aravind/mp_ws/install/mp_description/share/mp_description/cmake/mp_descriptionConfig-version.cmake
[0.105s] -- Up-to-date: /home/aravind/mp_ws/install/mp_description/share/mp_description/package.xml
[0.115s] Invoked command in '/home/aravind/mp_ws/build/mp_description' returned '0': CMAKE_PREFIX_PATH=/opt/ros/humble /usr/bin/cmake --install /home/aravind/mp_ws/build/mp_description
