[0.013s] Invoking command in '/home/aravind/mp_ws/build/mp_utils': CMAKE_PREFIX_PATH=/home/aravind/mp_ws/install/mp_msgs:/home/aravind/mp_ws/install/mp_utils:/home/aravind/mp_ws/install/mp_moveit:/home/aravind/mp_ws/install/mp_description:/home/aravind/mp_ws/install/mp_controller:/opt/ros/humble /usr/bin/cmake --build /home/aravind/mp_ws/build/mp_utils -- -j12 -l12
[0.075s] Built target ament_cmake_python_copy_mp_utils
[0.279s] running egg_info
[0.280s] writing mp_utils.egg-info/PKG-INFO
[0.280s] writing dependency_links to mp_utils.egg-info/dependency_links.txt
[0.280s] writing top-level names to mp_utils.egg-info/top_level.txt
[0.283s] reading manifest file 'mp_utils.egg-info/SOURCES.txt'
[0.283s] writing manifest file 'mp_utils.egg-info/SOURCES.txt'
[0.310s] Built target ament_cmake_python_build_mp_utils_egg
[0.320s] Invoked command in '/home/aravind/mp_ws/build/mp_utils' returned '0': CMAKE_PREFIX_PATH=/home/aravind/mp_ws/install/mp_msgs:/home/aravind/mp_ws/install/mp_utils:/home/aravind/mp_ws/install/mp_moveit:/home/aravind/mp_ws/install/mp_description:/home/aravind/mp_ws/install/mp_controller:/opt/ros/humble /usr/bin/cmake --build /home/aravind/mp_ws/build/mp_utils -- -j12 -l12
[0.322s] Invoking command in '/home/aravind/mp_ws/build/mp_utils': CMAKE_PREFIX_PATH=/home/aravind/mp_ws/install/mp_msgs:/home/aravind/mp_ws/install/mp_utils:/home/aravind/mp_ws/install/mp_moveit:/home/aravind/mp_ws/install/mp_description:/home/aravind/mp_ws/install/mp_controller:/opt/ros/humble /usr/bin/cmake --install /home/aravind/mp_ws/build/mp_utils
[0.330s] -- Install configuration: ""
[0.330s] -- Up-to-date: /home/aravind/mp_ws/install/mp_utils/share/mp_utils/environment/pythonpath.sh
[0.330s] -- Up-to-date: /home/aravind/mp_ws/install/mp_utils/share/mp_utils/environment/pythonpath.dsv
[0.330s] -- Up-to-date: /home/aravind/mp_ws/install/mp_utils/local/lib/python3.10/dist-packages/mp_utils-0.0.0-py3.10.egg-info
[0.331s] -- Installing: /home/aravind/mp_ws/install/mp_utils/local/lib/python3.10/dist-packages/mp_utils-0.0.0-py3.10.egg-info/SOURCES.txt
[0.331s] -- Installing: /home/aravind/mp_ws/install/mp_utils/local/lib/python3.10/dist-packages/mp_utils-0.0.0-py3.10.egg-info/top_level.txt
[0.331s] -- Installing: /home/aravind/mp_ws/install/mp_utils/local/lib/python3.10/dist-packages/mp_utils-0.0.0-py3.10.egg-info/dependency_links.txt
[0.331s] -- Installing: /home/aravind/mp_ws/install/mp_utils/local/lib/python3.10/dist-packages/mp_utils-0.0.0-py3.10.egg-info/PKG-INFO
[0.331s] -- Up-to-date: /home/aravind/mp_ws/install/mp_utils/local/lib/python3.10/dist-packages/mp_utils
[0.331s] -- Up-to-date: /home/aravind/mp_ws/install/mp_utils/local/lib/python3.10/dist-packages/mp_utils/__init__.py
[0.331s] -- Up-to-date: /home/aravind/mp_ws/install/mp_utils/local/lib/python3.10/dist-packages/mp_utils/angle_conversion.py
[0.359s] Listing '/home/aravind/mp_ws/install/mp_utils/local/lib/python3.10/dist-packages/mp_utils'...
[0.363s] -- Up-to-date: /home/aravind/mp_ws/install/mp_utils/lib/mp_utils/angle_conversion.py
[0.363s] -- Up-to-date: /home/aravind/mp_ws/install/mp_utils/share/ament_index/resource_index/package_run_dependencies/mp_utils
[0.364s] -- Up-to-date: /home/aravind/mp_ws/install/mp_utils/share/ament_index/resource_index/parent_prefix_path/mp_utils
[0.364s] -- Up-to-date: /home/aravind/mp_ws/install/mp_utils/share/mp_utils/environment/ament_prefix_path.sh
[0.364s] -- Up-to-date: /home/aravind/mp_ws/install/mp_utils/share/mp_utils/environment/ament_prefix_path.dsv
[0.364s] -- Up-to-date: /home/aravind/mp_ws/install/mp_utils/share/mp_utils/environment/path.sh
[0.364s] -- Up-to-date: /home/aravind/mp_ws/install/mp_utils/share/mp_utils/environment/path.dsv
[0.364s] -- Up-to-date: /home/aravind/mp_ws/install/mp_utils/share/mp_utils/local_setup.bash
[0.364s] -- Up-to-date: /home/aravind/mp_ws/install/mp_utils/share/mp_utils/local_setup.sh
[0.364s] -- Up-to-date: /home/aravind/mp_ws/install/mp_utils/share/mp_utils/local_setup.zsh
[0.365s] -- Up-to-date: /home/aravind/mp_ws/install/mp_utils/share/mp_utils/local_setup.dsv
[0.365s] -- Installing: /home/aravind/mp_ws/install/mp_utils/share/mp_utils/package.dsv
[0.365s] -- Up-to-date: /home/aravind/mp_ws/install/mp_utils/share/ament_index/resource_index/packages/mp_utils
[0.365s] -- Up-to-date: /home/aravind/mp_ws/install/mp_utils/share/mp_utils/cmake/mp_utilsConfig.cmake
[0.365s] -- Up-to-date: /home/aravind/mp_ws/install/mp_utils/share/mp_utils/cmake/mp_utilsConfig-version.cmake
[0.365s] -- Up-to-date: /home/aravind/mp_ws/install/mp_utils/share/mp_utils/package.xml
[0.368s] Invoked command in '/home/aravind/mp_ws/build/mp_utils' returned '0': CMAKE_PREFIX_PATH=/home/aravind/mp_ws/install/mp_msgs:/home/aravind/mp_ws/install/mp_utils:/home/aravind/mp_ws/install/mp_moveit:/home/aravind/mp_ws/install/mp_description:/home/aravind/mp_ws/install/mp_controller:/opt/ros/humble /usr/bin/cmake --install /home/aravind/mp_ws/build/mp_utils
