[0.020s] Invoking command in '/home/aravind/mp_ws/build/mp_utils': CMAKE_PREFIX_PATH=/opt/ros/humble /usr/bin/cmake /home/aravind/mp_ws/src/mp_utils -DCMAKE_INSTALL_PREFIX=/home/aravind/mp_ws/install/mp_utils
[0.115s] -- The C compiler identification is GNU 11.4.0
[0.184s] -- The CXX compiler identification is GNU 11.4.0
[0.192s] -- Detecting C compiler ABI info
[0.279s] -- Detecting C compiler ABI info - done
[0.283s] -- Check for working C compiler: /usr/bin/cc - skipped
[0.284s] -- Detecting C compile features
[0.285s] -- Detecting C compile features - done
[0.287s] -- Detecting CXX compiler ABI info
[0.374s] -- Detecting CXX compiler ABI info - done
[0.382s] -- Check for working CXX compiler: /usr/bin/c++ - skipped
[0.382s] -- Detecting CXX compile features
[0.382s] -- Detecting CXX compile features - done
[0.386s] -- Found ament_cmake: 1.3.11 (/opt/ros/humble/share/ament_cmake/cmake)
[0.515s] -- Found Python3: /usr/bin/python3 (found version "3.10.12") found components: Interpreter 
[0.609s] -- Found ament_lint_auto: 0.12.11 (/opt/ros/humble/share/ament_lint_auto/cmake)
[0.678s] -- Added test 'lint_cmake' to check CMake code style
[0.678s] -- Added test 'xmllint' to check XML markup files
[0.679s] -- Configuring done
[0.680s] -- Generating done
[0.681s] -- Build files have been written to: /home/aravind/mp_ws/build/mp_utils
[0.684s] Invoked command in '/home/aravind/mp_ws/build/mp_utils' returned '0': CMAKE_PREFIX_PATH=/opt/ros/humble /usr/bin/cmake /home/aravind/mp_ws/src/mp_utils -DCMAKE_INSTALL_PREFIX=/home/aravind/mp_ws/install/mp_utils
[0.686s] Invoking command in '/home/aravind/mp_ws/build/mp_utils': CMAKE_PREFIX_PATH=/opt/ros/humble /usr/bin/cmake --build /home/aravind/mp_ws/build/mp_utils -- -j12 -l12
[0.724s] Invoked command in '/home/aravind/mp_ws/build/mp_utils' returned '0': CMAKE_PREFIX_PATH=/opt/ros/humble /usr/bin/cmake --build /home/aravind/mp_ws/build/mp_utils -- -j12 -l12
[0.725s] Invoking command in '/home/aravind/mp_ws/build/mp_utils': CMAKE_PREFIX_PATH=/opt/ros/humble /usr/bin/cmake --install /home/aravind/mp_ws/build/mp_utils
[0.736s] -- Install configuration: ""
[0.736s] -- Installing: /home/aravind/mp_ws/install/mp_utils/share/ament_index/resource_index/package_run_dependencies/mp_utils
[0.736s] -- Installing: /home/aravind/mp_ws/install/mp_utils/share/ament_index/resource_index/parent_prefix_path/mp_utils
[0.736s] -- Installing: /home/aravind/mp_ws/install/mp_utils/share/mp_utils/environment/ament_prefix_path.sh
[0.736s] -- Installing: /home/aravind/mp_ws/install/mp_utils/share/mp_utils/environment/ament_prefix_path.dsv
[0.736s] -- Installing: /home/aravind/mp_ws/install/mp_utils/share/mp_utils/environment/path.sh
[0.736s] -- Installing: /home/aravind/mp_ws/install/mp_utils/share/mp_utils/environment/path.dsv
[0.737s] -- Installing: /home/aravind/mp_ws/install/mp_utils/share/mp_utils/local_setup.bash
[0.737s] -- Installing: /home/aravind/mp_ws/install/mp_utils/share/mp_utils/local_setup.sh
[0.737s] -- Installing: /home/aravind/mp_ws/install/mp_utils/share/mp_utils/local_setup.zsh
[0.737s] -- Installing: /home/aravind/mp_ws/install/mp_utils/share/mp_utils/local_setup.dsv
[0.737s] -- Installing: /home/aravind/mp_ws/install/mp_utils/share/mp_utils/package.dsv
[0.737s] -- Installing: /home/aravind/mp_ws/install/mp_utils/share/ament_index/resource_index/packages/mp_utils
[0.737s] -- Installing: /home/aravind/mp_ws/install/mp_utils/share/mp_utils/cmake/mp_utilsConfig.cmake
[0.737s] -- Installing: /home/aravind/mp_ws/install/mp_utils/share/mp_utils/cmake/mp_utilsConfig-version.cmake
[0.737s] -- Installing: /home/aravind/mp_ws/install/mp_utils/share/mp_utils/package.xml
[0.740s] Invoked command in '/home/aravind/mp_ws/build/mp_utils' returned '0': CMAKE_PREFIX_PATH=/opt/ros/humble /usr/bin/cmake --install /home/aravind/mp_ws/build/mp_utils
