-- Install configuration: ""
-- Up-to-date: /home/aravind/mp_ws/install/mp_description/share/mp_description/meshes
-- Up-to-date: /home/aravind/mp_ws/install/mp_description/share/mp_description/meshes/mp_gripperlink1.STL
-- Up-to-date: /home/aravind/mp_ws/install/mp_description/share/mp_description/meshes/mp_link4.STL
-- Up-to-date: /home/aravind/mp_ws/install/mp_description/share/mp_description/meshes/mp_gripper.STL
-- Up-to-date: /home/aravind/mp_ws/install/mp_description/share/mp_description/meshes/mp_link3.STL
-- Up-to-date: /home/aravind/mp_ws/install/mp_description/share/mp_description/meshes/mp_gripperlink2.STL
-- Up-to-date: /home/aravind/mp_ws/install/mp_description/share/mp_description/meshes/mp_link1.STL
-- Up-to-date: /home/aravind/mp_ws/install/mp_description/share/mp_description/meshes/mp_link5.STL
-- Up-to-date: /home/aravind/mp_ws/install/mp_description/share/mp_description/meshes/mp_link2.STL
-- Up-to-date: /home/aravind/mp_ws/install/mp_description/share/mp_description/meshes/mp_base.STL
-- Up-to-date: /home/aravind/mp_ws/install/mp_description/share/mp_description/meshes/mp_link6.STL
-- Up-to-date: /home/aravind/mp_ws/install/mp_description/share/mp_description/urdf
-- Installing: /home/aravind/mp_ws/install/mp_description/share/mp_description/urdf/mp.urdf.xacro
-- Up-to-date: /home/aravind/mp_ws/install/mp_description/share/ament_index/resource_index/package_run_dependencies/mp_description
-- Up-to-date: /home/aravind/mp_ws/install/mp_description/share/ament_index/resource_index/parent_prefix_path/mp_description
-- Up-to-date: /home/aravind/mp_ws/install/mp_description/share/mp_description/environment/ament_prefix_path.sh
-- Up-to-date: /home/aravind/mp_ws/install/mp_description/share/mp_description/environment/ament_prefix_path.dsv
-- Up-to-date: /home/aravind/mp_ws/install/mp_description/share/mp_description/environment/path.sh
-- Up-to-date: /home/aravind/mp_ws/install/mp_description/share/mp_description/environment/path.dsv
-- Up-to-date: /home/aravind/mp_ws/install/mp_description/share/mp_description/local_setup.bash
-- Up-to-date: /home/aravind/mp_ws/install/mp_description/share/mp_description/local_setup.sh
-- Up-to-date: /home/aravind/mp_ws/install/mp_description/share/mp_description/local_setup.zsh
-- Up-to-date: /home/aravind/mp_ws/install/mp_description/share/mp_description/local_setup.dsv
-- Installing: /home/aravind/mp_ws/install/mp_description/share/mp_description/package.dsv
-- Up-to-date: /home/aravind/mp_ws/install/mp_description/share/ament_index/resource_index/packages/mp_description
-- Up-to-date: /home/aravind/mp_ws/install/mp_description/share/mp_description/cmake/mp_descriptionConfig.cmake
-- Up-to-date: /home/aravind/mp_ws/install/mp_description/share/mp_description/cmake/mp_descriptionConfig-version.cmake
-- Up-to-date: /home/aravind/mp_ws/install/mp_description/share/mp_description/package.xml
