[0.031s] Invoking command in '/home/aravind/mp_ws/build/mp_description': CMAKE_PREFIX_PATH=${CMAKE_PREFIX_PATH}:/opt/ros/humble /usr/bin/cmake --build /home/aravind/mp_ws/build/mp_description -- -j12 -l12
[0.099s] Invoked command in '/home/aravind/mp_ws/build/mp_description' returned '0': CMAKE_PREFIX_PATH=${CMAKE_PREFIX_PATH}:/opt/ros/humble /usr/bin/cmake --build /home/aravind/mp_ws/build/mp_description -- -j12 -l12
[0.107s] Invoking command in '/home/aravind/mp_ws/build/mp_description': CMAKE_PREFIX_PATH=${CMAKE_PREFIX_PATH}:/opt/ros/humble /usr/bin/cmake --install /home/aravind/mp_ws/build/mp_description
[0.128s] -- Install configuration: ""
[0.129s] -- Up-to-date: /home/aravind/mp_ws/install/mp_description/share/mp_description/meshes
[0.130s] -- Up-to-date: /home/aravind/mp_ws/install/mp_description/share/mp_description/meshes/mp_gripperlink1.STL
[0.132s] -- Up-to-date: /home/aravind/mp_ws/install/mp_description/share/mp_description/meshes/mp_link4.STL
[0.133s] -- Up-to-date: /home/aravind/mp_ws/install/mp_description/share/mp_description/meshes/mp_gripper.STL
[0.133s] -- Up-to-date: /home/aravind/mp_ws/install/mp_description/share/mp_description/meshes/mp_rack.STL
[0.133s] -- Up-to-date: /home/aravind/mp_ws/install/mp_description/share/mp_description/meshes/mp_link3.STL
[0.133s] -- Up-to-date: /home/aravind/mp_ws/install/mp_description/share/mp_description/meshes/mp_gripperlink2.STL
[0.134s] -- Up-to-date: /home/aravind/mp_ws/install/mp_description/share/mp_description/meshes/mp_link1.STL
[0.134s] -- Up-to-date: /home/aravind/mp_ws/install/mp_description/share/mp_description/meshes/mp_pallet.STL
[0.134s] -- Up-to-date: /home/aravind/mp_ws/install/mp_description/share/mp_description/meshes/mp_link5.STL
[0.134s] -- Up-to-date: /home/aravind/mp_ws/install/mp_description/share/mp_description/meshes/mp_cube.STL
[0.135s] -- Up-to-date: /home/aravind/mp_ws/install/mp_description/share/mp_description/meshes/mp_link2.STL
[0.135s] -- Up-to-date: /home/aravind/mp_ws/install/mp_description/share/mp_description/meshes/mp_base.STL
[0.135s] -- Up-to-date: /home/aravind/mp_ws/install/mp_description/share/mp_description/meshes/mp_link6.STL
[0.136s] -- Up-to-date: /home/aravind/mp_ws/install/mp_description/share/mp_description/urdf
[0.136s] -- Up-to-date: /home/aravind/mp_ws/install/mp_description/share/mp_description/urdf/mp_gazebo.xacro
[0.136s] -- Up-to-date: /home/aravind/mp_ws/install/mp_description/share/mp_description/urdf/mp_ros2_control.xacro
[0.136s] -- Installing: /home/aravind/mp_ws/install/mp_description/share/mp_description/urdf/mp.urdf.xacro
[0.137s] -- Up-to-date: /home/aravind/mp_ws/install/mp_description/share/mp_description/launch
[0.137s] -- Up-to-date: /home/aravind/mp_ws/install/mp_description/share/mp_description/launch/display.launch.py
[0.137s] -- Up-to-date: /home/aravind/mp_ws/install/mp_description/share/mp_description/launch/gazebo.launch.py
[0.137s] -- Up-to-date: /home/aravind/mp_ws/install/mp_description/share/mp_description/rviz
[0.138s] -- Up-to-date: /home/aravind/mp_ws/install/mp_description/share/mp_description/rviz/display.rviz
[0.139s] -- Up-to-date: /home/aravind/mp_ws/install/mp_description/share/ament_index/resource_index/package_run_dependencies/mp_description
[0.140s] -- Up-to-date: /home/aravind/mp_ws/install/mp_description/share/ament_index/resource_index/parent_prefix_path/mp_description
[0.140s] -- Up-to-date: /home/aravind/mp_ws/install/mp_description/share/mp_description/environment/ament_prefix_path.sh
[0.141s] -- Up-to-date: /home/aravind/mp_ws/install/mp_description/share/mp_description/environment/ament_prefix_path.dsv
[0.141s] -- Up-to-date: /home/aravind/mp_ws/install/mp_description/share/mp_description/environment/path.sh
[0.141s] -- Up-to-date: /home/aravind/mp_ws/install/mp_description/share/mp_description/environment/path.dsv
[0.141s] -- Up-to-date: /home/aravind/mp_ws/install/mp_description/share/mp_description/local_setup.bash
[0.141s] -- Up-to-date: /home/aravind/mp_ws/install/mp_description/share/mp_description/local_setup.sh
[0.141s] -- Up-to-date: /home/aravind/mp_ws/install/mp_description/share/mp_description/local_setup.zsh
[0.142s] -- Up-to-date: /home/aravind/mp_ws/install/mp_description/share/mp_description/local_setup.dsv
[0.142s] -- Installing: /home/aravind/mp_ws/install/mp_description/share/mp_description/package.dsv
[0.142s] -- Up-to-date: /home/aravind/mp_ws/install/mp_description/share/ament_index/resource_index/packages/mp_description
[0.142s] -- Up-to-date: /home/aravind/mp_ws/install/mp_description/share/mp_description/cmake/mp_descriptionConfig.cmake
[0.142s] -- Up-to-date: /home/aravind/mp_ws/install/mp_description/share/mp_description/cmake/mp_descriptionConfig-version.cmake
[0.142s] -- Up-to-date: /home/aravind/mp_ws/install/mp_description/share/mp_description/package.xml
[0.170s] Invoked command in '/home/aravind/mp_ws/build/mp_description' returned '0': CMAKE_PREFIX_PATH=${CMAKE_PREFIX_PATH}:/opt/ros/humble /usr/bin/cmake --install /home/aravind/mp_ws/build/mp_description
