[0.015s] Invoking command in '/home/aravind/mp_ws/build/mp_msgs': CMAKE_PREFIX_PATH=/opt/ros/humble /usr/bin/cmake --build /home/aravind/mp_ws/build/mp_msgs -- -j12 -l12
[0.031s] -- Found ament_cmake: 1.3.11 (/opt/ros/humble/share/ament_cmake/cmake)
[0.149s] -- Found std_msgs: 4.2.4 (/opt/ros/humble/share/std_msgs/cmake)
[0.163s] -- Found rosidl_generator_c: 3.1.6 (/opt/ros/humble/share/rosidl_generator_c/cmake)
[0.164s] -- Found rosidl_adapter: 3.1.6 (/opt/ros/humble/share/rosidl_adapter/cmake)
[0.167s] -- Found rosidl_generator_cpp: 3.1.6 (/opt/ros/humble/share/rosidl_generator_cpp/cmake)
[0.173s] -- Using all available rosidl_typesupport_c: rosidl_typesupport_fastrtps_c;rosidl_typesupport_introspection_c
[0.179s] -- Using all available rosidl_typesupport_cpp: rosidl_typesupport_fastrtps_cpp;rosidl_typesupport_introspection_cpp
[0.192s] -- Found rosidl_default_generators: 1.2.0 (/opt/ros/humble/share/rosidl_default_generators/cmake)
[0.387s] -- Found ament_cmake_ros: 0.10.0 (/opt/ros/humble/share/ament_cmake_ros/cmake)
[0.623s] -- Using all available rosidl_typesupport_c: rosidl_typesupport_fastrtps_c;rosidl_typesupport_introspection_c
[0.750s] -- Using all available rosidl_typesupport_cpp: rosidl_typesupport_fastrtps_cpp;rosidl_typesupport_introspection_cpp
[0.779s] -- Found PythonInterp: /usr/bin/python3 (found suitable version "3.10.12", minimum required is "3.6") 
[0.782s] -- Found python_cmake_module: 0.10.0 (/opt/ros/humble/share/python_cmake_module/cmake)
[0.814s] -- Found PythonLibs: /usr/lib/x86_64-linux-gnu/libpython3.10.so (found suitable version "3.10.12", minimum required is "3.5") 
[0.814s] -- Using PYTHON_EXECUTABLE: /usr/bin/python3
[0.814s] -- Using PYTHON_INCLUDE_DIRS: /usr/include/python3.10
[0.814s] -- Using PYTHON_LIBRARIES: /usr/lib/x86_64-linux-gnu/libpython3.10.so
[0.836s] -- Found PythonExtra: .so  
[0.864s] -- Found ament_lint_auto: 0.12.11 (/opt/ros/humble/share/ament_lint_auto/cmake)
[0.872s] -- Added test 'lint_cmake' to check CMake code style
[0.872s] -- Added test 'xmllint' to check XML markup files
[0.874s] -- Configuring done
[0.898s] -- Generating done
[0.906s] -- Build files have been written to: /home/aravind/mp_ws/build/mp_msgs
[0.933s] [  2%] [34m[1mGenerating C code for ROS interfaces[0m
[0.944s] [  5%] [34m[1mGenerating C++ code for ROS interfaces[0m
[0.953s] [  5%] Built target ament_cmake_python_copy_mp_msgs
[1.205s] running egg_info
[1.205s] creating mp_msgs.egg-info
[1.206s] writing mp_msgs.egg-info/PKG-INFO
[1.206s] writing dependency_links to mp_msgs.egg-info/dependency_links.txt
[1.206s] writing top-level names to mp_msgs.egg-info/top_level.txt
[1.206s] writing manifest file 'mp_msgs.egg-info/SOURCES.txt'
[1.209s] reading manifest file 'mp_msgs.egg-info/SOURCES.txt'
[1.209s] writing manifest file 'mp_msgs.egg-info/SOURCES.txt'
[1.238s] [  5%] Built target ament_cmake_python_build_mp_msgs_egg
[1.270s] [ 10%] [32mBuilding C object CMakeFiles/mp_msgs__rosidl_generator_c.dir/rosidl_generator_c/mp_msgs/srv/detail/euler_to_quaternion__functions.c.o[0m
[1.270s] [ 10%] [32mBuilding C object CMakeFiles/mp_msgs__rosidl_generator_c.dir/rosidl_generator_c/mp_msgs/srv/detail/quaternion_to_euler__functions.c.o[0m
[1.312s] [ 10%] Built target mp_msgs__cpp
[1.324s] [ 17%] [34m[1mGenerating C++ type support dispatch for ROS interfaces[0m
[1.324s] [ 17%] [34m[1mGenerating C++ type support for eProsima Fast-RTPS[0m
[1.324s] [ 17%] [34m[1mGenerating C++ introspection for ROS interfaces[0m
[1.343s] [ 20%] [32m[1mLinking C shared library libmp_msgs__rosidl_generator_c.so[0m
[1.384s] [ 20%] Built target mp_msgs__rosidl_generator_c
[1.395s] [ 23%] [34m[1mGenerating C type support dispatch for ROS interfaces[0m
[1.395s] [ 28%] [34m[1mGenerating C type support for eProsima Fast-RTPS[0m
[1.395s] [ 28%] [34m[1mGenerating C introspection for ROS interfaces[0m
[1.619s] [ 30%] [32mBuilding CXX object CMakeFiles/mp_msgs__rosidl_typesupport_introspection_cpp.dir/rosidl_typesupport_introspection_cpp/mp_msgs/srv/detail/euler_to_quaternion__type_support.cpp.o[0m
[1.621s] [ 33%] [32mBuilding CXX object CMakeFiles/mp_msgs__rosidl_typesupport_introspection_cpp.dir/rosidl_typesupport_introspection_cpp/mp_msgs/srv/detail/quaternion_to_euler__type_support.cpp.o[0m
[1.714s] [ 35%] [32mBuilding CXX object CMakeFiles/mp_msgs__rosidl_typesupport_cpp.dir/rosidl_typesupport_cpp/mp_msgs/srv/quaternion_to_euler__type_support.cpp.o[0m
[1.716s] [ 38%] [32mBuilding CXX object CMakeFiles/mp_msgs__rosidl_typesupport_cpp.dir/rosidl_typesupport_cpp/mp_msgs/srv/euler_to_quaternion__type_support.cpp.o[0m
[1.737s] [ 41%] [32mBuilding CXX object CMakeFiles/mp_msgs__rosidl_typesupport_fastrtps_cpp.dir/rosidl_typesupport_fastrtps_cpp/mp_msgs/srv/detail/dds_fastrtps/euler_to_quaternion__type_support.cpp.o[0m
[1.747s] [ 43%] [32mBuilding CXX object CMakeFiles/mp_msgs__rosidl_typesupport_fastrtps_cpp.dir/rosidl_typesupport_fastrtps_cpp/mp_msgs/srv/detail/dds_fastrtps/quaternion_to_euler__type_support.cpp.o[0m
[1.846s] [ 48%] [32mBuilding CXX object CMakeFiles/mp_msgs__rosidl_typesupport_c.dir/rosidl_typesupport_c/mp_msgs/srv/quaternion_to_euler__type_support.cpp.o[0m
[1.846s] [ 48%] [32mBuilding CXX object CMakeFiles/mp_msgs__rosidl_typesupport_c.dir/rosidl_typesupport_c/mp_msgs/srv/euler_to_quaternion__type_support.cpp.o[0m
[1.858s] [ 51%] [32mBuilding CXX object CMakeFiles/mp_msgs__rosidl_typesupport_fastrtps_c.dir/rosidl_typesupport_fastrtps_c/mp_msgs/srv/detail/euler_to_quaternion__type_support_c.cpp.o[0m
[1.860s] [ 53%] [32mBuilding CXX object CMakeFiles/mp_msgs__rosidl_typesupport_fastrtps_c.dir/rosidl_typesupport_fastrtps_c/mp_msgs/srv/detail/quaternion_to_euler__type_support_c.cpp.o[0m
[1.866s] [ 56%] [32mBuilding C object CMakeFiles/mp_msgs__rosidl_typesupport_introspection_c.dir/rosidl_typesupport_introspection_c/mp_msgs/srv/detail/quaternion_to_euler__type_support.c.o[0m
[1.868s] [ 58%] [32mBuilding C object CMakeFiles/mp_msgs__rosidl_typesupport_introspection_c.dir/rosidl_typesupport_introspection_c/mp_msgs/srv/detail/euler_to_quaternion__type_support.c.o[0m
[1.917s] [ 61%] [32m[1mLinking CXX shared library libmp_msgs__rosidl_typesupport_c.so[0m
[1.930s] [ 64%] [32m[1mLinking C shared library libmp_msgs__rosidl_typesupport_introspection_c.so[0m
[1.992s] [ 64%] Built target mp_msgs__rosidl_typesupport_c
[1.993s] [ 64%] Built target mp_msgs__rosidl_typesupport_introspection_c
[2.215s] [ 66%] [32m[1mLinking CXX shared library libmp_msgs__rosidl_typesupport_cpp.so[0m
[2.281s] [ 66%] Built target mp_msgs__rosidl_typesupport_cpp
[2.302s] [ 69%] [32m[1mLinking CXX shared library libmp_msgs__rosidl_typesupport_introspection_cpp.so[0m
[2.351s] [ 69%] Built target mp_msgs__rosidl_typesupport_introspection_cpp
[2.377s] [ 71%] [32m[1mLinking CXX shared library libmp_msgs__rosidl_typesupport_fastrtps_cpp.so[0m
[2.404s] [ 74%] [32m[1mLinking CXX shared library libmp_msgs__rosidl_typesupport_fastrtps_c.so[0m
[2.452s] [ 74%] Built target mp_msgs__rosidl_typesupport_fastrtps_cpp
[2.475s] [ 74%] Built target mp_msgs__rosidl_typesupport_fastrtps_c
[2.498s] [ 74%] Built target mp_msgs
[2.515s] [ 76%] [34m[1mGenerating Python code for ROS interfaces[0m
[2.875s] [ 76%] Built target mp_msgs__py
[2.892s] [ 82%] [32mBuilding C object CMakeFiles/mp_msgs__rosidl_generator_py.dir/rosidl_generator_py/mp_msgs/srv/_euler_to_quaternion_s.c.o[0m
[2.892s] [ 82%] [32mBuilding C object CMakeFiles/mp_msgs__rosidl_generator_py.dir/rosidl_generator_py/mp_msgs/srv/_quaternion_to_euler_s.c.o[0m
[2.992s] [ 84%] [32m[1mLinking C shared library rosidl_generator_py/mp_msgs/libmp_msgs__rosidl_generator_py.so[0m
[3.045s] [ 84%] Built target mp_msgs__rosidl_generator_py
[3.073s] [ 92%] [32mBuilding C object CMakeFiles/mp_msgs__rosidl_typesupport_introspection_c__pyext.dir/rosidl_generator_py/mp_msgs/_mp_msgs_s.ep.rosidl_typesupport_introspection_c.c.o[0m
[3.073s] [ 92%] [32mBuilding C object CMakeFiles/mp_msgs__rosidl_typesupport_c__pyext.dir/rosidl_generator_py/mp_msgs/_mp_msgs_s.ep.rosidl_typesupport_c.c.o[0m
[3.073s] [ 92%] [32mBuilding C object CMakeFiles/mp_msgs__rosidl_typesupport_fastrtps_c__pyext.dir/rosidl_generator_py/mp_msgs/_mp_msgs_s.ep.rosidl_typesupport_fastrtps_c.c.o[0m
[3.161s] [ 94%] [32m[1mLinking C shared library rosidl_generator_py/mp_msgs/mp_msgs_s__rosidl_typesupport_introspection_c.cpython-310-x86_64-linux-gnu.so[0m
[3.174s] [ 97%] [32m[1mLinking C shared library rosidl_generator_py/mp_msgs/mp_msgs_s__rosidl_typesupport_fastrtps_c.cpython-310-x86_64-linux-gnu.so[0m
[3.182s] [100%] [32m[1mLinking C shared library rosidl_generator_py/mp_msgs/mp_msgs_s__rosidl_typesupport_c.cpython-310-x86_64-linux-gnu.so[0m
[3.198s] [100%] Built target mp_msgs__rosidl_typesupport_introspection_c__pyext
[3.204s] [100%] Built target mp_msgs__rosidl_typesupport_fastrtps_c__pyext
[3.208s] [100%] Built target mp_msgs__rosidl_typesupport_c__pyext
[3.218s] Invoked command in '/home/aravind/mp_ws/build/mp_msgs' returned '0': CMAKE_PREFIX_PATH=/opt/ros/humble /usr/bin/cmake --build /home/aravind/mp_ws/build/mp_msgs -- -j12 -l12
[3.219s] Invoking command in '/home/aravind/mp_ws/build/mp_msgs': CMAKE_PREFIX_PATH=/opt/ros/humble /usr/bin/cmake --install /home/aravind/mp_ws/build/mp_msgs
[3.225s] -- Install configuration: ""
[3.225s] -- Installing: /home/aravind/mp_ws/install/mp_msgs/share/ament_index/resource_index/rosidl_interfaces/mp_msgs
[3.226s] -- Installing: /home/aravind/mp_ws/install/mp_msgs/include/mp_msgs/mp_msgs
[3.226s] -- Installing: /home/aravind/mp_ws/install/mp_msgs/include/mp_msgs/mp_msgs/msg
[3.226s] -- Installing: /home/aravind/mp_ws/install/mp_msgs/include/mp_msgs/mp_msgs/msg/rosidl_generator_c__visibility_control.h
[3.226s] -- Installing: /home/aravind/mp_ws/install/mp_msgs/include/mp_msgs/mp_msgs/srv
[3.226s] -- Installing: /home/aravind/mp_ws/install/mp_msgs/include/mp_msgs/mp_msgs/srv/euler_to_quaternion.h
[3.226s] -- Installing: /home/aravind/mp_ws/install/mp_msgs/include/mp_msgs/mp_msgs/srv/quaternion_to_euler.h
[3.226s] -- Installing: /home/aravind/mp_ws/install/mp_msgs/include/mp_msgs/mp_msgs/srv/detail
[3.226s] -- Installing: /home/aravind/mp_ws/install/mp_msgs/include/mp_msgs/mp_msgs/srv/detail/quaternion_to_euler__functions.h
[3.226s] -- Installing: /home/aravind/mp_ws/install/mp_msgs/include/mp_msgs/mp_msgs/srv/detail/quaternion_to_euler__struct.h
[3.226s] -- Installing: /home/aravind/mp_ws/install/mp_msgs/include/mp_msgs/mp_msgs/srv/detail/euler_to_quaternion__functions.h
[3.226s] -- Installing: /home/aravind/mp_ws/install/mp_msgs/include/mp_msgs/mp_msgs/srv/detail/euler_to_quaternion__struct.h
[3.226s] -- Installing: /home/aravind/mp_ws/install/mp_msgs/include/mp_msgs/mp_msgs/srv/detail/quaternion_to_euler__type_support.h
[3.227s] -- Installing: /home/aravind/mp_ws/install/mp_msgs/include/mp_msgs/mp_msgs/srv/detail/euler_to_quaternion__type_support.h
[3.227s] -- Installing: /home/aravind/mp_ws/install/mp_msgs/include/mp_msgs/mp_msgs/srv/detail/euler_to_quaternion__functions.c
[3.227s] -- Installing: /home/aravind/mp_ws/install/mp_msgs/include/mp_msgs/mp_msgs/srv/detail/quaternion_to_euler__functions.c
[3.227s] -- Installing: /home/aravind/mp_ws/install/mp_msgs/share/mp_msgs/environment/library_path.sh
[3.227s] -- Installing: /home/aravind/mp_ws/install/mp_msgs/share/mp_msgs/environment/library_path.dsv
[3.227s] -- Installing: /home/aravind/mp_ws/install/mp_msgs/lib/libmp_msgs__rosidl_generator_c.so
[3.227s] -- Set runtime path of "/home/aravind/mp_ws/install/mp_msgs/lib/libmp_msgs__rosidl_generator_c.so" to ""
[3.227s] -- Up-to-date: /home/aravind/mp_ws/install/mp_msgs/include/mp_msgs/mp_msgs
[3.227s] -- Up-to-date: /home/aravind/mp_ws/install/mp_msgs/include/mp_msgs/mp_msgs/msg
[3.227s] -- Installing: /home/aravind/mp_ws/install/mp_msgs/include/mp_msgs/mp_msgs/msg/rosidl_typesupport_fastrtps_c__visibility_control.h
[3.227s] -- Up-to-date: /home/aravind/mp_ws/install/mp_msgs/include/mp_msgs/mp_msgs/srv
[3.227s] -- Up-to-date: /home/aravind/mp_ws/install/mp_msgs/include/mp_msgs/mp_msgs/srv/detail
[3.228s] -- Installing: /home/aravind/mp_ws/install/mp_msgs/include/mp_msgs/mp_msgs/srv/detail/quaternion_to_euler__rosidl_typesupport_fastrtps_c.h
[3.228s] -- Installing: /home/aravind/mp_ws/install/mp_msgs/include/mp_msgs/mp_msgs/srv/detail/euler_to_quaternion__rosidl_typesupport_fastrtps_c.h
[3.228s] -- Installing: /home/aravind/mp_ws/install/mp_msgs/lib/libmp_msgs__rosidl_typesupport_fastrtps_c.so
[3.228s] -- Set runtime path of "/home/aravind/mp_ws/install/mp_msgs/lib/libmp_msgs__rosidl_typesupport_fastrtps_c.so" to ""
[3.228s] -- Up-to-date: /home/aravind/mp_ws/install/mp_msgs/include/mp_msgs/mp_msgs
[3.228s] -- Up-to-date: /home/aravind/mp_ws/install/mp_msgs/include/mp_msgs/mp_msgs/msg
[3.228s] -- Installing: /home/aravind/mp_ws/install/mp_msgs/include/mp_msgs/mp_msgs/msg/rosidl_generator_cpp__visibility_control.hpp
[3.228s] -- Up-to-date: /home/aravind/mp_ws/install/mp_msgs/include/mp_msgs/mp_msgs/srv
[3.228s] -- Installing: /home/aravind/mp_ws/install/mp_msgs/include/mp_msgs/mp_msgs/srv/euler_to_quaternion.hpp
[3.228s] -- Up-to-date: /home/aravind/mp_ws/install/mp_msgs/include/mp_msgs/mp_msgs/srv/detail
[3.228s] -- Installing: /home/aravind/mp_ws/install/mp_msgs/include/mp_msgs/mp_msgs/srv/detail/quaternion_to_euler__struct.hpp
[3.228s] -- Installing: /home/aravind/mp_ws/install/mp_msgs/include/mp_msgs/mp_msgs/srv/detail/euler_to_quaternion__type_support.hpp
[3.228s] -- Installing: /home/aravind/mp_ws/install/mp_msgs/include/mp_msgs/mp_msgs/srv/detail/euler_to_quaternion__traits.hpp
[3.229s] -- Installing: /home/aravind/mp_ws/install/mp_msgs/include/mp_msgs/mp_msgs/srv/detail/euler_to_quaternion__struct.hpp
[3.229s] -- Installing: /home/aravind/mp_ws/install/mp_msgs/include/mp_msgs/mp_msgs/srv/detail/euler_to_quaternion__builder.hpp
[3.229s] -- Installing: /home/aravind/mp_ws/install/mp_msgs/include/mp_msgs/mp_msgs/srv/detail/quaternion_to_euler__traits.hpp
[3.229s] -- Installing: /home/aravind/mp_ws/install/mp_msgs/include/mp_msgs/mp_msgs/srv/detail/quaternion_to_euler__builder.hpp
[3.229s] -- Installing: /home/aravind/mp_ws/install/mp_msgs/include/mp_msgs/mp_msgs/srv/detail/quaternion_to_euler__type_support.hpp
[3.229s] -- Installing: /home/aravind/mp_ws/install/mp_msgs/include/mp_msgs/mp_msgs/srv/quaternion_to_euler.hpp
[3.229s] -- Up-to-date: /home/aravind/mp_ws/install/mp_msgs/include/mp_msgs/mp_msgs
[3.229s] -- Up-to-date: /home/aravind/mp_ws/install/mp_msgs/include/mp_msgs/mp_msgs/msg
[3.229s] -- Installing: /home/aravind/mp_ws/install/mp_msgs/include/mp_msgs/mp_msgs/msg/rosidl_typesupport_fastrtps_cpp__visibility_control.h
[3.229s] -- Up-to-date: /home/aravind/mp_ws/install/mp_msgs/include/mp_msgs/mp_msgs/srv
[3.229s] -- Up-to-date: /home/aravind/mp_ws/install/mp_msgs/include/mp_msgs/mp_msgs/srv/detail
[3.230s] -- Installing: /home/aravind/mp_ws/install/mp_msgs/include/mp_msgs/mp_msgs/srv/detail/quaternion_to_euler__rosidl_typesupport_fastrtps_cpp.hpp
[3.230s] -- Installing: /home/aravind/mp_ws/install/mp_msgs/include/mp_msgs/mp_msgs/srv/detail/dds_fastrtps
[3.230s] -- Installing: /home/aravind/mp_ws/install/mp_msgs/include/mp_msgs/mp_msgs/srv/detail/euler_to_quaternion__rosidl_typesupport_fastrtps_cpp.hpp
[3.230s] -- Installing: /home/aravind/mp_ws/install/mp_msgs/lib/libmp_msgs__rosidl_typesupport_fastrtps_cpp.so
[3.230s] -- Set runtime path of "/home/aravind/mp_ws/install/mp_msgs/lib/libmp_msgs__rosidl_typesupport_fastrtps_cpp.so" to ""
[3.230s] -- Up-to-date: /home/aravind/mp_ws/install/mp_msgs/include/mp_msgs/mp_msgs
[3.230s] -- Up-to-date: /home/aravind/mp_ws/install/mp_msgs/include/mp_msgs/mp_msgs/msg
[3.230s] -- Installing: /home/aravind/mp_ws/install/mp_msgs/include/mp_msgs/mp_msgs/msg/rosidl_typesupport_introspection_c__visibility_control.h
[3.230s] -- Up-to-date: /home/aravind/mp_ws/install/mp_msgs/include/mp_msgs/mp_msgs/srv
[3.230s] -- Up-to-date: /home/aravind/mp_ws/install/mp_msgs/include/mp_msgs/mp_msgs/srv/detail
[3.230s] -- Installing: /home/aravind/mp_ws/install/mp_msgs/include/mp_msgs/mp_msgs/srv/detail/quaternion_to_euler__rosidl_typesupport_introspection_c.h
[3.230s] -- Installing: /home/aravind/mp_ws/install/mp_msgs/include/mp_msgs/mp_msgs/srv/detail/quaternion_to_euler__type_support.c
[3.230s] -- Installing: /home/aravind/mp_ws/install/mp_msgs/include/mp_msgs/mp_msgs/srv/detail/euler_to_quaternion__rosidl_typesupport_introspection_c.h
[3.230s] -- Installing: /home/aravind/mp_ws/install/mp_msgs/include/mp_msgs/mp_msgs/srv/detail/euler_to_quaternion__type_support.c
[3.230s] -- Installing: /home/aravind/mp_ws/install/mp_msgs/lib/libmp_msgs__rosidl_typesupport_introspection_c.so
[3.230s] -- Set runtime path of "/home/aravind/mp_ws/install/mp_msgs/lib/libmp_msgs__rosidl_typesupport_introspection_c.so" to ""
[3.231s] -- Installing: /home/aravind/mp_ws/install/mp_msgs/lib/libmp_msgs__rosidl_typesupport_c.so
[3.231s] -- Set runtime path of "/home/aravind/mp_ws/install/mp_msgs/lib/libmp_msgs__rosidl_typesupport_c.so" to ""
[3.231s] -- Up-to-date: /home/aravind/mp_ws/install/mp_msgs/include/mp_msgs/mp_msgs
[3.231s] -- Up-to-date: /home/aravind/mp_ws/install/mp_msgs/include/mp_msgs/mp_msgs/srv
[3.231s] -- Up-to-date: /home/aravind/mp_ws/install/mp_msgs/include/mp_msgs/mp_msgs/srv/detail
[3.231s] -- Installing: /home/aravind/mp_ws/install/mp_msgs/include/mp_msgs/mp_msgs/srv/detail/quaternion_to_euler__rosidl_typesupport_introspection_cpp.hpp
[3.231s] -- Installing: /home/aravind/mp_ws/install/mp_msgs/include/mp_msgs/mp_msgs/srv/detail/euler_to_quaternion__type_support.cpp
[3.231s] -- Installing: /home/aravind/mp_ws/install/mp_msgs/include/mp_msgs/mp_msgs/srv/detail/quaternion_to_euler__type_support.cpp
[3.231s] -- Installing: /home/aravind/mp_ws/install/mp_msgs/include/mp_msgs/mp_msgs/srv/detail/euler_to_quaternion__rosidl_typesupport_introspection_cpp.hpp
[3.231s] -- Installing: /home/aravind/mp_ws/install/mp_msgs/lib/libmp_msgs__rosidl_typesupport_introspection_cpp.so
[3.231s] -- Set runtime path of "/home/aravind/mp_ws/install/mp_msgs/lib/libmp_msgs__rosidl_typesupport_introspection_cpp.so" to ""
[3.231s] -- Installing: /home/aravind/mp_ws/install/mp_msgs/lib/libmp_msgs__rosidl_typesupport_cpp.so
[3.231s] -- Set runtime path of "/home/aravind/mp_ws/install/mp_msgs/lib/libmp_msgs__rosidl_typesupport_cpp.so" to ""
[3.231s] -- Installing: /home/aravind/mp_ws/install/mp_msgs/share/mp_msgs/environment/pythonpath.sh
[3.231s] -- Installing: /home/aravind/mp_ws/install/mp_msgs/share/mp_msgs/environment/pythonpath.dsv
[3.231s] -- Installing: /home/aravind/mp_ws/install/mp_msgs/local/lib/python3.10/dist-packages/mp_msgs-0.0.0-py3.10.egg-info
[3.232s] -- Installing: /home/aravind/mp_ws/install/mp_msgs/local/lib/python3.10/dist-packages/mp_msgs-0.0.0-py3.10.egg-info/SOURCES.txt
[3.232s] -- Installing: /home/aravind/mp_ws/install/mp_msgs/local/lib/python3.10/dist-packages/mp_msgs-0.0.0-py3.10.egg-info/top_level.txt
[3.232s] -- Installing: /home/aravind/mp_ws/install/mp_msgs/local/lib/python3.10/dist-packages/mp_msgs-0.0.0-py3.10.egg-info/dependency_links.txt
[3.232s] -- Installing: /home/aravind/mp_ws/install/mp_msgs/local/lib/python3.10/dist-packages/mp_msgs-0.0.0-py3.10.egg-info/PKG-INFO
[3.232s] -- Installing: /home/aravind/mp_ws/install/mp_msgs/local/lib/python3.10/dist-packages/mp_msgs
[3.232s] -- Installing: /home/aravind/mp_ws/install/mp_msgs/local/lib/python3.10/dist-packages/mp_msgs/__init__.py
[3.232s] -- Installing: /home/aravind/mp_ws/install/mp_msgs/local/lib/python3.10/dist-packages/mp_msgs/_mp_msgs_s.ep.rosidl_typesupport_fastrtps_c.c
[3.232s] -- Installing: /home/aravind/mp_ws/install/mp_msgs/local/lib/python3.10/dist-packages/mp_msgs/_mp_msgs_s.ep.rosidl_typesupport_introspection_c.c
[3.232s] -- Installing: /home/aravind/mp_ws/install/mp_msgs/local/lib/python3.10/dist-packages/mp_msgs/mp_msgs_s__rosidl_typesupport_introspection_c.cpython-310-x86_64-linux-gnu.so
[3.232s] -- Installing: /home/aravind/mp_ws/install/mp_msgs/local/lib/python3.10/dist-packages/mp_msgs/libmp_msgs__rosidl_generator_py.so
[3.232s] -- Installing: /home/aravind/mp_ws/install/mp_msgs/local/lib/python3.10/dist-packages/mp_msgs/srv
[3.232s] -- Installing: /home/aravind/mp_ws/install/mp_msgs/local/lib/python3.10/dist-packages/mp_msgs/srv/__init__.py
[3.232s] -- Installing: /home/aravind/mp_ws/install/mp_msgs/local/lib/python3.10/dist-packages/mp_msgs/srv/_euler_to_quaternion.py
[3.232s] -- Installing: /home/aravind/mp_ws/install/mp_msgs/local/lib/python3.10/dist-packages/mp_msgs/srv/_quaternion_to_euler.py
[3.232s] -- Installing: /home/aravind/mp_ws/install/mp_msgs/local/lib/python3.10/dist-packages/mp_msgs/srv/_euler_to_quaternion_s.c
[3.232s] -- Installing: /home/aravind/mp_ws/install/mp_msgs/local/lib/python3.10/dist-packages/mp_msgs/srv/_quaternion_to_euler_s.c
[3.233s] -- Installing: /home/aravind/mp_ws/install/mp_msgs/local/lib/python3.10/dist-packages/mp_msgs/mp_msgs_s__rosidl_typesupport_c.cpython-310-x86_64-linux-gnu.so
[3.233s] -- Installing: /home/aravind/mp_ws/install/mp_msgs/local/lib/python3.10/dist-packages/mp_msgs/mp_msgs_s__rosidl_typesupport_fastrtps_c.cpython-310-x86_64-linux-gnu.so
[3.233s] -- Installing: /home/aravind/mp_ws/install/mp_msgs/local/lib/python3.10/dist-packages/mp_msgs/_mp_msgs_s.ep.rosidl_typesupport_c.c
[3.261s] Listing '/home/aravind/mp_ws/install/mp_msgs/local/lib/python3.10/dist-packages/mp_msgs'...
[3.261s] Compiling '/home/aravind/mp_ws/install/mp_msgs/local/lib/python3.10/dist-packages/mp_msgs/__init__.py'...
[3.261s] Listing '/home/aravind/mp_ws/install/mp_msgs/local/lib/python3.10/dist-packages/mp_msgs/srv'...
[3.261s] Compiling '/home/aravind/mp_ws/install/mp_msgs/local/lib/python3.10/dist-packages/mp_msgs/srv/__init__.py'...
[3.261s] Compiling '/home/aravind/mp_ws/install/mp_msgs/local/lib/python3.10/dist-packages/mp_msgs/srv/_euler_to_quaternion.py'...
[3.261s] Compiling '/home/aravind/mp_ws/install/mp_msgs/local/lib/python3.10/dist-packages/mp_msgs/srv/_quaternion_to_euler.py'...
[3.265s] -- Installing: /home/aravind/mp_ws/install/mp_msgs/local/lib/python3.10/dist-packages/mp_msgs/mp_msgs_s__rosidl_typesupport_fastrtps_c.cpython-310-x86_64-linux-gnu.so
[3.265s] -- Set runtime path of "/home/aravind/mp_ws/install/mp_msgs/local/lib/python3.10/dist-packages/mp_msgs/mp_msgs_s__rosidl_typesupport_fastrtps_c.cpython-310-x86_64-linux-gnu.so" to ""
[3.265s] -- Installing: /home/aravind/mp_ws/install/mp_msgs/local/lib/python3.10/dist-packages/mp_msgs/mp_msgs_s__rosidl_typesupport_introspection_c.cpython-310-x86_64-linux-gnu.so
[3.265s] -- Set runtime path of "/home/aravind/mp_ws/install/mp_msgs/local/lib/python3.10/dist-packages/mp_msgs/mp_msgs_s__rosidl_typesupport_introspection_c.cpython-310-x86_64-linux-gnu.so" to ""
[3.265s] -- Installing: /home/aravind/mp_ws/install/mp_msgs/local/lib/python3.10/dist-packages/mp_msgs/mp_msgs_s__rosidl_typesupport_c.cpython-310-x86_64-linux-gnu.so
[3.265s] -- Set runtime path of "/home/aravind/mp_ws/install/mp_msgs/local/lib/python3.10/dist-packages/mp_msgs/mp_msgs_s__rosidl_typesupport_c.cpython-310-x86_64-linux-gnu.so" to ""
[3.265s] -- Installing: /home/aravind/mp_ws/install/mp_msgs/lib/libmp_msgs__rosidl_generator_py.so
[3.266s] -- Set runtime path of "/home/aravind/mp_ws/install/mp_msgs/lib/libmp_msgs__rosidl_generator_py.so" to ""
[3.266s] -- Installing: /home/aravind/mp_ws/install/mp_msgs/share/mp_msgs/srv/EulerToQuaternion.idl
[3.266s] -- Installing: /home/aravind/mp_ws/install/mp_msgs/share/mp_msgs/srv/QuaternionToEuler.idl
[3.266s] -- Installing: /home/aravind/mp_ws/install/mp_msgs/share/mp_msgs/srv/EulerToQuaternion.srv
[3.266s] -- Installing: /home/aravind/mp_ws/install/mp_msgs/share/mp_msgs/srv/EulerToQuaternion_Request.msg
[3.266s] -- Installing: /home/aravind/mp_ws/install/mp_msgs/share/mp_msgs/srv/EulerToQuaternion_Response.msg
[3.267s] -- Installing: /home/aravind/mp_ws/install/mp_msgs/share/mp_msgs/srv/QuaternionToEuler.srv
[3.267s] -- Installing: /home/aravind/mp_ws/install/mp_msgs/share/mp_msgs/srv/QuaternionToEuler_Request.msg
[3.267s] -- Installing: /home/aravind/mp_ws/install/mp_msgs/share/mp_msgs/srv/QuaternionToEuler_Response.msg
[3.267s] -- Installing: /home/aravind/mp_ws/install/mp_msgs/share/ament_index/resource_index/package_run_dependencies/mp_msgs
[3.267s] -- Up-to-date: /home/aravind/mp_ws/install/mp_msgs/share/ament_index/resource_index/parent_prefix_path/mp_msgs
[3.267s] -- Up-to-date: /home/aravind/mp_ws/install/mp_msgs/share/mp_msgs/environment/ament_prefix_path.sh
[3.267s] -- Installing: /home/aravind/mp_ws/install/mp_msgs/share/mp_msgs/environment/ament_prefix_path.dsv
[3.267s] -- Up-to-date: /home/aravind/mp_ws/install/mp_msgs/share/mp_msgs/environment/path.sh
[3.268s] -- Installing: /home/aravind/mp_ws/install/mp_msgs/share/mp_msgs/environment/path.dsv
[3.268s] -- Up-to-date: /home/aravind/mp_ws/install/mp_msgs/share/mp_msgs/local_setup.bash
[3.268s] -- Installing: /home/aravind/mp_ws/install/mp_msgs/share/mp_msgs/local_setup.sh
[3.268s] -- Up-to-date: /home/aravind/mp_ws/install/mp_msgs/share/mp_msgs/local_setup.zsh
[3.268s] -- Installing: /home/aravind/mp_ws/install/mp_msgs/share/mp_msgs/local_setup.dsv
[3.268s] -- Installing: /home/aravind/mp_ws/install/mp_msgs/share/mp_msgs/package.dsv
[3.268s] -- Up-to-date: /home/aravind/mp_ws/install/mp_msgs/share/ament_index/resource_index/packages/mp_msgs
[3.268s] -- Installing: /home/aravind/mp_ws/install/mp_msgs/share/mp_msgs/cmake/export_mp_msgs__rosidl_generator_cExport.cmake
[3.268s] -- Installing: /home/aravind/mp_ws/install/mp_msgs/share/mp_msgs/cmake/export_mp_msgs__rosidl_generator_cExport-noconfig.cmake
[3.268s] -- Installing: /home/aravind/mp_ws/install/mp_msgs/share/mp_msgs/cmake/export_mp_msgs__rosidl_typesupport_fastrtps_cExport.cmake
[3.268s] -- Installing: /home/aravind/mp_ws/install/mp_msgs/share/mp_msgs/cmake/export_mp_msgs__rosidl_typesupport_fastrtps_cExport-noconfig.cmake
[3.269s] -- Installing: /home/aravind/mp_ws/install/mp_msgs/share/mp_msgs/cmake/export_mp_msgs__rosidl_generator_cppExport.cmake
[3.269s] -- Installing: /home/aravind/mp_ws/install/mp_msgs/share/mp_msgs/cmake/export_mp_msgs__rosidl_typesupport_fastrtps_cppExport.cmake
[3.269s] -- Installing: /home/aravind/mp_ws/install/mp_msgs/share/mp_msgs/cmake/export_mp_msgs__rosidl_typesupport_fastrtps_cppExport-noconfig.cmake
[3.269s] -- Installing: /home/aravind/mp_ws/install/mp_msgs/share/mp_msgs/cmake/mp_msgs__rosidl_typesupport_introspection_cExport.cmake
[3.269s] -- Installing: /home/aravind/mp_ws/install/mp_msgs/share/mp_msgs/cmake/mp_msgs__rosidl_typesupport_introspection_cExport-noconfig.cmake
[3.269s] -- Installing: /home/aravind/mp_ws/install/mp_msgs/share/mp_msgs/cmake/mp_msgs__rosidl_typesupport_cExport.cmake
[3.269s] -- Installing: /home/aravind/mp_ws/install/mp_msgs/share/mp_msgs/cmake/mp_msgs__rosidl_typesupport_cExport-noconfig.cmake
[3.269s] -- Installing: /home/aravind/mp_ws/install/mp_msgs/share/mp_msgs/cmake/mp_msgs__rosidl_typesupport_introspection_cppExport.cmake
[3.269s] -- Installing: /home/aravind/mp_ws/install/mp_msgs/share/mp_msgs/cmake/mp_msgs__rosidl_typesupport_introspection_cppExport-noconfig.cmake
[3.269s] -- Installing: /home/aravind/mp_ws/install/mp_msgs/share/mp_msgs/cmake/mp_msgs__rosidl_typesupport_cppExport.cmake
[3.269s] -- Installing: /home/aravind/mp_ws/install/mp_msgs/share/mp_msgs/cmake/mp_msgs__rosidl_typesupport_cppExport-noconfig.cmake
[3.269s] -- Installing: /home/aravind/mp_ws/install/mp_msgs/share/mp_msgs/cmake/export_mp_msgs__rosidl_generator_pyExport.cmake
[3.269s] -- Installing: /home/aravind/mp_ws/install/mp_msgs/share/mp_msgs/cmake/export_mp_msgs__rosidl_generator_pyExport-noconfig.cmake
[3.269s] -- Installing: /home/aravind/mp_ws/install/mp_msgs/share/mp_msgs/cmake/rosidl_cmake-extras.cmake
[3.270s] -- Installing: /home/aravind/mp_ws/install/mp_msgs/share/mp_msgs/cmake/ament_cmake_export_include_directories-extras.cmake
[3.270s] -- Installing: /home/aravind/mp_ws/install/mp_msgs/share/mp_msgs/cmake/ament_cmake_export_libraries-extras.cmake
[3.270s] -- Installing: /home/aravind/mp_ws/install/mp_msgs/share/mp_msgs/cmake/ament_cmake_export_targets-extras.cmake
[3.270s] -- Installing: /home/aravind/mp_ws/install/mp_msgs/share/mp_msgs/cmake/rosidl_cmake_export_typesupport_targets-extras.cmake
[3.270s] -- Installing: /home/aravind/mp_ws/install/mp_msgs/share/mp_msgs/cmake/ament_cmake_export_dependencies-extras.cmake
[3.270s] -- Installing: /home/aravind/mp_ws/install/mp_msgs/share/mp_msgs/cmake/rosidl_cmake_export_typesupport_libraries-extras.cmake
[3.270s] -- Installing: /home/aravind/mp_ws/install/mp_msgs/share/mp_msgs/cmake/mp_msgsConfig.cmake
[3.270s] -- Up-to-date: /home/aravind/mp_ws/install/mp_msgs/share/mp_msgs/cmake/mp_msgsConfig-version.cmake
[3.270s] -- Installing: /home/aravind/mp_ws/install/mp_msgs/share/mp_msgs/package.xml
[3.271s] Invoked command in '/home/aravind/mp_ws/build/mp_msgs' returned '0': CMAKE_PREFIX_PATH=/opt/ros/humble /usr/bin/cmake --install /home/aravind/mp_ws/build/mp_msgs
