[0.007s] Invoking command in '/home/aravind/mp_ws/build/mp_description': CMAKE_PREFIX_PATH=/opt/ros/humble /usr/bin/cmake --build /home/aravind/mp_ws/build/mp_description -- -j12 -l12
[0.036s] Invoked command in '/home/aravind/mp_ws/build/mp_description' returned '0': CMAKE_PREFIX_PATH=/opt/ros/humble /usr/bin/cmake --build /home/aravind/mp_ws/build/mp_description -- -j12 -l12
[0.044s] Invoking command in '/home/aravind/mp_ws/build/mp_description': CMAKE_PREFIX_PATH=/opt/ros/humble /usr/bin/cmake --install /home/aravind/mp_ws/build/mp_description
[0.050s] -- Install configuration: ""
[0.050s] -- Up-to-date: /home/aravind/mp_ws/install/mp_description/share/mp_description/meshes
[0.051s] -- Up-to-date: /home/aravind/mp_ws/install/mp_description/share/mp_description/meshes/mp_gripperlink1.STL
[0.051s] -- Up-to-date: /home/aravind/mp_ws/install/mp_description/share/mp_description/meshes/mp_link4.STL
[0.051s] -- Up-to-date: /home/aravind/mp_ws/install/mp_description/share/mp_description/meshes/mp_gripper.STL
[0.051s] -- Up-to-date: /home/aravind/mp_ws/install/mp_description/share/mp_description/meshes/mp_link3.STL
[0.051s] -- Up-to-date: /home/aravind/mp_ws/install/mp_description/share/mp_description/meshes/mp_gripperlink2.STL
[0.051s] -- Up-to-date: /home/aravind/mp_ws/install/mp_description/share/mp_description/meshes/mp_link1.STL
[0.051s] -- Up-to-date: /home/aravind/mp_ws/install/mp_description/share/mp_description/meshes/mp_link5.STL
[0.051s] -- Up-to-date: /home/aravind/mp_ws/install/mp_description/share/mp_description/meshes/mp_link2.STL
[0.051s] -- Up-to-date: /home/aravind/mp_ws/install/mp_description/share/mp_description/meshes/mp_base.STL
[0.051s] -- Up-to-date: /home/aravind/mp_ws/install/mp_description/share/mp_description/meshes/mp_link6.STL
[0.052s] -- Up-to-date: /home/aravind/mp_ws/install/mp_description/share/mp_description/urdf
[0.052s] -- Installing: /home/aravind/mp_ws/install/mp_description/share/mp_description/urdf/mp.urdf.xacro
[0.052s] -- Up-to-date: /home/aravind/mp_ws/install/mp_description/share/ament_index/resource_index/package_run_dependencies/mp_description
[0.052s] -- Up-to-date: /home/aravind/mp_ws/install/mp_description/share/ament_index/resource_index/parent_prefix_path/mp_description
[0.052s] -- Up-to-date: /home/aravind/mp_ws/install/mp_description/share/mp_description/environment/ament_prefix_path.sh
[0.052s] -- Up-to-date: /home/aravind/mp_ws/install/mp_description/share/mp_description/environment/ament_prefix_path.dsv
[0.053s] -- Up-to-date: /home/aravind/mp_ws/install/mp_description/share/mp_description/environment/path.sh
[0.053s] -- Up-to-date: /home/aravind/mp_ws/install/mp_description/share/mp_description/environment/path.dsv
[0.053s] -- Up-to-date: /home/aravind/mp_ws/install/mp_description/share/mp_description/local_setup.bash
[0.053s] -- Up-to-date: /home/aravind/mp_ws/install/mp_description/share/mp_description/local_setup.sh
[0.053s] -- Up-to-date: /home/aravind/mp_ws/install/mp_description/share/mp_description/local_setup.zsh
[0.053s] -- Up-to-date: /home/aravind/mp_ws/install/mp_description/share/mp_description/local_setup.dsv
[0.053s] -- Installing: /home/aravind/mp_ws/install/mp_description/share/mp_description/package.dsv
[0.053s] -- Up-to-date: /home/aravind/mp_ws/install/mp_description/share/ament_index/resource_index/packages/mp_description
[0.053s] -- Up-to-date: /home/aravind/mp_ws/install/mp_description/share/mp_description/cmake/mp_descriptionConfig.cmake
[0.053s] -- Up-to-date: /home/aravind/mp_ws/install/mp_description/share/mp_description/cmake/mp_descriptionConfig-version.cmake
[0.053s] -- Up-to-date: /home/aravind/mp_ws/install/mp_description/share/mp_description/package.xml
[0.054s] Invoked command in '/home/aravind/mp_ws/build/mp_description' returned '0': CMAKE_PREFIX_PATH=/opt/ros/humble /usr/bin/cmake --install /home/aravind/mp_ws/build/mp_description
