[0.041s] Invoking command in '/home/aravind/mp_ws/build/mp_moveit': CMAKE_PREFIX_PATH=/opt/ros/humble /usr/bin/cmake /home/aravind/mp_ws/src/mp_moveit -DCMAKE_INSTALL_PREFIX=/home/aravind/mp_ws/install/mp_moveit
[0.222s] -- The C compiler identification is GNU 11.4.0
[0.367s] -- The CXX compiler identification is GNU 11.4.0
[0.384s] -- Detecting C compiler ABI info
[0.497s] -- Detecting C compiler ABI info - done
[0.513s] -- Check for working C compiler: /usr/bin/cc - skipped
[0.513s] -- Detecting C compile features
[0.513s] -- Detecting C compile features - done
[0.518s] -- Detecting CXX compiler ABI info
[0.657s] -- Detecting CXX compiler ABI info - done
[0.669s] -- Check for working CXX compiler: /usr/bin/c++ - skipped
[0.670s] -- Detecting CXX compile features
[0.670s] -- Detecting CXX compile features - done
[0.677s] -- Found ament_cmake: 1.3.11 (/opt/ros/humble/share/ament_cmake/cmake)
[0.922s] -- Found Python3: /usr/bin/python3 (found version "3.10.12") found components: Interpreter 
[1.088s] -- Found ament_lint_auto: 0.12.11 (/opt/ros/humble/share/ament_lint_auto/cmake)
[1.208s] -- Added test 'lint_cmake' to check CMake code style
[1.209s] -- Added test 'xmllint' to check XML markup files
[1.210s] -- Configuring done
[1.213s] -- Generating done
[1.215s] -- Build files have been written to: /home/aravind/mp_ws/build/mp_moveit
[1.219s] Invoked command in '/home/aravind/mp_ws/build/mp_moveit' returned '0': CMAKE_PREFIX_PATH=/opt/ros/humble /usr/bin/cmake /home/aravind/mp_ws/src/mp_moveit -DCMAKE_INSTALL_PREFIX=/home/aravind/mp_ws/install/mp_moveit
[1.223s] Invoking command in '/home/aravind/mp_ws/build/mp_moveit': CMAKE_PREFIX_PATH=/opt/ros/humble /usr/bin/cmake --build /home/aravind/mp_ws/build/mp_moveit -- -j12 -l12
[1.283s] Invoked command in '/home/aravind/mp_ws/build/mp_moveit' returned '0': CMAKE_PREFIX_PATH=/opt/ros/humble /usr/bin/cmake --build /home/aravind/mp_ws/build/mp_moveit -- -j12 -l12
[1.286s] Invoking command in '/home/aravind/mp_ws/build/mp_moveit': CMAKE_PREFIX_PATH=/opt/ros/humble /usr/bin/cmake --install /home/aravind/mp_ws/build/mp_moveit
[1.297s] -- Install configuration: ""
[1.297s] -- Installing: /home/aravind/mp_ws/install/mp_moveit/share/ament_index/resource_index/package_run_dependencies/mp_moveit
[1.297s] -- Installing: /home/aravind/mp_ws/install/mp_moveit/share/ament_index/resource_index/parent_prefix_path/mp_moveit
[1.297s] -- Installing: /home/aravind/mp_ws/install/mp_moveit/share/mp_moveit/environment/ament_prefix_path.sh
[1.297s] -- Installing: /home/aravind/mp_ws/install/mp_moveit/share/mp_moveit/environment/ament_prefix_path.dsv
[1.298s] -- Installing: /home/aravind/mp_ws/install/mp_moveit/share/mp_moveit/environment/path.sh
[1.298s] -- Installing: /home/aravind/mp_ws/install/mp_moveit/share/mp_moveit/environment/path.dsv
[1.298s] -- Installing: /home/aravind/mp_ws/install/mp_moveit/share/mp_moveit/local_setup.bash
[1.298s] -- Installing: /home/aravind/mp_ws/install/mp_moveit/share/mp_moveit/local_setup.sh
[1.298s] -- Installing: /home/aravind/mp_ws/install/mp_moveit/share/mp_moveit/local_setup.zsh
[1.298s] -- Installing: /home/aravind/mp_ws/install/mp_moveit/share/mp_moveit/local_setup.dsv
[1.298s] -- Installing: /home/aravind/mp_ws/install/mp_moveit/share/mp_moveit/package.dsv
[1.298s] -- Installing: /home/aravind/mp_ws/install/mp_moveit/share/ament_index/resource_index/packages/mp_moveit
[1.298s] -- Installing: /home/aravind/mp_ws/install/mp_moveit/share/mp_moveit/cmake/mp_moveitConfig.cmake
[1.298s] -- Installing: /home/aravind/mp_ws/install/mp_moveit/share/mp_moveit/cmake/mp_moveitConfig-version.cmake
[1.298s] -- Installing: /home/aravind/mp_ws/install/mp_moveit/share/mp_moveit/package.xml
[1.301s] Invoked command in '/home/aravind/mp_ws/build/mp_moveit' returned '0': CMAKE_PREFIX_PATH=/opt/ros/humble /usr/bin/cmake --install /home/aravind/mp_ws/build/mp_moveit
