[0.023s] Invoking command in '/home/aravind/mp_ws/build/mp_controller': CMAKE_PREFIX_PATH=/opt/ros/humble /usr/bin/cmake --build /home/aravind/mp_ws/build/mp_controller -- -j12 -l12
[0.116s] Invoked command in '/home/aravind/mp_ws/build/mp_controller' returned '0': CMAKE_PREFIX_PATH=/opt/ros/humble /usr/bin/cmake --build /home/aravind/mp_ws/build/mp_controller -- -j12 -l12
[0.119s] Invoking command in '/home/aravind/mp_ws/build/mp_controller': CMAKE_PREFIX_PATH=/opt/ros/humble /usr/bin/cmake --install /home/aravind/mp_ws/build/mp_controller
[0.140s] -- Install configuration: ""
[0.140s] -- Up-to-date: /home/aravind/mp_ws/install/mp_controller/share/mp_controller/config
[0.142s] -- Up-to-date: /home/aravind/mp_ws/install/mp_controller/share/mp_controller/config/mp_controllers.yaml
[0.142s] -- Up-to-date: /home/aravind/mp_ws/install/mp_controller/share/mp_controller/launch
[0.146s] -- Up-to-date: /home/aravind/mp_ws/install/mp_controller/share/mp_controller/launch/controller.launch.py
[0.147s] -- Up-to-date: /home/aravind/mp_ws/install/mp_controller/share/ament_index/resource_index/package_run_dependencies/mp_controller
[0.147s] -- Up-to-date: /home/aravind/mp_ws/install/mp_controller/share/ament_index/resource_index/parent_prefix_path/mp_controller
[0.147s] -- Up-to-date: /home/aravind/mp_ws/install/mp_controller/share/mp_controller/environment/ament_prefix_path.sh
[0.148s] -- Up-to-date: /home/aravind/mp_ws/install/mp_controller/share/mp_controller/environment/ament_prefix_path.dsv
[0.148s] -- Up-to-date: /home/aravind/mp_ws/install/mp_controller/share/mp_controller/environment/path.sh
[0.148s] -- Up-to-date: /home/aravind/mp_ws/install/mp_controller/share/mp_controller/environment/path.dsv
[0.148s] -- Up-to-date: /home/aravind/mp_ws/install/mp_controller/share/mp_controller/local_setup.bash
[0.149s] -- Up-to-date: /home/aravind/mp_ws/install/mp_controller/share/mp_controller/local_setup.sh
[0.149s] -- Up-to-date: /home/aravind/mp_ws/install/mp_controller/share/mp_controller/local_setup.zsh
[0.149s] -- Up-to-date: /home/aravind/mp_ws/install/mp_controller/share/mp_controller/local_setup.dsv
[0.149s] -- Installing: /home/aravind/mp_ws/install/mp_controller/share/mp_controller/package.dsv
[0.150s] -- Up-to-date: /home/aravind/mp_ws/install/mp_controller/share/ament_index/resource_index/packages/mp_controller
[0.152s] -- Up-to-date: /home/aravind/mp_ws/install/mp_controller/share/mp_controller/cmake/mp_controllerConfig.cmake
[0.152s] -- Up-to-date: /home/aravind/mp_ws/install/mp_controller/share/mp_controller/cmake/mp_controllerConfig-version.cmake
[0.152s] -- Up-to-date: /home/aravind/mp_ws/install/mp_controller/share/mp_controller/package.xml
[0.212s] Invoked command in '/home/aravind/mp_ws/build/mp_controller' returned '0': CMAKE_PREFIX_PATH=/opt/ros/humble /usr/bin/cmake --install /home/aravind/mp_ws/build/mp_controller
