[0.159s] DEBUG:colcon:Command line arguments: ['/usr/bin/colcon', 'build']
[0.159s] DEBUG:colcon:Parsed command line arguments: Namespace(log_base=None, log_level=None, verb_name='build', build_base='build', install_base='install', merge_install=False, symlink_install=False, test_result_base=None, continue_on_error=False, executor='parallel', parallel_workers=12, event_handlers=None, ignore_user_meta=False, metas=['./colcon.meta'], base_paths=['.'], packages_ignore=None, packages_ignore_regex=None, paths=None, packages_up_to=None, packages_up_to_regex=None, packages_above=None, packages_above_and_dependencies=None, packages_above_depth=None, packages_select_by_dep=None, packages_skip_by_dep=None, packages_skip_up_to=None, packages_select_build_failed=False, packages_skip_build_finished=False, packages_select_test_failures=False, packages_skip_test_passed=False, packages_select=None, packages_skip=None, packages_select_regex=None, packages_skip_regex=None, packages_start=None, packages_end=None, allow_overriding=[], cmake_args=None, cmake_target=None, cmake_target_skip_unavailable=False, cmake_clean_cache=False, cmake_clean_first=False, cmake_force_configure=False, ament_cmake_args=None, catkin_cmake_args=None, catkin_skip_building_tests=False, mixin_files=None, mixin=None, verb_parser=<colcon_mixin.mixin.mixin_argument.MixinArgumentDecorator object at 0x725be39557b0>, verb_extension=<colcon_core.verb.build.BuildVerb object at 0x725be3a466e0>, main=<bound method BuildVerb.main of <colcon_core.verb.build.BuildVerb object at 0x725be3a466e0>>, mixin_verb=('build',))
[0.347s] Level 1:colcon.colcon_core.package_discovery:discover_packages(colcon_meta) check parameters
[0.347s] Level 1:colcon.colcon_core.package_discovery:discover_packages(recursive) check parameters
[0.347s] Level 1:colcon.colcon_core.package_discovery:discover_packages(ignore) check parameters
[0.347s] Level 1:colcon.colcon_core.package_discovery:discover_packages(path) check parameters
[0.347s] Level 1:colcon.colcon_core.package_discovery:discover_packages(colcon_meta) discover
[0.347s] Level 1:colcon.colcon_core.package_discovery:discover_packages(recursive) discover
[0.347s] INFO:colcon.colcon_core.package_discovery:Crawling recursively for packages in '/home/aravind/mp_ws'
[0.347s] Level 1:colcon.colcon_core.package_identification:_identify(.) by extensions ['ignore', 'ignore_ament_install']
[0.347s] Level 1:colcon.colcon_core.package_identification:_identify(.) by extension 'ignore'
[0.347s] Level 1:colcon.colcon_core.package_identification:_identify(.) by extension 'ignore_ament_install'
[0.347s] Level 1:colcon.colcon_core.package_identification:_identify(.) by extensions ['colcon_pkg']
[0.347s] Level 1:colcon.colcon_core.package_identification:_identify(.) by extension 'colcon_pkg'
[0.347s] Level 1:colcon.colcon_core.package_identification:_identify(.) by extensions ['colcon_meta']
[0.347s] Level 1:colcon.colcon_core.package_identification:_identify(.) by extension 'colcon_meta'
[0.347s] Level 1:colcon.colcon_core.package_identification:_identify(.) by extensions ['ros']
[0.347s] Level 1:colcon.colcon_core.package_identification:_identify(.) by extension 'ros'
[0.357s] Level 1:colcon.colcon_core.package_identification:_identify(.) by extensions ['cmake', 'python']
[0.357s] Level 1:colcon.colcon_core.package_identification:_identify(.) by extension 'cmake'
[0.357s] Level 1:colcon.colcon_core.package_identification:_identify(.) by extension 'python'
[0.357s] Level 1:colcon.colcon_core.package_identification:_identify(.) by extensions ['python_setup_py']
[0.357s] Level 1:colcon.colcon_core.package_identification:_identify(.) by extension 'python_setup_py'
[0.358s] Level 1:colcon.colcon_core.package_identification:_identify(build) by extensions ['ignore', 'ignore_ament_install']
[0.358s] Level 1:colcon.colcon_core.package_identification:_identify(build) by extension 'ignore'
[0.358s] Level 1:colcon.colcon_core.package_identification:_identify(build) ignored
[0.358s] Level 1:colcon.colcon_core.package_identification:_identify(install) by extensions ['ignore', 'ignore_ament_install']
[0.358s] Level 1:colcon.colcon_core.package_identification:_identify(install) by extension 'ignore'
[0.358s] Level 1:colcon.colcon_core.package_identification:_identify(install) ignored
[0.358s] Level 1:colcon.colcon_core.package_identification:_identify(log) by extensions ['ignore', 'ignore_ament_install']
[0.358s] Level 1:colcon.colcon_core.package_identification:_identify(log) by extension 'ignore'
[0.358s] Level 1:colcon.colcon_core.package_identification:_identify(log) ignored
[0.358s] Level 1:colcon.colcon_core.package_identification:_identify(src) by extensions ['ignore', 'ignore_ament_install']
[0.358s] Level 1:colcon.colcon_core.package_identification:_identify(src) by extension 'ignore'
[0.358s] Level 1:colcon.colcon_core.package_identification:_identify(src) by extension 'ignore_ament_install'
[0.358s] Level 1:colcon.colcon_core.package_identification:_identify(src) by extensions ['colcon_pkg']
[0.358s] Level 1:colcon.colcon_core.package_identification:_identify(src) by extension 'colcon_pkg'
[0.358s] Level 1:colcon.colcon_core.package_identification:_identify(src) by extensions ['colcon_meta']
[0.358s] Level 1:colcon.colcon_core.package_identification:_identify(src) by extension 'colcon_meta'
[0.358s] Level 1:colcon.colcon_core.package_identification:_identify(src) by extensions ['ros']
[0.359s] Level 1:colcon.colcon_core.package_identification:_identify(src) by extension 'ros'
[0.359s] Level 1:colcon.colcon_core.package_identification:_identify(src) by extensions ['cmake', 'python']
[0.359s] Level 1:colcon.colcon_core.package_identification:_identify(src) by extension 'cmake'
[0.359s] Level 1:colcon.colcon_core.package_identification:_identify(src) by extension 'python'
[0.359s] Level 1:colcon.colcon_core.package_identification:_identify(src) by extensions ['python_setup_py']
[0.359s] Level 1:colcon.colcon_core.package_identification:_identify(src) by extension 'python_setup_py'
[0.359s] Level 1:colcon.colcon_core.package_identification:_identify(src/mp_controller) by extensions ['ignore', 'ignore_ament_install']
[0.359s] Level 1:colcon.colcon_core.package_identification:_identify(src/mp_controller) by extension 'ignore'
[0.359s] Level 1:colcon.colcon_core.package_identification:_identify(src/mp_controller) by extension 'ignore_ament_install'
[0.359s] Level 1:colcon.colcon_core.package_identification:_identify(src/mp_controller) by extensions ['colcon_pkg']
[0.359s] Level 1:colcon.colcon_core.package_identification:_identify(src/mp_controller) by extension 'colcon_pkg'
[0.359s] Level 1:colcon.colcon_core.package_identification:_identify(src/mp_controller) by extensions ['colcon_meta']
[0.359s] Level 1:colcon.colcon_core.package_identification:_identify(src/mp_controller) by extension 'colcon_meta'
[0.359s] Level 1:colcon.colcon_core.package_identification:_identify(src/mp_controller) by extensions ['ros']
[0.359s] Level 1:colcon.colcon_core.package_identification:_identify(src/mp_controller) by extension 'ros'
[0.360s] DEBUG:colcon.colcon_core.package_identification:Package 'src/mp_controller' with type 'ros.ament_cmake' and name 'mp_controller'
[0.361s] Level 1:colcon.colcon_core.package_identification:_identify(src/mp_description) by extensions ['ignore', 'ignore_ament_install']
[0.361s] Level 1:colcon.colcon_core.package_identification:_identify(src/mp_description) by extension 'ignore'
[0.361s] Level 1:colcon.colcon_core.package_identification:_identify(src/mp_description) by extension 'ignore_ament_install'
[0.361s] Level 1:colcon.colcon_core.package_identification:_identify(src/mp_description) by extensions ['colcon_pkg']
[0.361s] Level 1:colcon.colcon_core.package_identification:_identify(src/mp_description) by extension 'colcon_pkg'
[0.361s] Level 1:colcon.colcon_core.package_identification:_identify(src/mp_description) by extensions ['colcon_meta']
[0.361s] Level 1:colcon.colcon_core.package_identification:_identify(src/mp_description) by extension 'colcon_meta'
[0.361s] Level 1:colcon.colcon_core.package_identification:_identify(src/mp_description) by extensions ['ros']
[0.361s] Level 1:colcon.colcon_core.package_identification:_identify(src/mp_description) by extension 'ros'
[0.361s] DEBUG:colcon.colcon_core.package_identification:Package 'src/mp_description' with type 'ros.ament_cmake' and name 'mp_description'
[0.361s] Level 1:colcon.colcon_core.package_identification:_identify(src/mp_moveit) by extensions ['ignore', 'ignore_ament_install']
[0.361s] Level 1:colcon.colcon_core.package_identification:_identify(src/mp_moveit) by extension 'ignore'
[0.362s] Level 1:colcon.colcon_core.package_identification:_identify(src/mp_moveit) by extension 'ignore_ament_install'
[0.362s] Level 1:colcon.colcon_core.package_identification:_identify(src/mp_moveit) by extensions ['colcon_pkg']
[0.362s] Level 1:colcon.colcon_core.package_identification:_identify(src/mp_moveit) by extension 'colcon_pkg'
[0.362s] Level 1:colcon.colcon_core.package_identification:_identify(src/mp_moveit) by extensions ['colcon_meta']
[0.362s] Level 1:colcon.colcon_core.package_identification:_identify(src/mp_moveit) by extension 'colcon_meta'
[0.362s] Level 1:colcon.colcon_core.package_identification:_identify(src/mp_moveit) by extensions ['ros']
[0.362s] Level 1:colcon.colcon_core.package_identification:_identify(src/mp_moveit) by extension 'ros'
[0.362s] DEBUG:colcon.colcon_core.package_identification:Package 'src/mp_moveit' with type 'ros.ament_cmake' and name 'mp_moveit'
[0.363s] Level 1:colcon.colcon_core.package_identification:_identify(src/mp_msgs) by extensions ['ignore', 'ignore_ament_install']
[0.363s] Level 1:colcon.colcon_core.package_identification:_identify(src/mp_msgs) by extension 'ignore'
[0.363s] Level 1:colcon.colcon_core.package_identification:_identify(src/mp_msgs) by extension 'ignore_ament_install'
[0.363s] Level 1:colcon.colcon_core.package_identification:_identify(src/mp_msgs) by extensions ['colcon_pkg']
[0.363s] Level 1:colcon.colcon_core.package_identification:_identify(src/mp_msgs) by extension 'colcon_pkg'
[0.363s] Level 1:colcon.colcon_core.package_identification:_identify(src/mp_msgs) by extensions ['colcon_meta']
[0.363s] Level 1:colcon.colcon_core.package_identification:_identify(src/mp_msgs) by extension 'colcon_meta'
[0.363s] Level 1:colcon.colcon_core.package_identification:_identify(src/mp_msgs) by extensions ['ros']
[0.363s] Level 1:colcon.colcon_core.package_identification:_identify(src/mp_msgs) by extension 'ros'
[0.365s] DEBUG:colcon.colcon_core.package_identification:Package 'src/mp_msgs' with type 'ros.ament_cmake' and name 'mp_msgs'
[0.365s] Level 1:colcon.colcon_core.package_identification:_identify(src/mp_utils) by extensions ['ignore', 'ignore_ament_install']
[0.365s] Level 1:colcon.colcon_core.package_identification:_identify(src/mp_utils) by extension 'ignore'
[0.365s] Level 1:colcon.colcon_core.package_identification:_identify(src/mp_utils) by extension 'ignore_ament_install'
[0.365s] Level 1:colcon.colcon_core.package_identification:_identify(src/mp_utils) by extensions ['colcon_pkg']
[0.365s] Level 1:colcon.colcon_core.package_identification:_identify(src/mp_utils) by extension 'colcon_pkg'
[0.365s] Level 1:colcon.colcon_core.package_identification:_identify(src/mp_utils) by extensions ['colcon_meta']
[0.365s] Level 1:colcon.colcon_core.package_identification:_identify(src/mp_utils) by extension 'colcon_meta'
[0.365s] Level 1:colcon.colcon_core.package_identification:_identify(src/mp_utils) by extensions ['ros']
[0.365s] Level 1:colcon.colcon_core.package_identification:_identify(src/mp_utils) by extension 'ros'
[0.367s] DEBUG:colcon.colcon_core.package_identification:Package 'src/mp_utils' with type 'ros.ament_cmake' and name 'mp_utils'
[0.367s] Level 1:colcon.colcon_core.package_discovery:discover_packages(recursive) using defaults
[0.367s] Level 1:colcon.colcon_core.package_discovery:discover_packages(ignore) discover
[0.367s] Level 1:colcon.colcon_core.package_discovery:discover_packages(ignore) using defaults
[0.367s] Level 1:colcon.colcon_core.package_discovery:discover_packages(path) discover
[0.367s] Level 1:colcon.colcon_core.package_discovery:discover_packages(path) using defaults
[0.408s] Level 1:colcon.colcon_core.package_discovery:discover_packages(prefix_path) check parameters
[0.408s] Level 1:colcon.colcon_core.package_discovery:discover_packages(prefix_path) discover
[0.413s] DEBUG:colcon.colcon_installed_package_information.package_discovery:Found 432 installed packages in /opt/ros/humble
[0.416s] Level 1:colcon.colcon_core.package_discovery:discover_packages(prefix_path) using defaults
[0.471s] Level 5:colcon.colcon_core.verb:set package 'mp_controller' build argument 'cmake_args' from command line to 'None'
[0.471s] Level 5:colcon.colcon_core.verb:set package 'mp_controller' build argument 'cmake_target' from command line to 'None'
[0.471s] Level 5:colcon.colcon_core.verb:set package 'mp_controller' build argument 'cmake_target_skip_unavailable' from command line to 'False'
[0.471s] Level 5:colcon.colcon_core.verb:set package 'mp_controller' build argument 'cmake_clean_cache' from command line to 'False'
[0.471s] Level 5:colcon.colcon_core.verb:set package 'mp_controller' build argument 'cmake_clean_first' from command line to 'False'
[0.471s] Level 5:colcon.colcon_core.verb:set package 'mp_controller' build argument 'cmake_force_configure' from command line to 'False'
[0.471s] Level 5:colcon.colcon_core.verb:set package 'mp_controller' build argument 'ament_cmake_args' from command line to 'None'
[0.471s] Level 5:colcon.colcon_core.verb:set package 'mp_controller' build argument 'catkin_cmake_args' from command line to 'None'
[0.471s] Level 5:colcon.colcon_core.verb:set package 'mp_controller' build argument 'catkin_skip_building_tests' from command line to 'False'
[0.471s] DEBUG:colcon.colcon_core.verb:Building package 'mp_controller' with the following arguments: {'ament_cmake_args': None, 'build_base': '/home/aravind/mp_ws/build/mp_controller', 'catkin_cmake_args': None, 'catkin_skip_building_tests': False, 'cmake_args': None, 'cmake_clean_cache': False, 'cmake_clean_first': False, 'cmake_force_configure': False, 'cmake_target': None, 'cmake_target_skip_unavailable': False, 'install_base': '/home/aravind/mp_ws/install/mp_controller', 'merge_install': False, 'path': '/home/aravind/mp_ws/src/mp_controller', 'symlink_install': False, 'test_result_base': None}
[0.471s] Level 5:colcon.colcon_core.verb:set package 'mp_description' build argument 'cmake_args' from command line to 'None'
[0.471s] Level 5:colcon.colcon_core.verb:set package 'mp_description' build argument 'cmake_target' from command line to 'None'
[0.471s] Level 5:colcon.colcon_core.verb:set package 'mp_description' build argument 'cmake_target_skip_unavailable' from command line to 'False'
[0.471s] Level 5:colcon.colcon_core.verb:set package 'mp_description' build argument 'cmake_clean_cache' from command line to 'False'
[0.471s] Level 5:colcon.colcon_core.verb:set package 'mp_description' build argument 'cmake_clean_first' from command line to 'False'
[0.471s] Level 5:colcon.colcon_core.verb:set package 'mp_description' build argument 'cmake_force_configure' from command line to 'False'
[0.471s] Level 5:colcon.colcon_core.verb:set package 'mp_description' build argument 'ament_cmake_args' from command line to 'None'
[0.471s] Level 5:colcon.colcon_core.verb:set package 'mp_description' build argument 'catkin_cmake_args' from command line to 'None'
[0.471s] Level 5:colcon.colcon_core.verb:set package 'mp_description' build argument 'catkin_skip_building_tests' from command line to 'False'
[0.471s] DEBUG:colcon.colcon_core.verb:Building package 'mp_description' with the following arguments: {'ament_cmake_args': None, 'build_base': '/home/aravind/mp_ws/build/mp_description', 'catkin_cmake_args': None, 'catkin_skip_building_tests': False, 'cmake_args': None, 'cmake_clean_cache': False, 'cmake_clean_first': False, 'cmake_force_configure': False, 'cmake_target': None, 'cmake_target_skip_unavailable': False, 'install_base': '/home/aravind/mp_ws/install/mp_description', 'merge_install': False, 'path': '/home/aravind/mp_ws/src/mp_description', 'symlink_install': False, 'test_result_base': None}
[0.471s] Level 5:colcon.colcon_core.verb:set package 'mp_moveit' build argument 'cmake_args' from command line to 'None'
[0.471s] Level 5:colcon.colcon_core.verb:set package 'mp_moveit' build argument 'cmake_target' from command line to 'None'
[0.471s] Level 5:colcon.colcon_core.verb:set package 'mp_moveit' build argument 'cmake_target_skip_unavailable' from command line to 'False'
[0.472s] Level 5:colcon.colcon_core.verb:set package 'mp_moveit' build argument 'cmake_clean_cache' from command line to 'False'
[0.472s] Level 5:colcon.colcon_core.verb:set package 'mp_moveit' build argument 'cmake_clean_first' from command line to 'False'
[0.472s] Level 5:colcon.colcon_core.verb:set package 'mp_moveit' build argument 'cmake_force_configure' from command line to 'False'
[0.472s] Level 5:colcon.colcon_core.verb:set package 'mp_moveit' build argument 'ament_cmake_args' from command line to 'None'
[0.472s] Level 5:colcon.colcon_core.verb:set package 'mp_moveit' build argument 'catkin_cmake_args' from command line to 'None'
[0.472s] Level 5:colcon.colcon_core.verb:set package 'mp_moveit' build argument 'catkin_skip_building_tests' from command line to 'False'
[0.472s] DEBUG:colcon.colcon_core.verb:Building package 'mp_moveit' with the following arguments: {'ament_cmake_args': None, 'build_base': '/home/aravind/mp_ws/build/mp_moveit', 'catkin_cmake_args': None, 'catkin_skip_building_tests': False, 'cmake_args': None, 'cmake_clean_cache': False, 'cmake_clean_first': False, 'cmake_force_configure': False, 'cmake_target': None, 'cmake_target_skip_unavailable': False, 'install_base': '/home/aravind/mp_ws/install/mp_moveit', 'merge_install': False, 'path': '/home/aravind/mp_ws/src/mp_moveit', 'symlink_install': False, 'test_result_base': None}
[0.472s] Level 5:colcon.colcon_core.verb:set package 'mp_msgs' build argument 'cmake_args' from command line to 'None'
[0.472s] Level 5:colcon.colcon_core.verb:set package 'mp_msgs' build argument 'cmake_target' from command line to 'None'
[0.472s] Level 5:colcon.colcon_core.verb:set package 'mp_msgs' build argument 'cmake_target_skip_unavailable' from command line to 'False'
[0.472s] Level 5:colcon.colcon_core.verb:set package 'mp_msgs' build argument 'cmake_clean_cache' from command line to 'False'
[0.472s] Level 5:colcon.colcon_core.verb:set package 'mp_msgs' build argument 'cmake_clean_first' from command line to 'False'
[0.472s] Level 5:colcon.colcon_core.verb:set package 'mp_msgs' build argument 'cmake_force_configure' from command line to 'False'
[0.472s] Level 5:colcon.colcon_core.verb:set package 'mp_msgs' build argument 'ament_cmake_args' from command line to 'None'
[0.472s] Level 5:colcon.colcon_core.verb:set package 'mp_msgs' build argument 'catkin_cmake_args' from command line to 'None'
[0.472s] Level 5:colcon.colcon_core.verb:set package 'mp_msgs' build argument 'catkin_skip_building_tests' from command line to 'False'
[0.472s] DEBUG:colcon.colcon_core.verb:Building package 'mp_msgs' with the following arguments: {'ament_cmake_args': None, 'build_base': '/home/aravind/mp_ws/build/mp_msgs', 'catkin_cmake_args': None, 'catkin_skip_building_tests': False, 'cmake_args': None, 'cmake_clean_cache': False, 'cmake_clean_first': False, 'cmake_force_configure': False, 'cmake_target': None, 'cmake_target_skip_unavailable': False, 'install_base': '/home/aravind/mp_ws/install/mp_msgs', 'merge_install': False, 'path': '/home/aravind/mp_ws/src/mp_msgs', 'symlink_install': False, 'test_result_base': None}
[0.472s] Level 5:colcon.colcon_core.verb:set package 'mp_utils' build argument 'cmake_args' from command line to 'None'
[0.472s] Level 5:colcon.colcon_core.verb:set package 'mp_utils' build argument 'cmake_target' from command line to 'None'
[0.472s] Level 5:colcon.colcon_core.verb:set package 'mp_utils' build argument 'cmake_target_skip_unavailable' from command line to 'False'
[0.472s] Level 5:colcon.colcon_core.verb:set package 'mp_utils' build argument 'cmake_clean_cache' from command line to 'False'
[0.472s] Level 5:colcon.colcon_core.verb:set package 'mp_utils' build argument 'cmake_clean_first' from command line to 'False'
[0.472s] Level 5:colcon.colcon_core.verb:set package 'mp_utils' build argument 'cmake_force_configure' from command line to 'False'
[0.472s] Level 5:colcon.colcon_core.verb:set package 'mp_utils' build argument 'ament_cmake_args' from command line to 'None'
[0.472s] Level 5:colcon.colcon_core.verb:set package 'mp_utils' build argument 'catkin_cmake_args' from command line to 'None'
[0.472s] Level 5:colcon.colcon_core.verb:set package 'mp_utils' build argument 'catkin_skip_building_tests' from command line to 'False'
[0.472s] DEBUG:colcon.colcon_core.verb:Building package 'mp_utils' with the following arguments: {'ament_cmake_args': None, 'build_base': '/home/aravind/mp_ws/build/mp_utils', 'catkin_cmake_args': None, 'catkin_skip_building_tests': False, 'cmake_args': None, 'cmake_clean_cache': False, 'cmake_clean_first': False, 'cmake_force_configure': False, 'cmake_target': None, 'cmake_target_skip_unavailable': False, 'install_base': '/home/aravind/mp_ws/install/mp_utils', 'merge_install': False, 'path': '/home/aravind/mp_ws/src/mp_utils', 'symlink_install': False, 'test_result_base': None}
[0.472s] INFO:colcon.colcon_core.executor:Executing jobs using 'parallel' executor
[0.474s] DEBUG:colcon.colcon_parallel_executor.executor.parallel:run_until_complete
[0.474s] INFO:colcon.colcon_ros.task.ament_cmake.build:Building ROS package in '/home/aravind/mp_ws/src/mp_msgs' with build type 'ament_cmake'
[0.474s] INFO:colcon.colcon_cmake.task.cmake.build:Building CMake package in '/home/aravind/mp_ws/src/mp_msgs'
[0.479s] INFO:colcon.colcon_core.plugin_system:Skipping extension 'colcon_core.shell.bat': Not used on non-Windows systems
[0.480s] INFO:colcon.colcon_core.shell:Skip shell extension 'powershell' for command environment: Not usable outside of PowerShell
[0.480s] DEBUG:colcon.colcon_core.shell:Skip shell extension 'dsv' for command environment
[0.485s] INFO:colcon.colcon_ros.task.ament_cmake.build:Building ROS package in '/home/aravind/mp_ws/src/mp_controller' with build type 'ament_cmake'
[0.485s] INFO:colcon.colcon_cmake.task.cmake.build:Building CMake package in '/home/aravind/mp_ws/src/mp_controller'
[0.486s] INFO:colcon.colcon_core.shell:Skip shell extension 'powershell' for command environment: Not usable outside of PowerShell
[0.486s] DEBUG:colcon.colcon_core.shell:Skip shell extension 'dsv' for command environment
[0.489s] INFO:colcon.colcon_ros.task.ament_cmake.build:Building ROS package in '/home/aravind/mp_ws/src/mp_description' with build type 'ament_cmake'
[0.489s] INFO:colcon.colcon_cmake.task.cmake.build:Building CMake package in '/home/aravind/mp_ws/src/mp_description'
[0.489s] INFO:colcon.colcon_core.shell:Skip shell extension 'powershell' for command environment: Not usable outside of PowerShell
[0.490s] DEBUG:colcon.colcon_core.shell:Skip shell extension 'dsv' for command environment
[0.493s] INFO:colcon.colcon_ros.task.ament_cmake.build:Building ROS package in '/home/aravind/mp_ws/src/mp_moveit' with build type 'ament_cmake'
[0.493s] INFO:colcon.colcon_cmake.task.cmake.build:Building CMake package in '/home/aravind/mp_ws/src/mp_moveit'
[0.494s] INFO:colcon.colcon_core.shell:Skip shell extension 'powershell' for command environment: Not usable outside of PowerShell
[0.494s] DEBUG:colcon.colcon_core.shell:Skip shell extension 'dsv' for command environment
[0.512s] DEBUG:colcon.colcon_core.event_handler.log_command:Invoking command in '/home/aravind/mp_ws/build/mp_msgs': CMAKE_PREFIX_PATH=/opt/ros/humble /usr/bin/cmake --build /home/aravind/mp_ws/build/mp_msgs -- -j12 -l12
[0.519s] DEBUG:colcon.colcon_core.event_handler.log_command:Invoking command in '/home/aravind/mp_ws/build/mp_controller': CMAKE_PREFIX_PATH=/opt/ros/humble /usr/bin/cmake --build /home/aravind/mp_ws/build/mp_controller -- -j12 -l12
[0.525s] DEBUG:colcon.colcon_core.event_handler.log_command:Invoking command in '/home/aravind/mp_ws/build/mp_description': CMAKE_PREFIX_PATH=/opt/ros/humble /usr/bin/cmake --build /home/aravind/mp_ws/build/mp_description -- -j12 -l12
[0.536s] DEBUG:colcon.colcon_core.event_handler.log_command:Invoking command in '/home/aravind/mp_ws/build/mp_moveit': CMAKE_PREFIX_PATH=/opt/ros/humble /usr/bin/cmake /home/aravind/mp_ws/src/mp_moveit -DCMAKE_INSTALL_PREFIX=/home/aravind/mp_ws/install/mp_moveit
[0.595s] DEBUG:colcon.colcon_core.event_handler.log_command:Invoked command in '/home/aravind/mp_ws/build/mp_controller' returned '0': CMAKE_PREFIX_PATH=/opt/ros/humble /usr/bin/cmake --build /home/aravind/mp_ws/build/mp_controller -- -j12 -l12
[0.616s] DEBUG:colcon.colcon_core.event_handler.log_command:Invoking command in '/home/aravind/mp_ws/build/mp_controller': CMAKE_PREFIX_PATH=/opt/ros/humble /usr/bin/cmake --install /home/aravind/mp_ws/build/mp_controller
[0.623s] DEBUG:colcon.colcon_core.event_handler.log_command:Invoked command in '/home/aravind/mp_ws/build/mp_description' returned '0': CMAKE_PREFIX_PATH=/opt/ros/humble /usr/bin/cmake --build /home/aravind/mp_ws/build/mp_description -- -j12 -l12
[0.629s] DEBUG:colcon.colcon_core.event_handler.log_command:Invoking command in '/home/aravind/mp_ws/build/mp_description': CMAKE_PREFIX_PATH=/opt/ros/humble /usr/bin/cmake --install /home/aravind/mp_ws/build/mp_description
[0.637s] Level 1:colcon.colcon_core.environment:create_environment_scripts_only(mp_controller)
[0.645s] DEBUG:colcon.colcon_core.event_handler.log_command:Invoked command in '/home/aravind/mp_ws/build/mp_controller' returned '0': CMAKE_PREFIX_PATH=/opt/ros/humble /usr/bin/cmake --install /home/aravind/mp_ws/build/mp_controller
[0.672s] Level 1:colcon.colcon_core.environment:checking '/home/aravind/mp_ws/install/mp_controller' for CMake module files
[0.673s] Level 1:colcon.colcon_core.environment:checking '/home/aravind/mp_ws/install/mp_controller' for CMake config files
[0.673s] Level 1:colcon.colcon_core.shell:create_environment_hook('mp_controller', 'cmake_prefix_path')
[0.674s] INFO:colcon.colcon_core.shell:Creating environment hook '/home/aravind/mp_ws/install/mp_controller/share/mp_controller/hook/cmake_prefix_path.ps1'
[0.676s] INFO:colcon.colcon_core.shell:Creating environment descriptor '/home/aravind/mp_ws/install/mp_controller/share/mp_controller/hook/cmake_prefix_path.dsv'
[0.681s] INFO:colcon.colcon_core.shell:Creating environment hook '/home/aravind/mp_ws/install/mp_controller/share/mp_controller/hook/cmake_prefix_path.sh'
[0.685s] Level 1:colcon.colcon_core.environment:checking '/home/aravind/mp_ws/install/mp_controller/bin'
[0.686s] Level 1:colcon.colcon_core.environment:checking '/home/aravind/mp_ws/install/mp_controller/lib/pkgconfig/mp_controller.pc'
[0.686s] Level 1:colcon.colcon_core.environment:checking '/home/aravind/mp_ws/install/mp_controller/lib/python3.10/site-packages'
[0.687s] Level 1:colcon.colcon_core.environment:checking '/home/aravind/mp_ws/install/mp_controller/bin'
[0.689s] INFO:colcon.colcon_core.shell:Creating package script '/home/aravind/mp_ws/install/mp_controller/share/mp_controller/package.ps1'
[0.692s] INFO:colcon.colcon_core.shell:Creating package descriptor '/home/aravind/mp_ws/install/mp_controller/share/mp_controller/package.dsv'
[0.696s] INFO:colcon.colcon_core.shell:Creating package script '/home/aravind/mp_ws/install/mp_controller/share/mp_controller/package.sh'
[0.702s] INFO:colcon.colcon_core.shell:Creating package script '/home/aravind/mp_ws/install/mp_controller/share/mp_controller/package.bash'
[0.704s] INFO:colcon.colcon_core.shell:Creating package script '/home/aravind/mp_ws/install/mp_controller/share/mp_controller/package.zsh'
[0.706s] Level 1:colcon.colcon_core.environment:create_file_with_runtime_dependencies(/home/aravind/mp_ws/install/mp_controller/share/colcon-core/packages/mp_controller)
[0.708s] Level 1:colcon.colcon_core.environment:create_environment_scripts_only(mp_controller)
[0.709s] Level 1:colcon.colcon_core.environment:checking '/home/aravind/mp_ws/install/mp_controller' for CMake module files
[0.710s] Level 1:colcon.colcon_core.environment:checking '/home/aravind/mp_ws/install/mp_controller' for CMake config files
[0.711s] Level 1:colcon.colcon_core.shell:create_environment_hook('mp_controller', 'cmake_prefix_path')
[0.712s] INFO:colcon.colcon_core.shell:Creating environment hook '/home/aravind/mp_ws/install/mp_controller/share/mp_controller/hook/cmake_prefix_path.ps1'
[0.713s] INFO:colcon.colcon_core.shell:Creating environment descriptor '/home/aravind/mp_ws/install/mp_controller/share/mp_controller/hook/cmake_prefix_path.dsv'
[0.713s] INFO:colcon.colcon_core.shell:Creating environment hook '/home/aravind/mp_ws/install/mp_controller/share/mp_controller/hook/cmake_prefix_path.sh'
[0.714s] Level 1:colcon.colcon_core.environment:checking '/home/aravind/mp_ws/install/mp_controller/bin'
[0.714s] Level 1:colcon.colcon_core.environment:checking '/home/aravind/mp_ws/install/mp_controller/lib/pkgconfig/mp_controller.pc'
[0.715s] Level 1:colcon.colcon_core.environment:checking '/home/aravind/mp_ws/install/mp_controller/lib/python3.10/site-packages'
[0.715s] Level 1:colcon.colcon_core.environment:checking '/home/aravind/mp_ws/install/mp_controller/bin'
[0.716s] INFO:colcon.colcon_core.shell:Creating package script '/home/aravind/mp_ws/install/mp_controller/share/mp_controller/package.ps1'
[0.717s] INFO:colcon.colcon_core.shell:Creating package descriptor '/home/aravind/mp_ws/install/mp_controller/share/mp_controller/package.dsv'
[0.718s] INFO:colcon.colcon_core.shell:Creating package script '/home/aravind/mp_ws/install/mp_controller/share/mp_controller/package.sh'
[0.719s] INFO:colcon.colcon_core.shell:Creating package script '/home/aravind/mp_ws/install/mp_controller/share/mp_controller/package.bash'
[0.721s] INFO:colcon.colcon_core.shell:Creating package script '/home/aravind/mp_ws/install/mp_controller/share/mp_controller/package.zsh'
[0.722s] Level 1:colcon.colcon_core.environment:create_file_with_runtime_dependencies(/home/aravind/mp_ws/install/mp_controller/share/colcon-core/packages/mp_controller)
[0.732s] Level 1:colcon.colcon_core.environment:create_environment_scripts_only(mp_description)
[0.733s] Level 1:colcon.colcon_core.environment:checking '/home/aravind/mp_ws/install/mp_description' for CMake module files
[0.733s] DEBUG:colcon.colcon_core.event_handler.log_command:Invoked command in '/home/aravind/mp_ws/build/mp_description' returned '0': CMAKE_PREFIX_PATH=/opt/ros/humble /usr/bin/cmake --install /home/aravind/mp_ws/build/mp_description
[0.734s] Level 1:colcon.colcon_core.environment:checking '/home/aravind/mp_ws/install/mp_description' for CMake config files
[0.734s] Level 1:colcon.colcon_core.shell:create_environment_hook('mp_description', 'cmake_prefix_path')
[0.735s] INFO:colcon.colcon_core.shell:Creating environment hook '/home/aravind/mp_ws/install/mp_description/share/mp_description/hook/cmake_prefix_path.ps1'
[0.736s] INFO:colcon.colcon_core.shell:Creating environment descriptor '/home/aravind/mp_ws/install/mp_description/share/mp_description/hook/cmake_prefix_path.dsv'
[0.737s] INFO:colcon.colcon_core.shell:Creating environment hook '/home/aravind/mp_ws/install/mp_description/share/mp_description/hook/cmake_prefix_path.sh'
[0.738s] Level 1:colcon.colcon_core.environment:checking '/home/aravind/mp_ws/install/mp_description/bin'
[0.738s] Level 1:colcon.colcon_core.environment:checking '/home/aravind/mp_ws/install/mp_description/lib/pkgconfig/mp_description.pc'
[0.739s] Level 1:colcon.colcon_core.environment:checking '/home/aravind/mp_ws/install/mp_description/lib/python3.10/site-packages'
[0.739s] Level 1:colcon.colcon_core.environment:checking '/home/aravind/mp_ws/install/mp_description/bin'
[0.740s] INFO:colcon.colcon_core.shell:Creating package script '/home/aravind/mp_ws/install/mp_description/share/mp_description/package.ps1'
[0.742s] INFO:colcon.colcon_core.shell:Creating package descriptor '/home/aravind/mp_ws/install/mp_description/share/mp_description/package.dsv'
[0.742s] INFO:colcon.colcon_core.shell:Creating package script '/home/aravind/mp_ws/install/mp_description/share/mp_description/package.sh'
[0.742s] INFO:colcon.colcon_core.shell:Creating package script '/home/aravind/mp_ws/install/mp_description/share/mp_description/package.bash'
[0.743s] INFO:colcon.colcon_core.shell:Creating package script '/home/aravind/mp_ws/install/mp_description/share/mp_description/package.zsh'
[0.743s] Level 1:colcon.colcon_core.environment:create_file_with_runtime_dependencies(/home/aravind/mp_ws/install/mp_description/share/colcon-core/packages/mp_description)
[0.744s] Level 1:colcon.colcon_core.environment:create_environment_scripts_only(mp_description)
[0.745s] Level 1:colcon.colcon_core.environment:checking '/home/aravind/mp_ws/install/mp_description' for CMake module files
[0.745s] Level 1:colcon.colcon_core.environment:checking '/home/aravind/mp_ws/install/mp_description' for CMake config files
[0.746s] Level 1:colcon.colcon_core.shell:create_environment_hook('mp_description', 'cmake_prefix_path')
[0.747s] INFO:colcon.colcon_core.shell:Creating environment hook '/home/aravind/mp_ws/install/mp_description/share/mp_description/hook/cmake_prefix_path.ps1'
[0.748s] INFO:colcon.colcon_core.shell:Creating environment descriptor '/home/aravind/mp_ws/install/mp_description/share/mp_description/hook/cmake_prefix_path.dsv'
[0.748s] INFO:colcon.colcon_core.shell:Creating environment hook '/home/aravind/mp_ws/install/mp_description/share/mp_description/hook/cmake_prefix_path.sh'
[0.749s] Level 1:colcon.colcon_core.environment:checking '/home/aravind/mp_ws/install/mp_description/bin'
[0.749s] Level 1:colcon.colcon_core.environment:checking '/home/aravind/mp_ws/install/mp_description/lib/pkgconfig/mp_description.pc'
[0.749s] Level 1:colcon.colcon_core.environment:checking '/home/aravind/mp_ws/install/mp_description/lib/python3.10/site-packages'
[0.749s] Level 1:colcon.colcon_core.environment:checking '/home/aravind/mp_ws/install/mp_description/bin'
[0.750s] INFO:colcon.colcon_core.shell:Creating package script '/home/aravind/mp_ws/install/mp_description/share/mp_description/package.ps1'
[0.750s] INFO:colcon.colcon_core.shell:Creating package descriptor '/home/aravind/mp_ws/install/mp_description/share/mp_description/package.dsv'
[0.751s] INFO:colcon.colcon_core.shell:Creating package script '/home/aravind/mp_ws/install/mp_description/share/mp_description/package.sh'
[0.752s] INFO:colcon.colcon_core.shell:Creating package script '/home/aravind/mp_ws/install/mp_description/share/mp_description/package.bash'
[0.753s] INFO:colcon.colcon_core.shell:Creating package script '/home/aravind/mp_ws/install/mp_description/share/mp_description/package.zsh'
[0.754s] Level 1:colcon.colcon_core.environment:create_file_with_runtime_dependencies(/home/aravind/mp_ws/install/mp_description/share/colcon-core/packages/mp_description)
[1.159s] DEBUG:colcon.colcon_core.event_handler.log_command:Invoked command in '/home/aravind/mp_ws/build/mp_msgs' returned '0': CMAKE_PREFIX_PATH=/opt/ros/humble /usr/bin/cmake --build /home/aravind/mp_ws/build/mp_msgs -- -j12 -l12
[1.163s] DEBUG:colcon.colcon_core.event_handler.log_command:Invoking command in '/home/aravind/mp_ws/build/mp_msgs': CMAKE_PREFIX_PATH=/opt/ros/humble /usr/bin/cmake --install /home/aravind/mp_ws/build/mp_msgs
[1.248s] Level 1:colcon.colcon_core.environment:create_environment_scripts_only(mp_msgs)
[1.249s] Level 1:colcon.colcon_core.environment:checking '/home/aravind/mp_ws/install/mp_msgs' for CMake module files
[1.249s] DEBUG:colcon.colcon_core.event_handler.log_command:Invoked command in '/home/aravind/mp_ws/build/mp_msgs' returned '0': CMAKE_PREFIX_PATH=/opt/ros/humble /usr/bin/cmake --install /home/aravind/mp_ws/build/mp_msgs
[1.250s] Level 1:colcon.colcon_core.environment:checking '/home/aravind/mp_ws/install/mp_msgs' for CMake config files
[1.250s] Level 1:colcon.colcon_core.shell:create_environment_hook('mp_msgs', 'cmake_prefix_path')
[1.251s] INFO:colcon.colcon_core.shell:Creating environment hook '/home/aravind/mp_ws/install/mp_msgs/share/mp_msgs/hook/cmake_prefix_path.ps1'
[1.251s] INFO:colcon.colcon_core.shell:Creating environment descriptor '/home/aravind/mp_ws/install/mp_msgs/share/mp_msgs/hook/cmake_prefix_path.dsv'
[1.252s] INFO:colcon.colcon_core.shell:Creating environment hook '/home/aravind/mp_ws/install/mp_msgs/share/mp_msgs/hook/cmake_prefix_path.sh'
[1.254s] Level 1:colcon.colcon_core.environment:checking '/home/aravind/mp_ws/install/mp_msgs/lib'
[1.254s] Level 1:colcon.colcon_core.shell:create_environment_hook('mp_msgs', 'ld_library_path_lib')
[1.255s] INFO:colcon.colcon_core.shell:Creating environment hook '/home/aravind/mp_ws/install/mp_msgs/share/mp_msgs/hook/ld_library_path_lib.ps1'
[1.256s] INFO:colcon.colcon_core.shell:Creating environment descriptor '/home/aravind/mp_ws/install/mp_msgs/share/mp_msgs/hook/ld_library_path_lib.dsv'
[1.257s] INFO:colcon.colcon_core.shell:Creating environment hook '/home/aravind/mp_ws/install/mp_msgs/share/mp_msgs/hook/ld_library_path_lib.sh'
[1.258s] Level 1:colcon.colcon_core.environment:checking '/home/aravind/mp_ws/install/mp_msgs/bin'
[1.258s] Level 1:colcon.colcon_core.environment:checking '/home/aravind/mp_ws/install/mp_msgs/lib/pkgconfig/mp_msgs.pc'
[1.258s] Level 1:colcon.colcon_core.environment:checking '/home/aravind/mp_ws/install/mp_msgs/lib/python3.10/site-packages'
[1.259s] Level 1:colcon.colcon_core.environment:checking '/home/aravind/mp_ws/install/mp_msgs/bin'
[1.259s] INFO:colcon.colcon_core.shell:Creating package script '/home/aravind/mp_ws/install/mp_msgs/share/mp_msgs/package.ps1'
[1.260s] INFO:colcon.colcon_core.shell:Creating package descriptor '/home/aravind/mp_ws/install/mp_msgs/share/mp_msgs/package.dsv'
[1.261s] INFO:colcon.colcon_core.shell:Creating package script '/home/aravind/mp_ws/install/mp_msgs/share/mp_msgs/package.sh'
[1.262s] INFO:colcon.colcon_core.shell:Creating package script '/home/aravind/mp_ws/install/mp_msgs/share/mp_msgs/package.bash'
[1.262s] INFO:colcon.colcon_core.shell:Creating package script '/home/aravind/mp_ws/install/mp_msgs/share/mp_msgs/package.zsh'
[1.262s] Level 1:colcon.colcon_core.environment:create_file_with_runtime_dependencies(/home/aravind/mp_ws/install/mp_msgs/share/colcon-core/packages/mp_msgs)
[1.264s] Level 1:colcon.colcon_core.environment:create_environment_scripts_only(mp_msgs)
[1.264s] Level 1:colcon.colcon_core.environment:checking '/home/aravind/mp_ws/install/mp_msgs' for CMake module files
[1.265s] Level 1:colcon.colcon_core.environment:checking '/home/aravind/mp_ws/install/mp_msgs' for CMake config files
[1.266s] Level 1:colcon.colcon_core.shell:create_environment_hook('mp_msgs', 'cmake_prefix_path')
[1.266s] INFO:colcon.colcon_core.shell:Creating environment hook '/home/aravind/mp_ws/install/mp_msgs/share/mp_msgs/hook/cmake_prefix_path.ps1'
[1.267s] INFO:colcon.colcon_core.shell:Creating environment descriptor '/home/aravind/mp_ws/install/mp_msgs/share/mp_msgs/hook/cmake_prefix_path.dsv'
[1.268s] INFO:colcon.colcon_core.shell:Creating environment hook '/home/aravind/mp_ws/install/mp_msgs/share/mp_msgs/hook/cmake_prefix_path.sh'
[1.268s] Level 1:colcon.colcon_core.environment:checking '/home/aravind/mp_ws/install/mp_msgs/lib'
[1.268s] Level 1:colcon.colcon_core.shell:create_environment_hook('mp_msgs', 'ld_library_path_lib')
[1.269s] INFO:colcon.colcon_core.shell:Creating environment hook '/home/aravind/mp_ws/install/mp_msgs/share/mp_msgs/hook/ld_library_path_lib.ps1'
[1.269s] INFO:colcon.colcon_core.shell:Creating environment descriptor '/home/aravind/mp_ws/install/mp_msgs/share/mp_msgs/hook/ld_library_path_lib.dsv'
[1.269s] INFO:colcon.colcon_core.shell:Creating environment hook '/home/aravind/mp_ws/install/mp_msgs/share/mp_msgs/hook/ld_library_path_lib.sh'
[1.270s] Level 1:colcon.colcon_core.environment:checking '/home/aravind/mp_ws/install/mp_msgs/bin'
[1.270s] Level 1:colcon.colcon_core.environment:checking '/home/aravind/mp_ws/install/mp_msgs/lib/pkgconfig/mp_msgs.pc'
[1.270s] Level 1:colcon.colcon_core.environment:checking '/home/aravind/mp_ws/install/mp_msgs/lib/python3.10/site-packages'
[1.270s] Level 1:colcon.colcon_core.environment:checking '/home/aravind/mp_ws/install/mp_msgs/bin'
[1.271s] INFO:colcon.colcon_core.shell:Creating package script '/home/aravind/mp_ws/install/mp_msgs/share/mp_msgs/package.ps1'
[1.271s] INFO:colcon.colcon_core.shell:Creating package descriptor '/home/aravind/mp_ws/install/mp_msgs/share/mp_msgs/package.dsv'
[1.272s] INFO:colcon.colcon_core.shell:Creating package script '/home/aravind/mp_ws/install/mp_msgs/share/mp_msgs/package.sh'
[1.272s] INFO:colcon.colcon_core.shell:Creating package script '/home/aravind/mp_ws/install/mp_msgs/share/mp_msgs/package.bash'
[1.272s] INFO:colcon.colcon_core.shell:Creating package script '/home/aravind/mp_ws/install/mp_msgs/share/mp_msgs/package.zsh'
[1.273s] Level 1:colcon.colcon_core.environment:create_file_with_runtime_dependencies(/home/aravind/mp_ws/install/mp_msgs/share/colcon-core/packages/mp_msgs)
[1.273s] INFO:colcon.colcon_ros.task.ament_cmake.build:Building ROS package in '/home/aravind/mp_ws/src/mp_utils' with build type 'ament_cmake'
[1.273s] INFO:colcon.colcon_cmake.task.cmake.build:Building CMake package in '/home/aravind/mp_ws/src/mp_utils'
[1.273s] INFO:colcon.colcon_core.shell:Skip shell extension 'powershell' for command environment: Not usable outside of PowerShell
[1.273s] DEBUG:colcon.colcon_core.shell:Skip shell extension 'dsv' for command environment
[1.295s] DEBUG:colcon.colcon_core.event_handler.log_command:Invoking command in '/home/aravind/mp_ws/build/mp_utils': AMENT_PREFIX_PATH=/home/aravind/mp_ws/install/mp_msgs:${AMENT_PREFIX_PATH} CMAKE_PREFIX_PATH=/home/aravind/mp_ws/install/mp_msgs:/opt/ros/humble LD_LIBRARY_PATH=/home/aravind/mp_ws/install/mp_msgs/lib:${LD_LIBRARY_PATH} PYTHONPATH=/home/aravind/mp_ws/install/mp_msgs/local/lib/python3.10/dist-packages:${PYTHONPATH} /usr/bin/cmake --build /home/aravind/mp_ws/build/mp_utils -- -j12 -l12
[1.714s] DEBUG:colcon.colcon_core.event_handler.log_command:Invoked command in '/home/aravind/mp_ws/build/mp_moveit' returned '0': CMAKE_PREFIX_PATH=/opt/ros/humble /usr/bin/cmake /home/aravind/mp_ws/src/mp_moveit -DCMAKE_INSTALL_PREFIX=/home/aravind/mp_ws/install/mp_moveit
[1.718s] DEBUG:colcon.colcon_core.event_handler.log_command:Invoking command in '/home/aravind/mp_ws/build/mp_moveit': CMAKE_PREFIX_PATH=/opt/ros/humble /usr/bin/cmake --build /home/aravind/mp_ws/build/mp_moveit -- -j12 -l12
[1.778s] DEBUG:colcon.colcon_core.event_handler.log_command:Invoked command in '/home/aravind/mp_ws/build/mp_moveit' returned '0': CMAKE_PREFIX_PATH=/opt/ros/humble /usr/bin/cmake --build /home/aravind/mp_ws/build/mp_moveit -- -j12 -l12
[1.780s] DEBUG:colcon.colcon_core.event_handler.log_command:Invoking command in '/home/aravind/mp_ws/build/mp_moveit': CMAKE_PREFIX_PATH=/opt/ros/humble /usr/bin/cmake --install /home/aravind/mp_ws/build/mp_moveit
[1.795s] Level 1:colcon.colcon_core.environment:create_environment_scripts_only(mp_moveit)
[1.795s] DEBUG:colcon.colcon_core.event_handler.log_command:Invoked command in '/home/aravind/mp_ws/build/mp_moveit' returned '0': CMAKE_PREFIX_PATH=/opt/ros/humble /usr/bin/cmake --install /home/aravind/mp_ws/build/mp_moveit
[1.796s] Level 1:colcon.colcon_core.environment:checking '/home/aravind/mp_ws/install/mp_moveit' for CMake module files
[1.798s] Level 1:colcon.colcon_core.environment:checking '/home/aravind/mp_ws/install/mp_moveit' for CMake config files
[1.798s] Level 1:colcon.colcon_core.shell:create_environment_hook('mp_moveit', 'cmake_prefix_path')
[1.798s] INFO:colcon.colcon_core.shell:Creating environment hook '/home/aravind/mp_ws/install/mp_moveit/share/mp_moveit/hook/cmake_prefix_path.ps1'
[1.799s] INFO:colcon.colcon_core.shell:Creating environment descriptor '/home/aravind/mp_ws/install/mp_moveit/share/mp_moveit/hook/cmake_prefix_path.dsv'
[1.799s] INFO:colcon.colcon_core.shell:Creating environment hook '/home/aravind/mp_ws/install/mp_moveit/share/mp_moveit/hook/cmake_prefix_path.sh'
[1.800s] Level 1:colcon.colcon_core.environment:checking '/home/aravind/mp_ws/install/mp_moveit/bin'
[1.800s] Level 1:colcon.colcon_core.environment:checking '/home/aravind/mp_ws/install/mp_moveit/lib/pkgconfig/mp_moveit.pc'
[1.800s] Level 1:colcon.colcon_core.environment:checking '/home/aravind/mp_ws/install/mp_moveit/lib/python3.10/site-packages'
[1.801s] Level 1:colcon.colcon_core.environment:checking '/home/aravind/mp_ws/install/mp_moveit/bin'
[1.801s] INFO:colcon.colcon_core.shell:Creating package script '/home/aravind/mp_ws/install/mp_moveit/share/mp_moveit/package.ps1'
[1.802s] INFO:colcon.colcon_core.shell:Creating package descriptor '/home/aravind/mp_ws/install/mp_moveit/share/mp_moveit/package.dsv'
[1.802s] INFO:colcon.colcon_core.shell:Creating package script '/home/aravind/mp_ws/install/mp_moveit/share/mp_moveit/package.sh'
[1.803s] INFO:colcon.colcon_core.shell:Creating package script '/home/aravind/mp_ws/install/mp_moveit/share/mp_moveit/package.bash'
[1.803s] INFO:colcon.colcon_core.shell:Creating package script '/home/aravind/mp_ws/install/mp_moveit/share/mp_moveit/package.zsh'
[1.804s] Level 1:colcon.colcon_core.environment:create_file_with_runtime_dependencies(/home/aravind/mp_ws/install/mp_moveit/share/colcon-core/packages/mp_moveit)
[1.804s] Level 1:colcon.colcon_core.environment:create_environment_scripts_only(mp_moveit)
[1.804s] Level 1:colcon.colcon_core.environment:checking '/home/aravind/mp_ws/install/mp_moveit' for CMake module files
[1.804s] Level 1:colcon.colcon_core.environment:checking '/home/aravind/mp_ws/install/mp_moveit' for CMake config files
[1.805s] Level 1:colcon.colcon_core.shell:create_environment_hook('mp_moveit', 'cmake_prefix_path')
[1.805s] INFO:colcon.colcon_core.shell:Creating environment hook '/home/aravind/mp_ws/install/mp_moveit/share/mp_moveit/hook/cmake_prefix_path.ps1'
[1.805s] INFO:colcon.colcon_core.shell:Creating environment descriptor '/home/aravind/mp_ws/install/mp_moveit/share/mp_moveit/hook/cmake_prefix_path.dsv'
[1.805s] INFO:colcon.colcon_core.shell:Creating environment hook '/home/aravind/mp_ws/install/mp_moveit/share/mp_moveit/hook/cmake_prefix_path.sh'
[1.806s] Level 1:colcon.colcon_core.environment:checking '/home/aravind/mp_ws/install/mp_moveit/bin'
[1.806s] Level 1:colcon.colcon_core.environment:checking '/home/aravind/mp_ws/install/mp_moveit/lib/pkgconfig/mp_moveit.pc'
[1.806s] Level 1:colcon.colcon_core.environment:checking '/home/aravind/mp_ws/install/mp_moveit/lib/python3.10/site-packages'
[1.807s] Level 1:colcon.colcon_core.environment:checking '/home/aravind/mp_ws/install/mp_moveit/bin'
[1.807s] INFO:colcon.colcon_core.shell:Creating package script '/home/aravind/mp_ws/install/mp_moveit/share/mp_moveit/package.ps1'
[1.808s] INFO:colcon.colcon_core.shell:Creating package descriptor '/home/aravind/mp_ws/install/mp_moveit/share/mp_moveit/package.dsv'
[1.809s] INFO:colcon.colcon_core.shell:Creating package script '/home/aravind/mp_ws/install/mp_moveit/share/mp_moveit/package.sh'
[1.810s] INFO:colcon.colcon_core.shell:Creating package script '/home/aravind/mp_ws/install/mp_moveit/share/mp_moveit/package.bash'
[1.810s] INFO:colcon.colcon_core.shell:Creating package script '/home/aravind/mp_ws/install/mp_moveit/share/mp_moveit/package.zsh'
[1.811s] Level 1:colcon.colcon_core.environment:create_file_with_runtime_dependencies(/home/aravind/mp_ws/install/mp_moveit/share/colcon-core/packages/mp_moveit)
[1.814s] DEBUG:colcon.colcon_core.event_handler.log_command:Invoked command in '/home/aravind/mp_ws/build/mp_utils' returned '0': AMENT_PREFIX_PATH=/home/aravind/mp_ws/install/mp_msgs:${AMENT_PREFIX_PATH} CMAKE_PREFIX_PATH=/home/aravind/mp_ws/install/mp_msgs:/opt/ros/humble LD_LIBRARY_PATH=/home/aravind/mp_ws/install/mp_msgs/lib:${LD_LIBRARY_PATH} PYTHONPATH=/home/aravind/mp_ws/install/mp_msgs/local/lib/python3.10/dist-packages:${PYTHONPATH} /usr/bin/cmake --build /home/aravind/mp_ws/build/mp_utils -- -j12 -l12
[1.817s] DEBUG:colcon.colcon_core.event_handler.log_command:Invoking command in '/home/aravind/mp_ws/build/mp_utils': AMENT_PREFIX_PATH=/home/aravind/mp_ws/install/mp_msgs:${AMENT_PREFIX_PATH} CMAKE_PREFIX_PATH=/home/aravind/mp_ws/install/mp_msgs:/opt/ros/humble LD_LIBRARY_PATH=/home/aravind/mp_ws/install/mp_msgs/lib:${LD_LIBRARY_PATH} PYTHONPATH=/home/aravind/mp_ws/install/mp_msgs/local/lib/python3.10/dist-packages:${PYTHONPATH} /usr/bin/cmake --install /home/aravind/mp_ws/build/mp_utils
[1.883s] Level 1:colcon.colcon_core.environment:create_environment_scripts_only(mp_utils)
[1.884s] Level 1:colcon.colcon_core.environment:checking '/home/aravind/mp_ws/install/mp_utils' for CMake module files
[1.884s] DEBUG:colcon.colcon_core.event_handler.log_command:Invoked command in '/home/aravind/mp_ws/build/mp_utils' returned '0': AMENT_PREFIX_PATH=/home/aravind/mp_ws/install/mp_msgs:${AMENT_PREFIX_PATH} CMAKE_PREFIX_PATH=/home/aravind/mp_ws/install/mp_msgs:/opt/ros/humble LD_LIBRARY_PATH=/home/aravind/mp_ws/install/mp_msgs/lib:${LD_LIBRARY_PATH} PYTHONPATH=/home/aravind/mp_ws/install/mp_msgs/local/lib/python3.10/dist-packages:${PYTHONPATH} /usr/bin/cmake --install /home/aravind/mp_ws/build/mp_utils
[1.884s] Level 1:colcon.colcon_core.environment:checking '/home/aravind/mp_ws/install/mp_utils' for CMake config files
[1.885s] Level 1:colcon.colcon_core.shell:create_environment_hook('mp_utils', 'cmake_prefix_path')
[1.885s] INFO:colcon.colcon_core.shell:Creating environment hook '/home/aravind/mp_ws/install/mp_utils/share/mp_utils/hook/cmake_prefix_path.ps1'
[1.885s] INFO:colcon.colcon_core.shell:Creating environment descriptor '/home/aravind/mp_ws/install/mp_utils/share/mp_utils/hook/cmake_prefix_path.dsv'
[1.886s] INFO:colcon.colcon_core.shell:Creating environment hook '/home/aravind/mp_ws/install/mp_utils/share/mp_utils/hook/cmake_prefix_path.sh'
[1.886s] Level 1:colcon.colcon_core.environment:checking '/home/aravind/mp_ws/install/mp_utils/lib'
[1.886s] Level 1:colcon.colcon_core.environment:checking '/home/aravind/mp_ws/install/mp_utils/bin'
[1.886s] Level 1:colcon.colcon_core.environment:checking '/home/aravind/mp_ws/install/mp_utils/lib/pkgconfig/mp_utils.pc'
[1.886s] Level 1:colcon.colcon_core.environment:checking '/home/aravind/mp_ws/install/mp_utils/lib/python3.10/site-packages'
[1.887s] Level 1:colcon.colcon_core.environment:checking '/home/aravind/mp_ws/install/mp_utils/bin'
[1.887s] INFO:colcon.colcon_core.shell:Creating package script '/home/aravind/mp_ws/install/mp_utils/share/mp_utils/package.ps1'
[1.887s] INFO:colcon.colcon_core.shell:Creating package descriptor '/home/aravind/mp_ws/install/mp_utils/share/mp_utils/package.dsv'
[1.887s] INFO:colcon.colcon_core.shell:Creating package script '/home/aravind/mp_ws/install/mp_utils/share/mp_utils/package.sh'
[1.888s] INFO:colcon.colcon_core.shell:Creating package script '/home/aravind/mp_ws/install/mp_utils/share/mp_utils/package.bash'
[1.888s] INFO:colcon.colcon_core.shell:Creating package script '/home/aravind/mp_ws/install/mp_utils/share/mp_utils/package.zsh'
[1.888s] Level 1:colcon.colcon_core.environment:create_file_with_runtime_dependencies(/home/aravind/mp_ws/install/mp_utils/share/colcon-core/packages/mp_utils)
[1.888s] Level 1:colcon.colcon_core.environment:create_environment_scripts_only(mp_utils)
[1.889s] Level 1:colcon.colcon_core.environment:checking '/home/aravind/mp_ws/install/mp_utils' for CMake module files
[1.889s] Level 1:colcon.colcon_core.environment:checking '/home/aravind/mp_ws/install/mp_utils' for CMake config files
[1.889s] Level 1:colcon.colcon_core.shell:create_environment_hook('mp_utils', 'cmake_prefix_path')
[1.890s] INFO:colcon.colcon_core.shell:Creating environment hook '/home/aravind/mp_ws/install/mp_utils/share/mp_utils/hook/cmake_prefix_path.ps1'
[1.891s] INFO:colcon.colcon_core.shell:Creating environment descriptor '/home/aravind/mp_ws/install/mp_utils/share/mp_utils/hook/cmake_prefix_path.dsv'
[1.891s] INFO:colcon.colcon_core.shell:Creating environment hook '/home/aravind/mp_ws/install/mp_utils/share/mp_utils/hook/cmake_prefix_path.sh'
[1.892s] Level 1:colcon.colcon_core.environment:checking '/home/aravind/mp_ws/install/mp_utils/lib'
[1.892s] Level 1:colcon.colcon_core.environment:checking '/home/aravind/mp_ws/install/mp_utils/bin'
[1.892s] Level 1:colcon.colcon_core.environment:checking '/home/aravind/mp_ws/install/mp_utils/lib/pkgconfig/mp_utils.pc'
[1.893s] Level 1:colcon.colcon_core.environment:checking '/home/aravind/mp_ws/install/mp_utils/lib/python3.10/site-packages'
[1.893s] Level 1:colcon.colcon_core.environment:checking '/home/aravind/mp_ws/install/mp_utils/bin'
[1.894s] INFO:colcon.colcon_core.shell:Creating package script '/home/aravind/mp_ws/install/mp_utils/share/mp_utils/package.ps1'
[1.894s] INFO:colcon.colcon_core.shell:Creating package descriptor '/home/aravind/mp_ws/install/mp_utils/share/mp_utils/package.dsv'
[1.895s] INFO:colcon.colcon_core.shell:Creating package script '/home/aravind/mp_ws/install/mp_utils/share/mp_utils/package.sh'
[1.896s] INFO:colcon.colcon_core.shell:Creating package script '/home/aravind/mp_ws/install/mp_utils/share/mp_utils/package.bash'
[1.897s] INFO:colcon.colcon_core.shell:Creating package script '/home/aravind/mp_ws/install/mp_utils/share/mp_utils/package.zsh'
[1.897s] Level 1:colcon.colcon_core.environment:create_file_with_runtime_dependencies(/home/aravind/mp_ws/install/mp_utils/share/colcon-core/packages/mp_utils)
[1.898s] DEBUG:colcon.colcon_parallel_executor.executor.parallel:closing loop
[1.898s] DEBUG:colcon.colcon_parallel_executor.executor.parallel:loop closed
[1.898s] DEBUG:colcon.colcon_parallel_executor.executor.parallel:run_until_complete finished with '0'
[1.898s] DEBUG:colcon.colcon_core.event_reactor:joining thread
[1.908s] INFO:colcon.colcon_core.plugin_system:Skipping extension 'colcon_notification.desktop_notification.terminal_notifier': Not used on non-Darwin systems
[1.908s] INFO:colcon.colcon_core.plugin_system:Skipping extension 'colcon_notification.desktop_notification.win32': Not used on non-Windows systems
[1.908s] INFO:colcon.colcon_notification.desktop_notification:Sending desktop notification using 'notify2'
[1.933s] DEBUG:colcon.colcon_core.event_reactor:joined thread
[1.934s] INFO:colcon.colcon_core.shell:Creating prefix script '/home/aravind/mp_ws/install/local_setup.ps1'
[1.935s] INFO:colcon.colcon_core.shell:Creating prefix util module '/home/aravind/mp_ws/install/_local_setup_util_ps1.py'
[1.936s] INFO:colcon.colcon_core.shell:Creating prefix chain script '/home/aravind/mp_ws/install/setup.ps1'
[1.937s] INFO:colcon.colcon_core.shell:Creating prefix script '/home/aravind/mp_ws/install/local_setup.sh'
[1.939s] INFO:colcon.colcon_core.shell:Creating prefix util module '/home/aravind/mp_ws/install/_local_setup_util_sh.py'
[1.940s] INFO:colcon.colcon_core.shell:Creating prefix chain script '/home/aravind/mp_ws/install/setup.sh'
[1.942s] INFO:colcon.colcon_core.shell:Creating prefix script '/home/aravind/mp_ws/install/local_setup.bash'
[1.942s] INFO:colcon.colcon_core.shell:Creating prefix chain script '/home/aravind/mp_ws/install/setup.bash'
[1.943s] INFO:colcon.colcon_core.shell:Creating prefix script '/home/aravind/mp_ws/install/local_setup.zsh'
[1.944s] INFO:colcon.colcon_core.shell:Creating prefix chain script '/home/aravind/mp_ws/install/setup.zsh'
